#
# There is insufficient memory for the Java Runtime Environment to continue.
# Native memory allocation (malloc) failed to allocate 1803376 bytes for Chunk::new
# Possible reasons:
#   The system is out of physical RAM or swap space
#   The process is running with CompressedOops enabled, and the Java Heap may be blocking the growth of the native heap
# Possible solutions:
#   Reduce memory load on the system
#   Increase physical memory or swap space
#   Check if swap backing store is full
#   Decrease Java heap size (-Xmx/-Xms)
#   Decrease number of Java threads
#   Decrease Java thread stack sizes (-Xss)
#   Set larger code cache with -XX:ReservedCodeCacheSize=
#   JVM is running with Unscaled Compressed Oops mode in which the Java heap is
#     placed in the first 4GB address space. The Java Heap base address is the
#     maximum limit for the native heap growth. Please use -XX:HeapBaseMinAddress
#     to set the Java Heap base and to place the Java Heap above 4GB virtual address.
# This output file may be truncated or incomplete.
#
#  Out of Memory Error (arena.cpp:189), pid=6092, tid=3720
#
# JRE version: Java(TM) SE Runtime Environment (17.0.5+9) (build 17.0.5+9-LTS-191)
# Java VM: Java HotSpot(TM) 64-Bit Server VM (17.0.5+9-LTS-191, mixed mode, sharing, tiered, compressed oops, compressed class ptrs, g1 gc, windows-amd64)
# No core dump will be written. Minidumps are not enabled by default on client versions of Windows
#

---------------  S U M M A R Y ------------

Command Line: --add-opens=java.base/java.util=ALL-UNNAMED --add-opens=java.base/java.lang=ALL-UNNAMED --add-opens=java.base/java.lang.invoke=ALL-UNNAMED --add-opens=java.base/java.util=ALL-UNNAMED --add-opens=java.prefs/java.util.prefs=ALL-UNNAMED --add-opens=java.prefs/java.util.prefs=ALL-UNNAMED --add-opens=java.base/java.nio.charset=ALL-UNNAMED --add-opens=java.base/java.net=ALL-UNNAMED --add-opens=java.base/java.util.concurrent.atomic=ALL-UNNAMED -Xmx2048m -Dfile.encoding=UTF-8 -Duser.country=US -Duser.language=en -Duser.variant org.gradle.launcher.daemon.bootstrap.GradleDaemon 7.3.3

Host: 12th Gen Intel(R) Core(TM) i5-12450H, 12 cores, 15G,  Windows 11 , 64 bit Build 22000 (10.0.22000.1219)
Time: Tue Dec 20 12:48:17 2022 Iran Standard Time elapsed time: 10.383905 seconds (0d 0h 0m 10s)

---------------  T H R E A D  ---------------

Current thread (0x00000259aa9c4710):  JavaThread "C2 CompilerThread0" daemon [_thread_in_native, id=3720, stack(0x000000973ae00000,0x000000973af00000)]


Current CompileTask:
C2:  10383 11784       4       com.android.ide.common.resources.NodeUtils::updateNamespace (161 bytes)

Stack: [0x000000973ae00000,0x000000973af00000]
Native frames: (J=compiled Java code, j=interpreted, Vv=VM code, C=native code)
V  [jvm.dll+0x672eea]
V  [jvm.dll+0x7d2a04]
V  [jvm.dll+0x7d41ae]
V  [jvm.dll+0x7d4813]
V  [jvm.dll+0x242c15]
V  [jvm.dll+0xaa57b]
V  [jvm.dll+0xaab0c]
V  [jvm.dll+0x35ff42]
V  [jvm.dll+0x32a631]
V  [jvm.dll+0x329ada]
V  [jvm.dll+0x215cc1]
V  [jvm.dll+0x2150e1]
V  [jvm.dll+0x1a18ed]
V  [jvm.dll+0x22493a]
V  [jvm.dll+0x222aa5]
V  [jvm.dll+0x7885db]
V  [jvm.dll+0x782b4a]
V  [jvm.dll+0x671d75]
C  [ucrtbase.dll+0x26c0c]
C  [KERNEL32.DLL+0x15550]
C  [ntdll.dll+0x485b]


---------------  P R O C E S S  ---------------

Threads class SMR info:
_java_thread_list=0x00000259b22bbaf0, length=193, elements={
0x000002598c362060, 0x00000259aa9a90d0, 0x00000259aa9a9a80, 0x00000259aa9c1c70,
0x00000259aa9c2620, 0x00000259aa9c2fd0, 0x00000259aa9c3980, 0x00000259aa9c4710,
0x00000259aa9c6c30, 0x00000259aa9d1290, 0x00000259ab52c4a0, 0x00000259ab530d90,
0x00000259abf0bda0, 0x00000259abf0c740, 0x00000259abf0d0e0, 0x00000259abf0cc10,
0x00000259abf0da80, 0x00000259abf0b400, 0x00000259abf0b8d0, 0x00000259ad4688e0,
0x00000259ad46aa90, 0x00000259ad466c00, 0x00000259ad467a70, 0x00000259ad468410,
0x00000259ad46c770, 0x00000259ad469750, 0x00000259ad46a5c0, 0x00000259b09b0fc0,
0x00000259b09b1960, 0x00000259b09b6660, 0x00000259b09b7000, 0x00000259b09b1e30,
0x00000259b09b44b0, 0x00000259b09af7b0, 0x00000259b09afc80, 0x00000259b09b3640,
0x00000259b09b27d0, 0x00000259b09b2ca0, 0x00000259b09b3fe0, 0x00000259b09b3b10,
0x00000259b09b4980, 0x00000259b09b57f0, 0x00000259b09b0620, 0x00000259b09b0af0,
0x00000259b09b3170, 0x00000259b09b4e50, 0x00000259b09b5320, 0x00000259b09b5cc0,
0x00000259b09b6b30, 0x00000259ad46cc40, 0x00000259ad46d110, 0x00000259ad4658c0,
0x00000259ad468db0, 0x00000259ad467f40, 0x00000259ad469280, 0x00000259ad465d90,
0x00000259ad46a0f0, 0x00000259ad46af60, 0x00000259ad466260, 0x00000259ad466730,
0x00000259ad4670d0, 0x00000259abf0d5b0, 0x00000259abf0a590, 0x00000259abf0a0c0,
0x00000259abf0aa60, 0x00000259abf0af30, 0x00000259b2143660, 0x00000259b213cc80,
0x00000259b2142320, 0x00000259b21427f0, 0x00000259b2142cc0, 0x00000259b2143b30,
0x00000259b21414b0, 0x00000259b2140640, 0x00000259b213e960, 0x00000259b2143190,
0x00000259b2144000, 0x00000259b213daf0, 0x00000259b213d150, 0x00000259b2140b10,
0x00000259b21444d0, 0x00000259b213f300, 0x00000259b2141980, 0x00000259b213d620,
0x00000259b213dfc0, 0x00000259b213e490, 0x00000259b213f7d0, 0x00000259b213ee30,
0x00000259b2141e50, 0x00000259b2140fe0, 0x00000259b213fca0, 0x00000259b2140170,
0x00000259aecd72c0, 0x00000259aecd1c20, 0x00000259aecd7790, 0x00000259aecd6920,
0x00000259aecd3900, 0x00000259aecd2a90, 0x00000259aecd4770, 0x00000259aecd3dd0,
0x00000259aecd8130, 0x00000259aecd8fa0, 0x00000259aecd42a0, 0x00000259aecd7c60,
0x00000259aecd55e0, 0x00000259aecd4c40, 0x00000259aecd1750, 0x00000259aecd5110,
0x00000259aecd6450, 0x00000259aecd3430, 0x00000259aecd8600, 0x00000259aecd20f0,
0x00000259aecd8ad0, 0x00000259aecd5ab0, 0x00000259aecd25c0, 0x00000259aecd2f60,
0x00000259aecd5f80, 0x00000259aecd6df0, 0x00000259accc1da0, 0x00000259accc00c0,
0x00000259accc2740, 0x00000259accbdf10, 0x00000259accc2c10, 0x00000259accbf250,
0x00000259accc2270, 0x00000259accbfbf0, 0x00000259accc3f50, 0x00000259accc18d0,
0x00000259accc4420, 0x00000259accbf720, 0x00000259accc4dc0, 0x00000259accc35b0,
0x00000259accc30e0, 0x00000259accbe3e0, 0x00000259accbe8b0, 0x00000259accbed80,
0x00000259accc0590, 0x00000259accc0a60, 0x00000259accc0f30, 0x00000259accc48f0,
0x00000259accc5290, 0x00000259accc3a80, 0x00000259accc1400, 0x00000259accbda40,
0x00000259b04671b0, 0x00000259b0462e50, 0x00000259b0463320, 0x00000259b04684f0,
0x00000259b04689c0, 0x00000259b0465000, 0x00000259b0469360, 0x00000259b04624b0,
0x00000259b04654d0, 0x00000259b04659a0, 0x00000259b0466340, 0x00000259b0465e70,
0x00000259b0469830, 0x00000259b0466810, 0x00000259b0467b50, 0x00000259b0466ce0,
0x00000259b0469d00, 0x00000259b0462980, 0x00000259b0468e90, 0x00000259b0467680,
0x00000259b04637f0, 0x00000259b0468020, 0x00000259b0463cc0, 0x00000259b0464190,
0x00000259b0a8e080, 0x00000259b0a8f3c0, 0x00000259b0a8ea20, 0x00000259b0a8bed0,
0x00000259b0a8eef0, 0x00000259b0a8c870, 0x00000259b0a8c3a0, 0x00000259b0a8e550,
0x00000259b0a8cd40, 0x00000259b0a8d210, 0x00000259b0a8dbb0, 0x00000259b0464b30,
0x00000259b19e1300, 0x00000259ad0a0f50, 0x00000259aeabd2a0, 0x00000259adf955f0,
0x00000259b19e17d0, 0x00000259aed78aa0, 0x00000259aed78f70, 0x00000259aed785d0,
0x00000259aed77760, 0x00000259aed77c30, 0x00000259acdca910, 0x00000259acdcb780,
0x00000259acdc95d0
}

Java Threads: ( => current thread )
  0x000002598c362060 JavaThread "main" [_thread_blocked, id=3556, stack(0x000000973a100000,0x000000973a200000)]
  0x00000259aa9a90d0 JavaThread "Reference Handler" daemon [_thread_blocked, id=18636, stack(0x000000973a800000,0x000000973a900000)]
  0x00000259aa9a9a80 JavaThread "Finalizer" daemon [_thread_blocked, id=18332, stack(0x000000973a900000,0x000000973aa00000)]
  0x00000259aa9c1c70 JavaThread "Signal Dispatcher" daemon [_thread_blocked, id=2528, stack(0x000000973aa00000,0x000000973ab00000)]
  0x00000259aa9c2620 JavaThread "Attach Listener" daemon [_thread_blocked, id=19936, stack(0x000000973ab00000,0x000000973ac00000)]
  0x00000259aa9c2fd0 JavaThread "Service Thread" daemon [_thread_blocked, id=12516, stack(0x000000973ac00000,0x000000973ad00000)]
  0x00000259aa9c3980 JavaThread "Monitor Deflation Thread" daemon [_thread_blocked, id=9416, stack(0x000000973ad00000,0x000000973ae00000)]
=>0x00000259aa9c4710 JavaThread "C2 CompilerThread0" daemon [_thread_in_native, id=3720, stack(0x000000973ae00000,0x000000973af00000)]
  0x00000259aa9c6c30 JavaThread "C1 CompilerThread0" daemon [_thread_in_vm, id=10940, stack(0x000000973af00000,0x000000973b000000)]
  0x00000259aa9d1290 JavaThread "Sweeper thread" daemon [_thread_blocked, id=1636, stack(0x000000973b000000,0x000000973b100000)]
  0x00000259ab52c4a0 JavaThread "Common-Cleaner" daemon [_thread_blocked, id=2372, stack(0x000000973b100000,0x000000973b200000)]
  0x00000259ab530d90 JavaThread "Notification Thread" daemon [_thread_blocked, id=14616, stack(0x000000973b200000,0x000000973b300000)]
  0x00000259abf0bda0 JavaThread "Daemon health stats" [_thread_blocked, id=4388, stack(0x000000973bb00000,0x000000973bc00000)]
  0x00000259abf0c740 JavaThread "Incoming local TCP Connector on port 60421" [_thread_in_native, id=11364, stack(0x000000973bc00000,0x000000973bd00000)]
  0x00000259abf0d0e0 JavaThread "Daemon periodic checks" [_thread_blocked, id=12452, stack(0x000000973bd00000,0x000000973be00000)]
  0x00000259abf0cc10 JavaThread "Daemon" [_thread_blocked, id=16020, stack(0x000000973be00000,0x000000973bf00000)]
  0x00000259abf0da80 JavaThread "Daemon worker" [_thread_blocked, id=4884, stack(0x000000973c100000,0x000000973c200000)]
  0x00000259abf0b400 JavaThread "Cache worker for journal cache (C:\Users\HADI\.gradle\caches\journal-1)" [_thread_blocked, id=15216, stack(0x000000973c500000,0x000000973c600000)]
  0x00000259abf0b8d0 JavaThread "File lock request listener" [_thread_in_native, id=4608, stack(0x000000973c600000,0x000000973c700000)]
  0x00000259ad4688e0 JavaThread "Cache worker for file hash cache (C:\Users\HADI\.gradle\caches\7.3.3\fileHashes)" [_thread_blocked, id=11544, stack(0x000000973c700000,0x000000973c800000)]
  0x00000259ad46aa90 JavaThread "File watcher server" daemon [_thread_in_native, id=2672, stack(0x000000973c900000,0x000000973ca00000)]
  0x00000259ad466c00 JavaThread "File watcher consumer" daemon [_thread_blocked, id=19012, stack(0x000000973ca00000,0x000000973cb00000)]
  0x00000259ad467a70 JavaThread "Cache worker for execution history cache (C:\Users\HADI\.gradle\caches\7.3.3\executionHistory)" [_thread_blocked, id=14516, stack(0x000000973d400000,0x000000973d500000)]
  0x00000259ad468410 JavaThread "jar transforms" [_thread_blocked, id=13052, stack(0x000000973d500000,0x000000973d600000)]
  0x00000259ad46c770 JavaThread "Cache worker for file content cache (C:\Users\HADI\.gradle\caches\7.3.3\fileContent)" [_thread_blocked, id=18500, stack(0x000000973d600000,0x000000973d700000)]
  0x00000259ad469750 JavaThread "jar transforms Thread 2" [_thread_blocked, id=15100, stack(0x000000973d700000,0x000000973d800000)]
  0x00000259ad46a5c0 JavaThread "jar transforms Thread 3" [_thread_blocked, id=12556, stack(0x000000973d900000,0x000000973da00000)]
  0x00000259b09b0fc0 JavaThread "jar transforms Thread 4" [_thread_blocked, id=1952, stack(0x0000009745300000,0x0000009745400000)]
  0x00000259b09b1960 JavaThread "jar transforms Thread 5" [_thread_blocked, id=5136, stack(0x0000009745400000,0x0000009745500000)]
  0x00000259b09b6660 JavaThread "jar transforms Thread 6" [_thread_blocked, id=12748, stack(0x0000009745500000,0x0000009745600000)]
  0x00000259b09b7000 JavaThread "jar transforms Thread 7" [_thread_blocked, id=19984, stack(0x0000009745600000,0x0000009745700000)]
  0x00000259b09b1e30 JavaThread "jar transforms Thread 8" [_thread_blocked, id=220, stack(0x0000009745700000,0x0000009745800000)]
  0x00000259b09b44b0 JavaThread "jar transforms Thread 9" [_thread_blocked, id=2168, stack(0x0000009745800000,0x0000009745900000)]
  0x00000259b09af7b0 JavaThread "jar transforms Thread 10" [_thread_blocked, id=19032, stack(0x0000009745900000,0x0000009745a00000)]
  0x00000259b09afc80 JavaThread "jar transforms Thread 11" [_thread_blocked, id=19688, stack(0x0000009745a00000,0x0000009745b00000)]
  0x00000259b09b3640 JavaThread "jar transforms Thread 12" [_thread_blocked, id=11980, stack(0x0000009745b00000,0x0000009745c00000)]
  0x00000259b09b27d0 JavaThread "Memory manager" [_thread_blocked, id=17148, stack(0x000000973ba00000,0x000000973bb00000)]
  0x00000259b09b2ca0 JavaThread "Handler for socket connection from /127.0.0.1:60421 to /127.0.0.1:60428" [_thread_in_native, id=20008, stack(0x000000973b400000,0x000000973b500000)]
  0x00000259b09b3fe0 JavaThread "Cancel handler" [_thread_blocked, id=14900, stack(0x000000973bf00000,0x000000973c000000)]
  0x00000259b09b3b10 JavaThread "Asynchronous log dispatcher for DefaultDaemonConnection: socket connection from /127.0.0.1:60421 to /127.0.0.1:60428" [_thread_blocked, id=18884, stack(0x000000973c000000,0x000000973c100000)]
  0x00000259b09b4980 JavaThread "Stdin handler" [_thread_blocked, id=7800, stack(0x000000973c200000,0x000000973c300000)]
  0x00000259b09b57f0 JavaThread "Daemon client event forwarder" [_thread_blocked, id=4420, stack(0x000000973c300000,0x000000973c400000)]
  0x00000259b09b0620 JavaThread "Cache worker for file hash cache (C:\Users\HADI\AndroidStudioProjects\News\.gradle\7.3.3\fileHashes)" [_thread_blocked, id=16768, stack(0x000000973c400000,0x000000973c500000)]
  0x00000259b09b0af0 JavaThread "Cache worker for checksums cache (C:\Users\HADI\AndroidStudioProjects\News\.gradle\7.3.3\checksums)" [_thread_blocked, id=9724, stack(0x000000973c800000,0x000000973c900000)]
  0x00000259b09b3170 JavaThread "Cache worker for cache directory md-supplier (C:\Users\HADI\.gradle\caches\7.3.3\md-supplier)" [_thread_blocked, id=2136, stack(0x000000973cb00000,0x000000973cc00000)]
  0x00000259b09b4e50 JavaThread "Cache worker for cache directory md-rule (C:\Users\HADI\.gradle\caches\7.3.3\md-rule)" [_thread_blocked, id=8792, stack(0x000000973cc00000,0x000000973cd00000)]
  0x00000259b09b5320 JavaThread "Cache worker for dependencies-accessors (C:\Users\HADI\AndroidStudioProjects\News\.gradle\7.3.3\dependencies-accessors)" [_thread_blocked, id=19552, stack(0x000000973cd00000,0x000000973ce00000)]
  0x00000259b09b5cc0 JavaThread "Cache worker for Build Output Cleanup Cache (C:\Users\HADI\AndroidStudioProjects\News\.gradle\buildOutputCleanup)" [_thread_blocked, id=17592, stack(0x000000973d800000,0x000000973d900000)]
  0x00000259b09b6b30 JavaThread "Unconstrained build operations" [_thread_blocked, id=6748, stack(0x000000973da00000,0x000000973db00000)]
  0x00000259ad46cc40 JavaThread "Unconstrained build operations Thread 2" [_thread_blocked, id=20432, stack(0x000000973db00000,0x000000973dc00000)]
  0x00000259ad46d110 JavaThread "Unconstrained build operations Thread 3" [_thread_blocked, id=18732, stack(0x000000973dc00000,0x000000973dd00000)]
  0x00000259ad4658c0 JavaThread "Unconstrained build operations Thread 4" [_thread_blocked, id=18572, stack(0x000000973dd00000,0x000000973de00000)]
  0x00000259ad468db0 JavaThread "Unconstrained build operations Thread 5" [_thread_blocked, id=1480, stack(0x000000973de00000,0x000000973df00000)]
  0x00000259ad467f40 JavaThread "Unconstrained build operations Thread 6" [_thread_blocked, id=9276, stack(0x000000973df00000,0x000000973e000000)]
  0x00000259ad469280 JavaThread "Unconstrained build operations Thread 7" [_thread_blocked, id=17756, stack(0x000000973e000000,0x000000973e100000)]
  0x00000259ad465d90 JavaThread "Unconstrained build operations Thread 8" [_thread_blocked, id=15860, stack(0x000000973e100000,0x000000973e200000)]
  0x00000259ad46a0f0 JavaThread "Unconstrained build operations Thread 9" [_thread_blocked, id=16088, stack(0x000000973e200000,0x000000973e300000)]
  0x00000259ad46af60 JavaThread "Unconstrained build operations Thread 10" [_thread_blocked, id=16496, stack(0x000000973e300000,0x000000973e400000)]
  0x00000259ad466260 JavaThread "Unconstrained build operations Thread 11" [_thread_blocked, id=16892, stack(0x000000973e400000,0x000000973e500000)]
  0x00000259ad466730 JavaThread "Unconstrained build operations Thread 12" [_thread_blocked, id=8616, stack(0x000000973e500000,0x000000973e600000)]
  0x00000259ad4670d0 JavaThread "Unconstrained build operations Thread 13" [_thread_blocked, id=16780, stack(0x000000973e600000,0x000000973e700000)]
  0x00000259abf0d5b0 JavaThread "Unconstrained build operations Thread 14" [_thread_blocked, id=19356, stack(0x000000973e700000,0x000000973e800000)]
  0x00000259abf0a590 JavaThread "Unconstrained build operations Thread 15" [_thread_blocked, id=20332, stack(0x000000973e800000,0x000000973e900000)]
  0x00000259abf0a0c0 JavaThread "Unconstrained build operations Thread 16" [_thread_blocked, id=8684, stack(0x000000973e900000,0x000000973ea00000)]
  0x00000259abf0aa60 JavaThread "Unconstrained build operations Thread 17" [_thread_blocked, id=14628, stack(0x000000973ea00000,0x000000973eb00000)]
  0x00000259abf0af30 JavaThread "Unconstrained build operations Thread 18" [_thread_blocked, id=15756, stack(0x000000973eb00000,0x000000973ec00000)]
  0x00000259b2143660 JavaThread "Unconstrained build operations Thread 19" [_thread_blocked, id=15844, stack(0x000000973ec00000,0x000000973ed00000)]
  0x00000259b213cc80 JavaThread "Unconstrained build operations Thread 20" [_thread_blocked, id=20316, stack(0x000000973ed00000,0x000000973ee00000)]
  0x00000259b2142320 JavaThread "Unconstrained build operations Thread 21" [_thread_blocked, id=500, stack(0x000000973ee00000,0x000000973ef00000)]
  0x00000259b21427f0 JavaThread "Unconstrained build operations Thread 22" [_thread_blocked, id=2100, stack(0x000000973ef00000,0x000000973f000000)]
  0x00000259b2142cc0 JavaThread "Unconstrained build operations Thread 23" [_thread_blocked, id=5944, stack(0x000000973f000000,0x000000973f100000)]
  0x00000259b2143b30 JavaThread "Unconstrained build operations Thread 24" [_thread_blocked, id=17136, stack(0x000000973f100000,0x000000973f200000)]
  0x00000259b21414b0 JavaThread "Unconstrained build operations Thread 25" [_thread_blocked, id=5548, stack(0x000000973f200000,0x000000973f300000)]
  0x00000259b2140640 JavaThread "Unconstrained build operations Thread 26" [_thread_blocked, id=11424, stack(0x000000973f300000,0x000000973f400000)]
  0x00000259b213e960 JavaThread "Unconstrained build operations Thread 27" [_thread_blocked, id=7380, stack(0x000000973f400000,0x000000973f500000)]
  0x00000259b2143190 JavaThread "Unconstrained build operations Thread 28" [_thread_blocked, id=5784, stack(0x000000973f500000,0x000000973f600000)]
  0x00000259b2144000 JavaThread "Unconstrained build operations Thread 29" [_thread_blocked, id=11784, stack(0x000000973f600000,0x000000973f700000)]
  0x00000259b213daf0 JavaThread "Unconstrained build operations Thread 30" [_thread_blocked, id=14492, stack(0x000000973f700000,0x000000973f800000)]
  0x00000259b213d150 JavaThread "Unconstrained build operations Thread 31" [_thread_blocked, id=16820, stack(0x000000973f800000,0x000000973f900000)]
  0x00000259b2140b10 JavaThread "Unconstrained build operations Thread 32" [_thread_blocked, id=5500, stack(0x000000973f900000,0x000000973fa00000)]
  0x00000259b21444d0 JavaThread "Unconstrained build operations Thread 33" [_thread_blocked, id=12424, stack(0x000000973fa00000,0x000000973fb00000)]
  0x00000259b213f300 JavaThread "Unconstrained build operations Thread 34" [_thread_blocked, id=17980, stack(0x000000973fb00000,0x000000973fc00000)]
  0x00000259b2141980 JavaThread "Unconstrained build operations Thread 35" [_thread_blocked, id=3840, stack(0x000000973fc00000,0x000000973fd00000)]
  0x00000259b213d620 JavaThread "Unconstrained build operations Thread 36" [_thread_blocked, id=20376, stack(0x000000973fd00000,0x000000973fe00000)]
  0x00000259b213dfc0 JavaThread "Unconstrained build operations Thread 37" [_thread_blocked, id=5328, stack(0x000000973fe00000,0x000000973ff00000)]
  0x00000259b213e490 JavaThread "Unconstrained build operations Thread 38" [_thread_blocked, id=972, stack(0x000000973ff00000,0x0000009740000000)]
  0x00000259b213f7d0 JavaThread "Unconstrained build operations Thread 39" [_thread_blocked, id=9332, stack(0x0000009740000000,0x0000009740100000)]
  0x00000259b213ee30 JavaThread "Unconstrained build operations Thread 40" [_thread_blocked, id=2608, stack(0x0000009740100000,0x0000009740200000)]
  0x00000259b2141e50 JavaThread "Unconstrained build operations Thread 41" [_thread_blocked, id=12128, stack(0x0000009740200000,0x0000009740300000)]
  0x00000259b2140fe0 JavaThread "Unconstrained build operations Thread 42" [_thread_blocked, id=2092, stack(0x0000009740300000,0x0000009740400000)]
  0x00000259b213fca0 JavaThread "Unconstrained build operations Thread 43" [_thread_blocked, id=13020, stack(0x0000009740400000,0x0000009740500000)]
  0x00000259b2140170 JavaThread "Unconstrained build operations Thread 44" [_thread_blocked, id=10496, stack(0x0000009740500000,0x0000009740600000)]
  0x00000259aecd72c0 JavaThread "Unconstrained build operations Thread 45" [_thread_blocked, id=8340, stack(0x0000009740600000,0x0000009740700000)]
  0x00000259aecd1c20 JavaThread "Unconstrained build operations Thread 46" [_thread_blocked, id=10208, stack(0x0000009740700000,0x0000009740800000)]
  0x00000259aecd7790 JavaThread "Unconstrained build operations Thread 47" [_thread_blocked, id=19940, stack(0x0000009740800000,0x0000009740900000)]
  0x00000259aecd6920 JavaThread "Unconstrained build operations Thread 48" [_thread_blocked, id=20012, stack(0x0000009740900000,0x0000009740a00000)]
  0x00000259aecd3900 JavaThread "Unconstrained build operations Thread 49" [_thread_blocked, id=20312, stack(0x0000009740a00000,0x0000009740b00000)]
  0x00000259aecd2a90 JavaThread "Unconstrained build operations Thread 50" [_thread_blocked, id=19096, stack(0x0000009740b00000,0x0000009740c00000)]
  0x00000259aecd4770 JavaThread "Unconstrained build operations Thread 51" [_thread_blocked, id=15684, stack(0x0000009740c00000,0x0000009740d00000)]
  0x00000259aecd3dd0 JavaThread "Unconstrained build operations Thread 52" [_thread_blocked, id=18336, stack(0x0000009740d00000,0x0000009740e00000)]
  0x00000259aecd8130 JavaThread "Unconstrained build operations Thread 53" [_thread_blocked, id=5824, stack(0x0000009740e00000,0x0000009740f00000)]
  0x00000259aecd8fa0 JavaThread "Unconstrained build operations Thread 54" [_thread_blocked, id=19888, stack(0x0000009740f00000,0x0000009741000000)]
  0x00000259aecd42a0 JavaThread "Unconstrained build operations Thread 55" [_thread_blocked, id=1484, stack(0x0000009741000000,0x0000009741100000)]
  0x00000259aecd7c60 JavaThread "Unconstrained build operations Thread 56" [_thread_blocked, id=19168, stack(0x0000009741100000,0x0000009741200000)]
  0x00000259aecd55e0 JavaThread "Unconstrained build operations Thread 57" [_thread_blocked, id=19188, stack(0x0000009741200000,0x0000009741300000)]
  0x00000259aecd4c40 JavaThread "Unconstrained build operations Thread 58" [_thread_blocked, id=9968, stack(0x0000009741300000,0x0000009741400000)]
  0x00000259aecd1750 JavaThread "Unconstrained build operations Thread 59" [_thread_blocked, id=19956, stack(0x0000009741400000,0x0000009741500000)]
  0x00000259aecd5110 JavaThread "Unconstrained build operations Thread 60" [_thread_blocked, id=13520, stack(0x0000009741500000,0x0000009741600000)]
  0x00000259aecd6450 JavaThread "Unconstrained build operations Thread 61" [_thread_blocked, id=10628, stack(0x0000009741600000,0x0000009741700000)]
  0x00000259aecd3430 JavaThread "Unconstrained build operations Thread 62" [_thread_blocked, id=19432, stack(0x0000009741700000,0x0000009741800000)]
  0x00000259aecd8600 JavaThread "Unconstrained build operations Thread 63" [_thread_blocked, id=14388, stack(0x0000009741800000,0x0000009741900000)]
  0x00000259aecd20f0 JavaThread "Unconstrained build operations Thread 64" [_thread_blocked, id=2812, stack(0x0000009741900000,0x0000009741a00000)]
  0x00000259aecd8ad0 JavaThread "Unconstrained build operations Thread 65" [_thread_blocked, id=17224, stack(0x0000009741a00000,0x0000009741b00000)]
  0x00000259aecd5ab0 JavaThread "Unconstrained build operations Thread 66" [_thread_blocked, id=16924, stack(0x0000009741b00000,0x0000009741c00000)]
  0x00000259aecd25c0 JavaThread "Unconstrained build operations Thread 67" [_thread_blocked, id=2780, stack(0x0000009741c00000,0x0000009741d00000)]
  0x00000259aecd2f60 JavaThread "Unconstrained build operations Thread 68" [_thread_blocked, id=11536, stack(0x0000009741d00000,0x0000009741e00000)]
  0x00000259aecd5f80 JavaThread "Unconstrained build operations Thread 69" [_thread_blocked, id=15876, stack(0x0000009741e00000,0x0000009741f00000)]
  0x00000259aecd6df0 JavaThread "Unconstrained build operations Thread 70" [_thread_blocked, id=14816, stack(0x0000009741f00000,0x0000009742000000)]
  0x00000259accc1da0 JavaThread "Unconstrained build operations Thread 71" [_thread_blocked, id=5952, stack(0x0000009742000000,0x0000009742100000)]
  0x00000259accc00c0 JavaThread "Unconstrained build operations Thread 72" [_thread_blocked, id=19384, stack(0x0000009742100000,0x0000009742200000)]
  0x00000259accc2740 JavaThread "Unconstrained build operations Thread 73" [_thread_blocked, id=4236, stack(0x0000009742200000,0x0000009742300000)]
  0x00000259accbdf10 JavaThread "Unconstrained build operations Thread 74" [_thread_blocked, id=15444, stack(0x0000009742300000,0x0000009742400000)]
  0x00000259accc2c10 JavaThread "Unconstrained build operations Thread 75" [_thread_blocked, id=18488, stack(0x0000009742400000,0x0000009742500000)]
  0x00000259accbf250 JavaThread "Unconstrained build operations Thread 76" [_thread_blocked, id=9960, stack(0x0000009742500000,0x0000009742600000)]
  0x00000259accc2270 JavaThread "Unconstrained build operations Thread 77" [_thread_blocked, id=8036, stack(0x0000009742600000,0x0000009742700000)]
  0x00000259accbfbf0 JavaThread "Unconstrained build operations Thread 78" [_thread_blocked, id=14812, stack(0x0000009742700000,0x0000009742800000)]
  0x00000259accc3f50 JavaThread "Unconstrained build operations Thread 79" [_thread_blocked, id=6960, stack(0x0000009742800000,0x0000009742900000)]
  0x00000259accc18d0 JavaThread "Unconstrained build operations Thread 80" [_thread_blocked, id=5068, stack(0x0000009742900000,0x0000009742a00000)]
  0x00000259accc4420 JavaThread "Unconstrained build operations Thread 81" [_thread_blocked, id=19636, stack(0x0000009742a00000,0x0000009742b00000)]
  0x00000259accbf720 JavaThread "Unconstrained build operations Thread 82" [_thread_blocked, id=20196, stack(0x0000009742b00000,0x0000009742c00000)]
  0x00000259accc4dc0 JavaThread "Unconstrained build operations Thread 83" [_thread_blocked, id=14612, stack(0x0000009742c00000,0x0000009742d00000)]
  0x00000259accc35b0 JavaThread "Unconstrained build operations Thread 84" [_thread_blocked, id=15716, stack(0x0000009742d00000,0x0000009742e00000)]
  0x00000259accc30e0 JavaThread "Unconstrained build operations Thread 85" [_thread_blocked, id=7656, stack(0x0000009742e00000,0x0000009742f00000)]
  0x00000259accbe3e0 JavaThread "Unconstrained build operations Thread 86" [_thread_blocked, id=12488, stack(0x0000009742f00000,0x0000009743000000)]
  0x00000259accbe8b0 JavaThread "Unconstrained build operations Thread 87" [_thread_blocked, id=4216, stack(0x0000009743000000,0x0000009743100000)]
  0x00000259accbed80 JavaThread "Unconstrained build operations Thread 88" [_thread_blocked, id=18596, stack(0x0000009743100000,0x0000009743200000)]
  0x00000259accc0590 JavaThread "Unconstrained build operations Thread 89" [_thread_blocked, id=7880, stack(0x0000009743200000,0x0000009743300000)]
  0x00000259accc0a60 JavaThread "Unconstrained build operations Thread 90" [_thread_blocked, id=3020, stack(0x0000009743300000,0x0000009743400000)]
  0x00000259accc0f30 JavaThread "Unconstrained build operations Thread 91" [_thread_blocked, id=15460, stack(0x0000009743400000,0x0000009743500000)]
  0x00000259accc48f0 JavaThread "Unconstrained build operations Thread 92" [_thread_blocked, id=4700, stack(0x0000009743500000,0x0000009743600000)]
  0x00000259accc5290 JavaThread "Unconstrained build operations Thread 93" [_thread_blocked, id=4316, stack(0x0000009743600000,0x0000009743700000)]
  0x00000259accc3a80 JavaThread "Unconstrained build operations Thread 94" [_thread_blocked, id=8748, stack(0x0000009743700000,0x0000009743800000)]
  0x00000259accc1400 JavaThread "Unconstrained build operations Thread 95" [_thread_blocked, id=3580, stack(0x0000009743800000,0x0000009743900000)]
  0x00000259accbda40 JavaThread "Unconstrained build operations Thread 96" [_thread_blocked, id=7724, stack(0x0000009743900000,0x0000009743a00000)]
  0x00000259b04671b0 JavaThread "Unconstrained build operations Thread 97" [_thread_blocked, id=5092, stack(0x0000009743a00000,0x0000009743b00000)]
  0x00000259b0462e50 JavaThread "Unconstrained build operations Thread 98" [_thread_blocked, id=20060, stack(0x0000009743b00000,0x0000009743c00000)]
  0x00000259b0463320 JavaThread "Unconstrained build operations Thread 99" [_thread_blocked, id=17036, stack(0x0000009743c00000,0x0000009743d00000)]
  0x00000259b04684f0 JavaThread "Unconstrained build operations Thread 100" [_thread_blocked, id=8356, stack(0x0000009743d00000,0x0000009743e00000)]
  0x00000259b04689c0 JavaThread "Unconstrained build operations Thread 101" [_thread_blocked, id=15136, stack(0x0000009743e00000,0x0000009743f00000)]
  0x00000259b0465000 JavaThread "Unconstrained build operations Thread 102" [_thread_blocked, id=17220, stack(0x0000009743f00000,0x0000009744000000)]
  0x00000259b0469360 JavaThread "Unconstrained build operations Thread 103" [_thread_blocked, id=19316, stack(0x0000009744000000,0x0000009744100000)]
  0x00000259b04624b0 JavaThread "Unconstrained build operations Thread 104" [_thread_blocked, id=20148, stack(0x0000009744100000,0x0000009744200000)]
  0x00000259b04654d0 JavaThread "Unconstrained build operations Thread 105" [_thread_blocked, id=2460, stack(0x0000009744200000,0x0000009744300000)]
  0x00000259b04659a0 JavaThread "Unconstrained build operations Thread 106" [_thread_blocked, id=18588, stack(0x0000009744300000,0x0000009744400000)]
  0x00000259b0466340 JavaThread "Unconstrained build operations Thread 107" [_thread_blocked, id=19416, stack(0x0000009744400000,0x0000009744500000)]
  0x00000259b0465e70 JavaThread "Unconstrained build operations Thread 108" [_thread_blocked, id=18760, stack(0x0000009744500000,0x0000009744600000)]
  0x00000259b0469830 JavaThread "Unconstrained build operations Thread 109" [_thread_blocked, id=19780, stack(0x0000009744600000,0x0000009744700000)]
  0x00000259b0466810 JavaThread "Unconstrained build operations Thread 110" [_thread_blocked, id=1624, stack(0x0000009744700000,0x0000009744800000)]
  0x00000259b0467b50 JavaThread "Unconstrained build operations Thread 111" [_thread_blocked, id=6692, stack(0x0000009744800000,0x0000009744900000)]
  0x00000259b0466ce0 JavaThread "Unconstrained build operations Thread 112" [_thread_blocked, id=17516, stack(0x0000009744900000,0x0000009744a00000)]
  0x00000259b0469d00 JavaThread "Unconstrained build operations Thread 113" [_thread_blocked, id=4428, stack(0x0000009744a00000,0x0000009744b00000)]
  0x00000259b0462980 JavaThread "Unconstrained build operations Thread 114" [_thread_blocked, id=8276, stack(0x0000009744b00000,0x0000009744c00000)]
  0x00000259b0468e90 JavaThread "Unconstrained build operations Thread 115" [_thread_blocked, id=4392, stack(0x0000009744c00000,0x0000009744d00000)]
  0x00000259b0467680 JavaThread "Unconstrained build operations Thread 116" [_thread_blocked, id=19944, stack(0x0000009744d00000,0x0000009744e00000)]
  0x00000259b04637f0 JavaThread "Unconstrained build operations Thread 117" [_thread_blocked, id=15616, stack(0x0000009744e00000,0x0000009744f00000)]
  0x00000259b0468020 JavaThread "Unconstrained build operations Thread 118" [_thread_blocked, id=20288, stack(0x0000009744f00000,0x0000009745000000)]
  0x00000259b0463cc0 JavaThread "Unconstrained build operations Thread 119" [_thread_blocked, id=20084, stack(0x0000009745000000,0x0000009745100000)]
  0x00000259b0464190 JavaThread "Unconstrained build operations Thread 120" [_thread_blocked, id=19896, stack(0x0000009745100000,0x0000009745200000)]
  0x00000259b0a8e080 JavaThread "build event listener" [_thread_blocked, id=6272, stack(0x0000009745200000,0x0000009745300000)]
  0x00000259b0a8f3c0 JavaThread "Execution worker for ':'" [_thread_blocked, id=19676, stack(0x0000009745c00000,0x0000009745d00000)]
  0x00000259b0a8ea20 JavaThread "Execution worker for ':' Thread 2" [_thread_blocked, id=19832, stack(0x0000009745d00000,0x0000009745e00000)]
  0x00000259b0a8bed0 JavaThread "Execution worker for ':' Thread 3" [_thread_in_Java, id=19376, stack(0x0000009745e00000,0x0000009745f00000)]
  0x00000259b0a8eef0 JavaThread "Execution worker for ':' Thread 4" [_thread_blocked, id=13624, stack(0x0000009745f00000,0x0000009746000000)]
  0x00000259b0a8c870 JavaThread "Execution worker for ':' Thread 5" [_thread_blocked, id=6812, stack(0x0000009746000000,0x0000009746100000)]
  0x00000259b0a8c3a0 JavaThread "Execution worker for ':' Thread 6" [_thread_blocked, id=2036, stack(0x0000009746100000,0x0000009746200000)]
  0x00000259b0a8e550 JavaThread "Execution worker for ':' Thread 7" [_thread_blocked, id=7776, stack(0x0000009746200000,0x0000009746300000)]
  0x00000259b0a8cd40 JavaThread "Execution worker for ':' Thread 8" [_thread_blocked, id=12092, stack(0x0000009746300000,0x0000009746400000)]
  0x00000259b0a8d210 JavaThread "Execution worker for ':' Thread 9" [_thread_blocked, id=7192, stack(0x0000009746400000,0x0000009746500000)]
  0x00000259b0a8dbb0 JavaThread "Execution worker for ':' Thread 10" [_thread_blocked, id=12316, stack(0x0000009746500000,0x0000009746600000)]
  0x00000259b0464b30 JavaThread "Execution worker for ':' Thread 11" [_thread_blocked, id=17624, stack(0x0000009746600000,0x0000009746700000)]
  0x00000259b19e1300 JavaThread "Cache worker for execution history cache (C:\Users\HADI\AndroidStudioProjects\News\.gradle\7.3.3\executionHistory)" [_thread_blocked, id=8064, stack(0x0000009746700000,0x0000009746800000)]
  0x00000259ad0a0f50 JavaThread "WorkerExecutor Queue" [_thread_in_vm, id=7260, stack(0x0000009746800000,0x0000009746900000)]
  0x00000259aeabd2a0 JavaThread "WorkerExecutor Queue Thread 2" [_thread_blocked, id=328, stack(0x0000009746900000,0x0000009746a00000)]
  0x00000259adf955f0 JavaThread "WorkerExecutor Queue Thread 3" [_thread_blocked, id=20220, stack(0x0000009746a00000,0x0000009746b00000)]
  0x00000259b19e17d0 JavaThread "WorkerExecutor Queue Thread 4" [_thread_blocked, id=13328, stack(0x0000009746e00000,0x0000009746f00000)]
  0x00000259aed78aa0 JavaThread "WorkerExecutor Queue Thread 5" [_thread_blocked, id=20248, stack(0x0000009746f00000,0x0000009747000000)]
  0x00000259aed78f70 JavaThread "WorkerExecutor Queue Thread 6" [_thread_blocked, id=15780, stack(0x0000009747000000,0x0000009747100000)]
  0x00000259aed785d0 JavaThread "WorkerExecutor Queue Thread 7" [_thread_blocked, id=7184, stack(0x0000009747100000,0x0000009747200000)]
  0x00000259aed77760 JavaThread "WorkerExecutor Queue Thread 8" [_thread_blocked, id=8024, stack(0x0000009747200000,0x0000009747300000)]
  0x00000259aed77c30 JavaThread "WorkerExecutor Queue Thread 9" [_thread_blocked, id=10956, stack(0x0000009747300000,0x0000009747400000)]
  0x00000259acdca910 JavaThread "WorkerExecutor Queue Thread 10" [_thread_blocked, id=11060, stack(0x0000009747400000,0x0000009747500000)]
  0x00000259acdcb780 JavaThread "WorkerExecutor Queue Thread 11" [_thread_blocked, id=9112, stack(0x0000009747500000,0x0000009747600000)]
  0x00000259acdc95d0 JavaThread "WorkerExecutor Queue Thread 12" [_thread_blocked, id=6820, stack(0x0000009747600000,0x0000009747700000)]

Other Threads:
  0x00000259aa9a0720 VMThread "VM Thread" [stack: 0x000000973a700000,0x000000973a800000] [id=12096]
  0x000002598c3fb780 WatcherThread [stack: 0x000000973b300000,0x000000973b400000] [id=352]
  0x000002598c3c0a30 GCTaskThread "GC Thread#0" [stack: 0x000000973a200000,0x000000973a300000] [id=12404]
  0x00000259ac1c1b10 GCTaskThread "GC Thread#1" [stack: 0x000000973b500000,0x000000973b600000] [id=17156]
  0x00000259abf29810 GCTaskThread "GC Thread#2" [stack: 0x000000973b600000,0x000000973b700000] [id=2560]
  0x00000259abf29ac0 GCTaskThread "GC Thread#3" [stack: 0x000000973b700000,0x000000973b800000] [id=8336]
  0x00000259ac0a9750 GCTaskThread "GC Thread#4" [stack: 0x000000973b800000,0x000000973b900000] [id=10752]
  0x00000259abffe550 GCTaskThread "GC Thread#5" [stack: 0x000000973b900000,0x000000973ba00000] [id=916]
  0x00000259aef0b5d0 GCTaskThread "GC Thread#6" [stack: 0x000000973ce00000,0x000000973cf00000] [id=12884]
  0x00000259aef0ab10 GCTaskThread "GC Thread#7" [stack: 0x000000973cf00000,0x000000973d000000] [id=18908]
  0x00000259aef0a5b0 GCTaskThread "GC Thread#8" [stack: 0x000000973d000000,0x000000973d100000] [id=19124]
  0x00000259aef0a860 GCTaskThread "GC Thread#9" [stack: 0x000000973d100000,0x000000973d200000] [id=13260]
  0x000002598c3d1870 ConcurrentGCThread "G1 Main Marker" [stack: 0x000000973a300000,0x000000973a400000] [id=19640]
  0x000002598c3d2180 ConcurrentGCThread "G1 Conc#0" [stack: 0x000000973a400000,0x000000973a500000] [id=17400]
  0x00000259aef0adc0 ConcurrentGCThread "G1 Conc#1" [stack: 0x000000973d200000,0x000000973d300000] [id=18820]
  0x00000259aef0b070 ConcurrentGCThread "G1 Conc#2" [stack: 0x000000973d300000,0x000000973d400000] [id=19784]
  0x000002598c43e860 ConcurrentGCThread "G1 Refine#0" [stack: 0x000000973a500000,0x000000973a600000] [id=4092]
  0x00000259adb539c0 ConcurrentGCThread "G1 Refine#1" [stack: 0x0000009746b00000,0x0000009746c00000] [id=8140]
  0x00000259b16cf970 ConcurrentGCThread "G1 Refine#2" [stack: 0x0000009746c00000,0x0000009746d00000] [id=7132]
  0x00000259ab602f30 ConcurrentGCThread "G1 Refine#3" [stack: 0x0000009746d00000,0x0000009746e00000] [id=15480]
  0x00000259aa85d2b0 ConcurrentGCThread "G1 Service" [stack: 0x000000973a600000,0x000000973a700000] [id=9664]

Threads with active compile tasks:
C2 CompilerThread0    10400 11784       4       com.android.ide.common.resources.NodeUtils::updateNamespace (161 bytes)

VM state: not at safepoint (normal execution)

VM Mutex/Monitor currently owned by a thread: None

Heap address: 0x0000000080000000, size: 2048 MB, Compressed Oops mode: 32-bit

CDS archive(s) mapped at: [0x0000000800000000-0x0000000800bd0000-0x0000000800bd0000), size 12386304, SharedBaseAddress: 0x0000000800000000, ArchiveRelocationMode: 0.
Compressed class space mapped at: 0x0000000800c00000-0x0000000840c00000, reserved size: 1073741824
Narrow klass base: 0x0000000800000000, Narrow klass shift: 0, Narrow klass range: 0x100000000

GC Precious Log:
 CPUs: 12 total, 12 available
 Memory: 16052M
 Large Page Support: Disabled
 NUMA Support: Disabled
 Compressed Oops: Enabled (32-bit)
 Heap Region Size: 1M
 Heap Min Capacity: 8M
 Heap Initial Capacity: 252M
 Heap Max Capacity: 2G
 Pre-touch: Disabled
 Parallel Workers: 10
 Concurrent Workers: 3
 Concurrent Refinement Workers: 10
 Periodic GC: Disabled

Heap:
 garbage-first heap   total 190464K, used 142362K [0x0000000080000000, 0x0000000100000000)
  region size 1024K, 26 young (26624K), 2 survivors (2048K)
 Metaspace       used 82928K, committed 83584K, reserved 1122304K
  class space    used 11088K, committed 11392K, reserved 1048576K

Heap Regions: E=young(eden), S=young(survivor), O=old, HS=humongous(starts), HC=humongous(continues), CS=collection set, F=free, OA=open archive, CA=closed archive, TAMS=top-at-mark-start (previous, next)
|   0|0x0000000080000000, 0x0000000080100000, 0x0000000080100000|100%| O|  |TAMS 0x0000000080100000, 0x0000000080000000| Untracked 
|   1|0x0000000080100000, 0x0000000080200000, 0x0000000080200000|100%| O|  |TAMS 0x0000000080200000, 0x0000000080100000| Untracked 
|   2|0x0000000080200000, 0x0000000080300000, 0x0000000080300000|100%| O|  |TAMS 0x0000000080300000, 0x0000000080200000| Untracked 
|   3|0x0000000080300000, 0x0000000080400000, 0x0000000080400000|100%|HS|  |TAMS 0x0000000080400000, 0x0000000080300000| Complete 
|   4|0x0000000080400000, 0x0000000080500000, 0x0000000080500000|100%|HC|  |TAMS 0x0000000080500000, 0x0000000080400000| Complete 
|   5|0x0000000080500000, 0x0000000080600000, 0x0000000080600000|100%|HC|  |TAMS 0x0000000080600000, 0x0000000080500000| Complete 
|   6|0x0000000080600000, 0x0000000080700000, 0x0000000080700000|100%| O|  |TAMS 0x0000000080700000, 0x0000000080600000| Untracked 
|   7|0x0000000080700000, 0x0000000080800000, 0x0000000080800000|100%| O|  |TAMS 0x0000000080800000, 0x0000000080700000| Untracked 
|   8|0x0000000080800000, 0x0000000080900000, 0x0000000080900000|100%| O|  |TAMS 0x0000000080900000, 0x0000000080800000| Untracked 
|   9|0x0000000080900000, 0x0000000080a00000, 0x0000000080a00000|100%| O|  |TAMS 0x0000000080a00000, 0x0000000080900000| Untracked 
|  10|0x0000000080a00000, 0x0000000080b00000, 0x0000000080b00000|100%| O|  |TAMS 0x0000000080b00000, 0x0000000080a00000| Untracked 
|  11|0x0000000080b00000, 0x0000000080c00000, 0x0000000080c00000|100%| O|  |TAMS 0x0000000080c00000, 0x0000000080b00000| Untracked 
|  12|0x0000000080c00000, 0x0000000080d00000, 0x0000000080d00000|100%| O|  |TAMS 0x0000000080d00000, 0x0000000080c00000| Untracked 
|  13|0x0000000080d00000, 0x0000000080e00000, 0x0000000080e00000|100%| O|  |TAMS 0x0000000080e00000, 0x0000000080d00000| Untracked 
|  14|0x0000000080e00000, 0x0000000080f00000, 0x0000000080f00000|100%| O|  |TAMS 0x0000000080f00000, 0x0000000080e00000| Untracked 
|  15|0x0000000080f00000, 0x0000000081000000, 0x0000000081000000|100%| O|  |TAMS 0x0000000081000000, 0x0000000080f00000| Untracked 
|  16|0x0000000081000000, 0x0000000081100000, 0x0000000081100000|100%| O|  |TAMS 0x0000000081100000, 0x0000000081000000| Untracked 
|  17|0x0000000081100000, 0x0000000081200000, 0x0000000081200000|100%| O|  |TAMS 0x0000000081200000, 0x0000000081100000| Untracked 
|  18|0x0000000081200000, 0x0000000081300000, 0x0000000081300000|100%| O|  |TAMS 0x0000000081300000, 0x0000000081200000| Untracked 
|  19|0x0000000081300000, 0x0000000081400000, 0x0000000081400000|100%| O|  |TAMS 0x0000000081400000, 0x0000000081300000| Untracked 
|  20|0x0000000081400000, 0x0000000081500000, 0x0000000081500000|100%| O|  |TAMS 0x0000000081500000, 0x0000000081400000| Untracked 
|  21|0x0000000081500000, 0x0000000081600000, 0x0000000081600000|100%| O|  |TAMS 0x0000000081600000, 0x0000000081500000| Untracked 
|  22|0x0000000081600000, 0x0000000081700000, 0x0000000081700000|100%| O|  |TAMS 0x0000000081700000, 0x0000000081600000| Untracked 
|  23|0x0000000081700000, 0x0000000081800000, 0x0000000081800000|100%| O|  |TAMS 0x0000000081800000, 0x0000000081700000| Untracked 
|  24|0x0000000081800000, 0x0000000081900000, 0x0000000081900000|100%| O|  |TAMS 0x0000000081900000, 0x0000000081800000| Untracked 
|  25|0x0000000081900000, 0x0000000081a00000, 0x0000000081a00000|100%| O|  |TAMS 0x0000000081a00000, 0x0000000081900000| Untracked 
|  26|0x0000000081a00000, 0x0000000081b00000, 0x0000000081b00000|100%| O|  |TAMS 0x0000000081b00000, 0x0000000081a00000| Untracked 
|  27|0x0000000081b00000, 0x0000000081c00000, 0x0000000081c00000|100%|HS|  |TAMS 0x0000000081c00000, 0x0000000081b00000| Complete 
|  28|0x0000000081c00000, 0x0000000081d00000, 0x0000000081d00000|100%|HS|  |TAMS 0x0000000081d00000, 0x0000000081c00000| Complete 
|  29|0x0000000081d00000, 0x0000000081e00000, 0x0000000081e00000|100%| O|  |TAMS 0x0000000081e00000, 0x0000000081d00000| Untracked 
|  30|0x0000000081e00000, 0x0000000081f00000, 0x0000000081f00000|100%| O|  |TAMS 0x0000000081f00000, 0x0000000081e00000| Untracked 
|  31|0x0000000081f00000, 0x0000000082000000, 0x0000000082000000|100%| O|  |TAMS 0x0000000082000000, 0x0000000081f00000| Untracked 
|  32|0x0000000082000000, 0x0000000082100000, 0x0000000082100000|100%| O|  |TAMS 0x0000000082100000, 0x0000000082000000| Untracked 
|  33|0x0000000082100000, 0x0000000082200000, 0x0000000082200000|100%| O|  |TAMS 0x0000000082200000, 0x0000000082100000| Untracked 
|  34|0x0000000082200000, 0x0000000082300000, 0x0000000082300000|100%| O|  |TAMS 0x0000000082200000, 0x0000000082200000| Untracked 
|  35|0x0000000082300000, 0x0000000082400000, 0x0000000082400000|100%| O|  |TAMS 0x0000000082300000, 0x0000000082300000| Untracked 
|  36|0x0000000082400000, 0x0000000082500000, 0x0000000082500000|100%| O|  |TAMS 0x0000000082400000, 0x0000000082400000| Untracked 
|  37|0x0000000082500000, 0x0000000082600000, 0x0000000082600000|100%| O|  |TAMS 0x0000000082600000, 0x0000000082500000| Untracked 
|  38|0x0000000082600000, 0x0000000082700000, 0x0000000082700000|100%|HS|  |TAMS 0x0000000082700000, 0x0000000082600000| Complete 
|  39|0x0000000082700000, 0x0000000082800000, 0x0000000082800000|100%|HC|  |TAMS 0x0000000082800000, 0x0000000082700000| Complete 
|  40|0x0000000082800000, 0x0000000082900000, 0x0000000082900000|100%| O|  |TAMS 0x0000000082900000, 0x0000000082800000| Untracked 
|  41|0x0000000082900000, 0x0000000082a00000, 0x0000000082a00000|100%| O|  |TAMS 0x0000000082a00000, 0x0000000082900000| Untracked 
|  42|0x0000000082a00000, 0x0000000082b00000, 0x0000000082b00000|100%| O|  |TAMS 0x0000000082b00000, 0x0000000082a00000| Untracked 
|  43|0x0000000082b00000, 0x0000000082c00000, 0x0000000082c00000|100%| O|  |TAMS 0x0000000082c00000, 0x0000000082b00000| Untracked 
|  44|0x0000000082c00000, 0x0000000082d00000, 0x0000000082d00000|100%| O|  |TAMS 0x0000000082d00000, 0x0000000082c00000| Untracked 
|  45|0x0000000082d00000, 0x0000000082e00000, 0x0000000082e00000|100%| O|  |TAMS 0x0000000082e00000, 0x0000000082d00000| Untracked 
|  46|0x0000000082e00000, 0x0000000082f00000, 0x0000000082f00000|100%| O|  |TAMS 0x0000000082f00000, 0x0000000082e00000| Untracked 
|  47|0x0000000082f00000, 0x0000000083000000, 0x0000000083000000|100%| O|  |TAMS 0x0000000083000000, 0x0000000082f00000| Untracked 
|  48|0x0000000083000000, 0x0000000083100000, 0x0000000083100000|100%| O|  |TAMS 0x0000000083100000, 0x0000000083000000| Untracked 
|  49|0x0000000083100000, 0x0000000083200000, 0x0000000083200000|100%| O|  |TAMS 0x0000000083200000, 0x0000000083100000| Untracked 
|  50|0x0000000083200000, 0x0000000083300000, 0x0000000083300000|100%| O|  |TAMS 0x0000000083300000, 0x0000000083200000| Untracked 
|  51|0x0000000083300000, 0x0000000083400000, 0x0000000083400000|100%| O|  |TAMS 0x0000000083400000, 0x0000000083300000| Untracked 
|  52|0x0000000083400000, 0x0000000083500000, 0x0000000083500000|100%| O|  |TAMS 0x0000000083500000, 0x0000000083400000| Untracked 
|  53|0x0000000083500000, 0x0000000083600000, 0x0000000083600000|100%| O|  |TAMS 0x0000000083600000, 0x0000000083500000| Untracked 
|  54|0x0000000083600000, 0x0000000083700000, 0x0000000083700000|100%| O|  |TAMS 0x0000000083700000, 0x0000000083600000| Untracked 
|  55|0x0000000083700000, 0x0000000083800000, 0x0000000083800000|100%| O|  |TAMS 0x0000000083800000, 0x0000000083700000| Untracked 
|  56|0x0000000083800000, 0x0000000083900000, 0x0000000083900000|100%| O|  |TAMS 0x0000000083900000, 0x0000000083800000| Untracked 
|  57|0x0000000083900000, 0x0000000083a00000, 0x0000000083a00000|100%| O|  |TAMS 0x0000000083a00000, 0x0000000083900000| Untracked 
|  58|0x0000000083a00000, 0x0000000083b00000, 0x0000000083b00000|100%| O|  |TAMS 0x0000000083b00000, 0x0000000083a00000| Untracked 
|  59|0x0000000083b00000, 0x0000000083c00000, 0x0000000083c00000|100%| O|  |TAMS 0x0000000083c00000, 0x0000000083b00000| Untracked 
|  60|0x0000000083c00000, 0x0000000083d00000, 0x0000000083d00000|100%| O|  |TAMS 0x0000000083d00000, 0x0000000083c00000| Untracked 
|  61|0x0000000083d00000, 0x0000000083e00000, 0x0000000083e00000|100%| O|  |TAMS 0x0000000083e00000, 0x0000000083d00000| Untracked 
|  62|0x0000000083e00000, 0x0000000083f00000, 0x0000000083f00000|100%| O|  |TAMS 0x0000000083f00000, 0x0000000083e00000| Untracked 
|  63|0x0000000083f00000, 0x0000000084000000, 0x0000000084000000|100%| O|  |TAMS 0x0000000084000000, 0x0000000083f00000| Untracked 
|  64|0x0000000084000000, 0x0000000084100000, 0x0000000084100000|100%| O|  |TAMS 0x0000000084100000, 0x0000000084000000| Untracked 
|  65|0x0000000084100000, 0x0000000084200000, 0x0000000084200000|100%| O|  |TAMS 0x0000000084200000, 0x0000000084100000| Untracked 
|  66|0x0000000084200000, 0x0000000084300000, 0x0000000084300000|100%| O|  |TAMS 0x0000000084300000, 0x0000000084200000| Untracked 
|  67|0x0000000084300000, 0x0000000084400000, 0x0000000084400000|100%| O|  |TAMS 0x0000000084400000, 0x0000000084300000| Untracked 
|  68|0x0000000084400000, 0x0000000084500000, 0x0000000084500000|100%| O|  |TAMS 0x0000000084500000, 0x0000000084400000| Untracked 
|  69|0x0000000084500000, 0x0000000084600000, 0x0000000084600000|100%| O|  |TAMS 0x0000000084600000, 0x0000000084500000| Untracked 
|  70|0x0000000084600000, 0x0000000084700000, 0x0000000084700000|100%| O|  |TAMS 0x0000000084700000, 0x0000000084600000| Untracked 
|  71|0x0000000084700000, 0x0000000084800000, 0x0000000084800000|100%| O|  |TAMS 0x0000000084800000, 0x0000000084700000| Untracked 
|  72|0x0000000084800000, 0x0000000084900000, 0x0000000084900000|100%| O|  |TAMS 0x0000000084900000, 0x0000000084800000| Untracked 
|  73|0x0000000084900000, 0x0000000084a00000, 0x0000000084a00000|100%| O|  |TAMS 0x0000000084a00000, 0x0000000084900000| Untracked 
|  74|0x0000000084a00000, 0x0000000084b00000, 0x0000000084b00000|100%| O|  |TAMS 0x0000000084b00000, 0x0000000084a00000| Untracked 
|  75|0x0000000084b00000, 0x0000000084c00000, 0x0000000084c00000|100%| O|  |TAMS 0x0000000084b00000, 0x0000000084b00000| Untracked 
|  76|0x0000000084c00000, 0x0000000084d00000, 0x0000000084d00000|100%| O|  |TAMS 0x0000000084d00000, 0x0000000084c00000| Untracked 
|  77|0x0000000084d00000, 0x0000000084e00000, 0x0000000084e00000|100%| O|  |TAMS 0x0000000084e00000, 0x0000000084d00000| Untracked 
|  78|0x0000000084e00000, 0x0000000084f00000, 0x0000000084f00000|100%| O|  |TAMS 0x0000000084f00000, 0x0000000084e00000| Untracked 
|  79|0x0000000084f00000, 0x0000000085000000, 0x0000000085000000|100%| O|  |TAMS 0x0000000085000000, 0x0000000084f00000| Untracked 
|  80|0x0000000085000000, 0x0000000085100000, 0x0000000085100000|100%| O|  |TAMS 0x0000000085100000, 0x0000000085000000| Untracked 
|  81|0x0000000085100000, 0x0000000085200000, 0x0000000085200000|100%| O|  |TAMS 0x0000000085200000, 0x0000000085100000| Untracked 
|  82|0x0000000085200000, 0x0000000085300000, 0x0000000085300000|100%| O|  |TAMS 0x0000000085300000, 0x0000000085200000| Untracked 
|  83|0x0000000085300000, 0x0000000085400000, 0x0000000085400000|100%| O|  |TAMS 0x0000000085300000, 0x0000000085300000| Untracked 
|  84|0x0000000085400000, 0x0000000085500000, 0x0000000085500000|100%|HS|  |TAMS 0x0000000085500000, 0x0000000085400000| Complete 
|  85|0x0000000085500000, 0x0000000085600000, 0x0000000085600000|100%| O|  |TAMS 0x0000000085600000, 0x0000000085500000| Untracked 
|  86|0x0000000085600000, 0x0000000085700000, 0x0000000085700000|100%| O|  |TAMS 0x0000000085700000, 0x0000000085600000| Untracked 
|  87|0x0000000085700000, 0x0000000085800000, 0x0000000085800000|100%| O|  |TAMS 0x0000000085800000, 0x0000000085700000| Untracked 
|  88|0x0000000085800000, 0x0000000085900000, 0x0000000085900000|100%| O|  |TAMS 0x0000000085900000, 0x0000000085800000| Untracked 
|  89|0x0000000085900000, 0x0000000085a00000, 0x0000000085a00000|100%| O|  |TAMS 0x0000000085a00000, 0x0000000085900000| Untracked 
|  90|0x0000000085a00000, 0x0000000085b00000, 0x0000000085b00000|100%| O|  |TAMS 0x0000000085b00000, 0x0000000085a00000| Untracked 
|  91|0x0000000085b00000, 0x0000000085c00000, 0x0000000085c00000|100%| O|  |TAMS 0x0000000085c00000, 0x0000000085b00000| Untracked 
|  92|0x0000000085c00000, 0x0000000085d00000, 0x0000000085d00000|100%| O|  |TAMS 0x0000000085c00000, 0x0000000085c00000| Untracked 
|  93|0x0000000085d00000, 0x0000000085e00000, 0x0000000085e00000|100%| O|  |TAMS 0x0000000085d00000, 0x0000000085d00000| Untracked 
|  94|0x0000000085e00000, 0x0000000085f00000, 0x0000000085f00000|100%| O|  |TAMS 0x0000000085e00000, 0x0000000085e00000| Untracked 
|  95|0x0000000085f00000, 0x0000000086000000, 0x0000000086000000|100%| O|  |TAMS 0x0000000085f00000, 0x0000000085f00000| Untracked 
|  96|0x0000000086000000, 0x0000000086100000, 0x0000000086100000|100%| O|  |TAMS 0x0000000086000000, 0x0000000086000000| Untracked 
|  97|0x0000000086100000, 0x0000000086200000, 0x0000000086200000|100%| O|  |TAMS 0x0000000086100000, 0x0000000086100000| Untracked 
|  98|0x0000000086200000, 0x0000000086300000, 0x0000000086300000|100%| O|  |TAMS 0x0000000086200000, 0x0000000086200000| Untracked 
|  99|0x0000000086300000, 0x0000000086400000, 0x0000000086400000|100%| O|  |TAMS 0x0000000086300000, 0x0000000086300000| Untracked 
| 100|0x0000000086400000, 0x0000000086500000, 0x0000000086500000|100%| O|  |TAMS 0x0000000086400000, 0x0000000086400000| Untracked 
| 101|0x0000000086500000, 0x0000000086600000, 0x0000000086600000|100%| O|  |TAMS 0x0000000086500000, 0x0000000086500000| Untracked 
| 102|0x0000000086600000, 0x0000000086700000, 0x0000000086700000|100%| O|  |TAMS 0x0000000086600000, 0x0000000086600000| Untracked 
| 103|0x0000000086700000, 0x0000000086800000, 0x0000000086800000|100%| O|  |TAMS 0x0000000086700000, 0x0000000086700000| Untracked 
| 104|0x0000000086800000, 0x0000000086900000, 0x0000000086900000|100%| O|  |TAMS 0x0000000086800000, 0x0000000086800000| Untracked 
| 105|0x0000000086900000, 0x0000000086a00000, 0x0000000086a00000|100%| O|  |TAMS 0x0000000086900000, 0x0000000086900000| Untracked 
| 106|0x0000000086a00000, 0x0000000086b00000, 0x0000000086b00000|100%| O|  |TAMS 0x0000000086a00000, 0x0000000086a00000| Untracked 
| 107|0x0000000086b00000, 0x0000000086c00000, 0x0000000086c00000|100%| O|  |TAMS 0x0000000086b00000, 0x0000000086b00000| Untracked 
| 108|0x0000000086c00000, 0x0000000086c25000, 0x0000000086d00000| 14%| O|  |TAMS 0x0000000086c00000, 0x0000000086c00000| Untracked 
| 109|0x0000000086d00000, 0x0000000086d00000, 0x0000000086e00000|  0%| F|  |TAMS 0x0000000086d00000, 0x0000000086d00000| Untracked 
| 110|0x0000000086e00000, 0x0000000086e00000, 0x0000000086f00000|  0%| F|  |TAMS 0x0000000086e00000, 0x0000000086e00000| Untracked 
| 111|0x0000000086f00000, 0x0000000086f00000, 0x0000000087000000|  0%| F|  |TAMS 0x0000000086f00000, 0x0000000086f00000| Untracked 
| 112|0x0000000087000000, 0x0000000087000000, 0x0000000087100000|  0%| F|  |TAMS 0x0000000087000000, 0x0000000087000000| Untracked 
| 113|0x0000000087100000, 0x0000000087100000, 0x0000000087200000|  0%| F|  |TAMS 0x0000000087100000, 0x0000000087100000| Untracked 
| 114|0x0000000087200000, 0x0000000087200000, 0x0000000087300000|  0%| F|  |TAMS 0x0000000087200000, 0x0000000087200000| Untracked 
| 115|0x0000000087300000, 0x0000000087400000, 0x0000000087400000|100%| O|  |TAMS 0x0000000087300000, 0x0000000087300000| Untracked 
| 116|0x0000000087400000, 0x0000000087500000, 0x0000000087500000|100%| O|  |TAMS 0x0000000087400000, 0x0000000087400000| Untracked 
| 117|0x0000000087500000, 0x0000000087600000, 0x0000000087600000|100%| O|  |TAMS 0x0000000087500000, 0x0000000087500000| Untracked 
| 118|0x0000000087600000, 0x0000000087700000, 0x0000000087700000|100%| O|  |TAMS 0x0000000087600000, 0x0000000087600000| Untracked 
| 119|0x0000000087700000, 0x0000000087800000, 0x0000000087800000|100%| O|  |TAMS 0x0000000087700000, 0x0000000087700000| Untracked 
| 120|0x0000000087800000, 0x0000000087900000, 0x0000000087900000|100%| O|  |TAMS 0x0000000087800000, 0x0000000087800000| Untracked 
| 121|0x0000000087900000, 0x0000000087900000, 0x0000000087a00000|  0%| F|  |TAMS 0x0000000087900000, 0x0000000087900000| Untracked 
| 122|0x0000000087a00000, 0x0000000087a00000, 0x0000000087b00000|  0%| F|  |TAMS 0x0000000087a00000, 0x0000000087a00000| Untracked 
| 123|0x0000000087b00000, 0x0000000087b00000, 0x0000000087c00000|  0%| F|  |TAMS 0x0000000087b00000, 0x0000000087b00000| Untracked 
| 124|0x0000000087c00000, 0x0000000087c00000, 0x0000000087d00000|  0%| F|  |TAMS 0x0000000087c00000, 0x0000000087c00000| Untracked 
| 125|0x0000000087d00000, 0x0000000087d00000, 0x0000000087e00000|  0%| F|  |TAMS 0x0000000087d00000, 0x0000000087d00000| Untracked 
| 126|0x0000000087e00000, 0x0000000087e00000, 0x0000000087f00000|  0%| F|  |TAMS 0x0000000087e00000, 0x0000000087e00000| Untracked 
| 127|0x0000000087f00000, 0x0000000087f00000, 0x0000000088000000|  0%| F|  |TAMS 0x0000000087f00000, 0x0000000087f00000| Untracked 
| 128|0x0000000088000000, 0x0000000088000000, 0x0000000088100000|  0%| F|  |TAMS 0x0000000088000000, 0x0000000088000000| Untracked 
| 129|0x0000000088100000, 0x0000000088200000, 0x0000000088200000|100%| O|  |TAMS 0x0000000088100000, 0x0000000088100000| Untracked 
| 130|0x0000000088200000, 0x0000000088200000, 0x0000000088300000|  0%| F|  |TAMS 0x0000000088200000, 0x0000000088200000| Untracked 
| 131|0x0000000088300000, 0x0000000088300000, 0x0000000088400000|  0%| F|  |TAMS 0x0000000088300000, 0x0000000088300000| Untracked 
| 132|0x0000000088400000, 0x0000000088400000, 0x0000000088500000|  0%| F|  |TAMS 0x0000000088400000, 0x0000000088400000| Untracked 
| 133|0x0000000088500000, 0x0000000088500000, 0x0000000088600000|  0%| F|  |TAMS 0x0000000088500000, 0x0000000088500000| Untracked 
| 134|0x0000000088600000, 0x0000000088600000, 0x0000000088700000|  0%| F|  |TAMS 0x0000000088600000, 0x0000000088600000| Untracked 
| 135|0x0000000088700000, 0x0000000088700000, 0x0000000088800000|  0%| F|  |TAMS 0x0000000088700000, 0x0000000088700000| Untracked 
| 136|0x0000000088800000, 0x0000000088800000, 0x0000000088900000|  0%| F|  |TAMS 0x0000000088800000, 0x0000000088800000| Untracked 
| 137|0x0000000088900000, 0x0000000088900000, 0x0000000088a00000|  0%| F|  |TAMS 0x0000000088900000, 0x0000000088900000| Untracked 
| 138|0x0000000088a00000, 0x0000000088a00000, 0x0000000088b00000|  0%| F|  |TAMS 0x0000000088a00000, 0x0000000088a00000| Untracked 
| 139|0x0000000088b00000, 0x0000000088b00000, 0x0000000088c00000|  0%| F|  |TAMS 0x0000000088b00000, 0x0000000088b00000| Untracked 
| 140|0x0000000088c00000, 0x0000000088c00000, 0x0000000088d00000|  0%| F|  |TAMS 0x0000000088c00000, 0x0000000088c00000| Untracked 
| 141|0x0000000088d00000, 0x0000000088d00000, 0x0000000088e00000|  0%| F|  |TAMS 0x0000000088d00000, 0x0000000088d00000| Untracked 
| 142|0x0000000088e00000, 0x0000000088e00000, 0x0000000088f00000|  0%| F|  |TAMS 0x0000000088e00000, 0x0000000088e00000| Untracked 
| 143|0x0000000088f00000, 0x0000000088f00000, 0x0000000089000000|  0%| F|  |TAMS 0x0000000088f00000, 0x0000000088f00000| Untracked 
| 144|0x0000000089000000, 0x0000000089000000, 0x0000000089100000|  0%| F|  |TAMS 0x0000000089000000, 0x0000000089000000| Untracked 
| 145|0x0000000089100000, 0x0000000089100000, 0x0000000089200000|  0%| F|  |TAMS 0x0000000089100000, 0x0000000089100000| Untracked 
| 146|0x0000000089200000, 0x0000000089200000, 0x0000000089300000|  0%| F|  |TAMS 0x0000000089200000, 0x0000000089200000| Untracked 
| 147|0x0000000089300000, 0x0000000089300000, 0x0000000089400000|  0%| F|  |TAMS 0x0000000089300000, 0x0000000089300000| Untracked 
| 148|0x0000000089400000, 0x00000000894e1a20, 0x0000000089500000| 88%| S|CS|TAMS 0x0000000089400000, 0x0000000089400000| Complete 
| 149|0x0000000089500000, 0x0000000089600000, 0x0000000089600000|100%| S|CS|TAMS 0x0000000089500000, 0x0000000089500000| Complete 
| 150|0x0000000089600000, 0x0000000089600000, 0x0000000089700000|  0%| F|  |TAMS 0x0000000089600000, 0x0000000089600000| Untracked 
| 151|0x0000000089700000, 0x0000000089700000, 0x0000000089800000|  0%| F|  |TAMS 0x0000000089700000, 0x0000000089700000| Untracked 
| 152|0x0000000089800000, 0x0000000089800000, 0x0000000089900000|  0%| F|  |TAMS 0x0000000089800000, 0x0000000089800000| Untracked 
| 153|0x0000000089900000, 0x0000000089900000, 0x0000000089a00000|  0%| F|  |TAMS 0x0000000089900000, 0x0000000089900000| Untracked 
| 154|0x0000000089a00000, 0x0000000089a00000, 0x0000000089b00000|  0%| F|  |TAMS 0x0000000089a00000, 0x0000000089a00000| Untracked 
| 155|0x0000000089b00000, 0x0000000089b00000, 0x0000000089c00000|  0%| F|  |TAMS 0x0000000089b00000, 0x0000000089b00000| Untracked 
| 156|0x0000000089c00000, 0x0000000089c00000, 0x0000000089d00000|  0%| F|  |TAMS 0x0000000089c00000, 0x0000000089c00000| Untracked 
| 157|0x0000000089d00000, 0x0000000089d00000, 0x0000000089e00000|  0%| F|  |TAMS 0x0000000089d00000, 0x0000000089d00000| Untracked 
| 158|0x0000000089e00000, 0x0000000089e00000, 0x0000000089f00000|  0%| F|  |TAMS 0x0000000089e00000, 0x0000000089e00000| Untracked 
| 159|0x0000000089f00000, 0x0000000089f00000, 0x000000008a000000|  0%| F|  |TAMS 0x0000000089f00000, 0x0000000089f00000| Untracked 
| 160|0x000000008a000000, 0x000000008a000000, 0x000000008a100000|  0%| F|  |TAMS 0x000000008a000000, 0x000000008a000000| Untracked 
| 161|0x000000008a100000, 0x000000008a155a40, 0x000000008a200000| 33%| E|  |TAMS 0x000000008a100000, 0x000000008a100000| Complete 
| 162|0x000000008a200000, 0x000000008a300000, 0x000000008a300000|100%| E|CS|TAMS 0x000000008a200000, 0x000000008a200000| Complete 
| 163|0x000000008a300000, 0x000000008a400000, 0x000000008a400000|100%| E|CS|TAMS 0x000000008a300000, 0x000000008a300000| Complete 
| 164|0x000000008a400000, 0x000000008a500000, 0x000000008a500000|100%| E|CS|TAMS 0x000000008a400000, 0x000000008a400000| Complete 
| 165|0x000000008a500000, 0x000000008a600000, 0x000000008a600000|100%| E|CS|TAMS 0x000000008a500000, 0x000000008a500000| Complete 
| 166|0x000000008a600000, 0x000000008a700000, 0x000000008a700000|100%| E|CS|TAMS 0x000000008a600000, 0x000000008a600000| Complete 
| 167|0x000000008a700000, 0x000000008a800000, 0x000000008a800000|100%| E|CS|TAMS 0x000000008a700000, 0x000000008a700000| Complete 
| 168|0x000000008a800000, 0x000000008a900000, 0x000000008a900000|100%| E|CS|TAMS 0x000000008a800000, 0x000000008a800000| Complete 
| 169|0x000000008a900000, 0x000000008aa00000, 0x000000008aa00000|100%| E|CS|TAMS 0x000000008a900000, 0x000000008a900000| Complete 
| 170|0x000000008aa00000, 0x000000008ab00000, 0x000000008ab00000|100%| E|CS|TAMS 0x000000008aa00000, 0x000000008aa00000| Complete 
| 171|0x000000008ab00000, 0x000000008ac00000, 0x000000008ac00000|100%| E|CS|TAMS 0x000000008ab00000, 0x000000008ab00000| Complete 
| 172|0x000000008ac00000, 0x000000008acfffe8, 0x000000008ad00000| 99%| E|  |TAMS 0x000000008ac00000, 0x000000008ac00000| Complete 
| 173|0x000000008ad00000, 0x000000008ae00000, 0x000000008ae00000|100%| E|CS|TAMS 0x000000008ad00000, 0x000000008ad00000| Complete 
| 174|0x000000008ae00000, 0x000000008af00000, 0x000000008af00000|100%| E|CS|TAMS 0x000000008ae00000, 0x000000008ae00000| Complete 
| 175|0x000000008af00000, 0x000000008b000000, 0x000000008b000000|100%| E|CS|TAMS 0x000000008af00000, 0x000000008af00000| Complete 
| 176|0x000000008b000000, 0x000000008b100000, 0x000000008b100000|100%| E|CS|TAMS 0x000000008b000000, 0x000000008b000000| Complete 
| 177|0x000000008b100000, 0x000000008b200000, 0x000000008b200000|100%| E|CS|TAMS 0x000000008b100000, 0x000000008b100000| Complete 
| 178|0x000000008b200000, 0x000000008b300000, 0x000000008b300000|100%| E|CS|TAMS 0x000000008b200000, 0x000000008b200000| Complete 
| 179|0x000000008b300000, 0x000000008b400000, 0x000000008b400000|100%| E|CS|TAMS 0x000000008b300000, 0x000000008b300000| Complete 
| 180|0x000000008b400000, 0x000000008b500000, 0x000000008b500000|100%| E|CS|TAMS 0x000000008b400000, 0x000000008b400000| Complete 
| 181|0x000000008b500000, 0x000000008b600000, 0x000000008b600000|100%| E|CS|TAMS 0x000000008b500000, 0x000000008b500000| Complete 
| 182|0x000000008b600000, 0x000000008b700000, 0x000000008b700000|100%| E|CS|TAMS 0x000000008b600000, 0x000000008b600000| Complete 
| 183|0x000000008b700000, 0x000000008b800000, 0x000000008b800000|100%| E|CS|TAMS 0x000000008b700000, 0x000000008b700000| Complete 
| 184|0x000000008b800000, 0x000000008b900000, 0x000000008b900000|100%| E|CS|TAMS 0x000000008b800000, 0x000000008b800000| Complete 
| 251|0x000000008fb00000, 0x000000008fc00000, 0x000000008fc00000|100%| E|CS|TAMS 0x000000008fb00000, 0x000000008fb00000| Complete 

Card table byte_map: [0x00000259a3530000,0x00000259a3930000] _byte_map_base: 0x00000259a3130000

Marking Bits (Prev, Next): (CMBitMap*) 0x000002598c3c0f40, (CMBitMap*) 0x000002598c3c0f80
 Prev Bits: [0x00000259a3d30000, 0x00000259a5d30000)
 Next Bits: [0x00000259a5d30000, 0x00000259a7d30000)

Polling page: 0x000002598a340000

Metaspace:

Usage:
  Non-class:     70.24 MB used.
      Class:     10.84 MB used.
       Both:     81.08 MB used.

Virtual space:
  Non-class space:       72.00 MB reserved,      70.56 MB ( 98%) committed,  9 nodes.
      Class space:        1.00 GB reserved,      11.12 MB (  1%) committed,  1 nodes.
             Both:        1.07 GB reserved,      81.69 MB (  7%) committed. 

Chunk freelists:
   Non-Class:  512.00 KB
       Class:  838.00 KB
        Both:  1.32 MB

MaxMetaspaceSize: unlimited
CompressedClassSpaceSize: 1.00 GB
Initial GC threshold: 21.00 MB
Current GC threshold: 125.44 MB
CDS: on
MetaspaceReclaimPolicy: balanced
 - commit_granule_bytes: 65536.
 - commit_granule_words: 8192.
 - virtual_space_node_default_size: 1048576.
 - enlarge_chunks_in_place: 1.
 - new_chunks_are_fully_committed: 0.
 - uncommit_free_chunks: 1.
 - use_allocation_guard: 0.
 - handle_deallocations: 1.


Internal statistics:

num_allocs_failed_limit: 6.
num_arena_births: 850.
num_arena_deaths: 22.
num_vsnodes_births: 10.
num_vsnodes_deaths: 0.
num_space_committed: 1306.
num_space_uncommitted: 0.
num_chunks_returned_to_freelist: 35.
num_chunks_taken_from_freelist: 4198.
num_chunk_merges: 17.
num_chunk_splits: 2781.
num_chunks_enlarged: 1855.
num_purges: 2.
num_inconsistent_stats: 0.

CodeHeap 'non-profiled nmethods': size=120000Kb used=4992Kb max_used=5064Kb free=115007Kb
 bounds [0x000002599b6b0000, 0x000002599bbc0000, 0x00000259a2be0000]
CodeHeap 'profiled nmethods': size=120000Kb used=21228Kb max_used=21228Kb free=98771Kb
 bounds [0x0000025994180000, 0x0000025995640000, 0x000002599b6b0000]
CodeHeap 'non-nmethods': size=5760Kb used=2384Kb max_used=2438Kb free=3375Kb
 bounds [0x0000025993be0000, 0x0000025993e50000, 0x0000025994180000]
 total_blobs=12066 nmethods=11152 adapters=826
 compilation: enabled
              stopped_count=0, restarted_count=0
 full_count=0

Compilation events (20 events):
Event: 10.381 Thread 0x00000259aa9c6c30 nmethod 12995 0x000002599560f310 code [0x000002599560f4a0, 0x000002599560f5b8]
Event: 10.381 Thread 0x00000259aa9c6c30 12996       2       com.android.aaptcompiler.android.ResTableConfig::getVersion (20 bytes)
Event: 10.381 Thread 0x00000259aa9c6c30 nmethod 12996 0x000002599560f690 code [0x000002599560f820, 0x000002599560f938]
Event: 10.381 Thread 0x00000259aa9c6c30 12997       2       com.android.aaptcompiler.android.ResTableConfig::getScreenSizeDp (20 bytes)
Event: 10.381 Thread 0x00000259aa9c6c30 nmethod 12997 0x000002599560fa10 code [0x000002599560fba0, 0x000002599560fcb8]
Event: 10.381 Thread 0x00000259aa9c6c30 12989       2       com.android.aaptcompiler.android.ResValue::<init> (17 bytes)
Event: 10.381 Thread 0x00000259aa9c6c30 nmethod 12989 0x000002599560fd90 code [0x000002599560ff60, 0x00000259956102b8]
Event: 10.381 Thread 0x00000259aa9c6c30 12990       2       com.android.aaptcompiler.android.ResValue::<init> (26 bytes)
Event: 10.381 Thread 0x00000259aa9c6c30 nmethod 12990 0x0000025995610490 code [0x0000025995610660, 0x0000025995610998]
Event: 10.381 Thread 0x00000259aa9c6c30 12988       1       com.sun.xml.bind.v2.runtime.property.PropertyImpl::isHiddenByOverride (5 bytes)
Event: 10.382 Thread 0x00000259aa9c6c30 nmethod 12988 0x000002599bb6da10 code [0x000002599bb6dba0, 0x000002599bb6dc78]
Event: 10.382 Thread 0x00000259aa9c6c30 12998       2       com.android.aaptcompiler.android.ResTableConfig::compareLocales (142 bytes)
Event: 10.382 Thread 0x00000259aa9c6c30 nmethod 12998 0x0000025995610b90 code [0x0000025995610dc0, 0x0000025995611368]
Event: 10.382 Thread 0x00000259aa9c6c30 12999       2       com.ctc.wstx.sr.AttributeCollector::spillAttr (152 bytes)
Event: 10.382 Thread 0x00000259aa9c6c30 nmethod 12999 0x0000025995611690 code [0x0000025995611880, 0x0000025995611d48]
Event: 10.382 Thread 0x00000259aa9c6c30 13000       2       com.android.aaptcompiler.android.ResTableConfig::compareTo (375 bytes)
Event: 10.383 Thread 0x00000259aa9c6c30 nmethod 13000 0x0000025995612110 code [0x00000259956123c0, 0x0000025995612d48]
Event: 10.383 Thread 0x00000259aa9c6c30 13001       3       java.lang.String::subSequence (7 bytes)
Event: 10.383 Thread 0x00000259aa9c6c30 nmethod 13001 0x0000025995613010 code [0x00000259956131a0, 0x00000259956132e8]
Event: 10.383 Thread 0x00000259aa9c6c30 13004       2       com.android.aaptcompiler.TableExtractor::parseAttrImpl (1791 bytes)

GC Heap History (20 events):
Event: 8.547 GC heap before
{Heap before GC invocations=24 (full 0):
 garbage-first heap   total 156672K, used 124171K [0x0000000080000000, 0x0000000100000000)
  region size 1024K, 63 young (64512K), 8 survivors (8192K)
 Metaspace       used 71053K, committed 71616K, reserved 1114112K
  class space    used 9817K, committed 10048K, reserved 1048576K
}
Event: 8.553 GC heap after
{Heap after GC invocations=25 (full 0):
 garbage-first heap   total 156672K, used 73791K [0x0000000080000000, 0x0000000100000000)
  region size 1024K, 7 young (7168K), 7 survivors (7168K)
 Metaspace       used 71053K, committed 71616K, reserved 1114112K
  class space    used 9817K, committed 10048K, reserved 1048576K
}
Event: 8.732 GC heap before
{Heap before GC invocations=25 (full 0):
 garbage-first heap   total 156672K, used 123967K [0x0000000080000000, 0x0000000100000000)
  region size 1024K, 57 young (58368K), 7 survivors (7168K)
 Metaspace       used 72258K, committed 72832K, reserved 1114112K
  class space    used 10066K, committed 10304K, reserved 1048576K
}
Event: 8.736 GC heap after
{Heap after GC invocations=26 (full 0):
 garbage-first heap   total 156672K, used 79167K [0x0000000080000000, 0x0000000100000000)
  region size 1024K, 7 young (7168K), 7 survivors (7168K)
 Metaspace       used 72258K, committed 72832K, reserved 1114112K
  class space    used 10066K, committed 10304K, reserved 1048576K
}
Event: 8.929 GC heap before
{Heap before GC invocations=26 (full 0):
 garbage-first heap   total 156672K, used 125247K [0x0000000080000000, 0x0000000100000000)
  region size 1024K, 53 young (54272K), 7 survivors (7168K)
 Metaspace       used 73626K, committed 74176K, reserved 1114112K
  class space    used 10185K, committed 10432K, reserved 1048576K
}
Event: 8.933 GC heap after
{Heap after GC invocations=27 (full 0):
 garbage-first heap   total 156672K, used 82634K [0x0000000080000000, 0x0000000100000000)
  region size 1024K, 6 young (6144K), 6 survivors (6144K)
 Metaspace       used 73626K, committed 74176K, reserved 1114112K
  class space    used 10185K, committed 10432K, reserved 1048576K
}
Event: 9.294 GC heap before
{Heap before GC invocations=28 (full 0):
 garbage-first heap   total 158720K, used 126666K [0x0000000080000000, 0x0000000100000000)
  region size 1024K, 49 young (50176K), 6 survivors (6144K)
 Metaspace       used 74909K, committed 75520K, reserved 1114112K
  class space    used 10325K, committed 10624K, reserved 1048576K
}
Event: 9.298 GC heap after
{Heap after GC invocations=29 (full 0):
 garbage-first heap   total 158720K, used 92160K [0x0000000080000000, 0x0000000100000000)
  region size 1024K, 7 young (7168K), 7 survivors (7168K)
 Metaspace       used 74909K, committed 75520K, reserved 1114112K
  class space    used 10325K, committed 10624K, reserved 1048576K
}
Event: 9.300 GC heap before
{Heap before GC invocations=29 (full 0):
 garbage-first heap   total 158720K, used 95232K [0x0000000080000000, 0x0000000100000000)
  region size 1024K, 8 young (8192K), 7 survivors (7168K)
 Metaspace       used 74909K, committed 75520K, reserved 1114112K
  class space    used 10325K, committed 10624K, reserved 1048576K
}
Event: 9.302 GC heap after
{Heap after GC invocations=30 (full 0):
 garbage-first heap   total 190464K, used 91923K [0x0000000080000000, 0x0000000100000000)
  region size 1024K, 1 young (1024K), 1 survivors (1024K)
 Metaspace       used 74909K, committed 75520K, reserved 1114112K
  class space    used 10325K, committed 10624K, reserved 1048576K
}
Event: 9.714 GC heap before
{Heap before GC invocations=30 (full 0):
 garbage-first heap   total 190464K, used 157459K [0x0000000080000000, 0x0000000100000000)
  region size 1024K, 57 young (58368K), 1 survivors (1024K)
 Metaspace       used 76460K, committed 77056K, reserved 1122304K
  class space    used 10475K, committed 10752K, reserved 1048576K
}
Event: 9.719 GC heap after
{Heap after GC invocations=31 (full 0):
 garbage-first heap   total 190464K, used 106630K [0x0000000080000000, 0x0000000100000000)
  region size 1024K, 8 young (8192K), 8 survivors (8192K)
 Metaspace       used 76460K, committed 77056K, reserved 1122304K
  class space    used 10475K, committed 10752K, reserved 1048576K
}
Event: 10.084 GC heap before
{Heap before GC invocations=32 (full 0):
 garbage-first heap   total 190464K, used 166022K [0x0000000080000000, 0x0000000100000000)
  region size 1024K, 50 young (51200K), 8 survivors (8192K)
 Metaspace       used 78847K, committed 79488K, reserved 1122304K
  class space    used 10763K, committed 11072K, reserved 1048576K
}
Event: 10.088 GC heap after
{Heap after GC invocations=33 (full 0):
 garbage-first heap   total 190464K, used 111221K [0x0000000080000000, 0x0000000100000000)
  region size 1024K, 4 young (4096K), 4 survivors (4096K)
 Metaspace       used 78847K, committed 79488K, reserved 1122304K
  class space    used 10763K, committed 11072K, reserved 1048576K
}
Event: 10.097 GC heap before
{Heap before GC invocations=33 (full 0):
 garbage-first heap   total 190464K, used 115317K [0x0000000080000000, 0x0000000100000000)
  region size 1024K, 9 young (9216K), 4 survivors (4096K)
 Metaspace       used 78870K, committed 79488K, reserved 1122304K
  class space    used 10764K, committed 11072K, reserved 1048576K
}
Event: 10.099 GC heap after
{Heap after GC invocations=34 (full 0):
 garbage-first heap   total 190464K, used 111155K [0x0000000080000000, 0x0000000100000000)
  region size 1024K, 2 young (2048K), 2 survivors (2048K)
 Metaspace       used 78870K, committed 79488K, reserved 1122304K
  class space    used 10764K, committed 11072K, reserved 1048576K
}
Event: 10.214 GC heap before
{Heap before GC invocations=34 (full 0):
 garbage-first heap   total 190464K, used 151091K [0x0000000080000000, 0x0000000100000000)
  region size 1024K, 42 young (43008K), 2 survivors (2048K)
 Metaspace       used 82011K, committed 82624K, reserved 1122304K
  class space    used 11036K, committed 11328K, reserved 1048576K
}
Event: 10.217 GC heap after
{Heap after GC invocations=35 (full 0):
 garbage-first heap   total 190464K, used 118316K [0x0000000080000000, 0x0000000100000000)
  region size 1024K, 6 young (6144K), 6 survivors (6144K)
 Metaspace       used 82011K, committed 82624K, reserved 1122304K
  class space    used 11036K, committed 11328K, reserved 1048576K
}
Event: 10.314 GC heap before
{Heap before GC invocations=35 (full 0):
 garbage-first heap   total 190464K, used 154156K [0x0000000080000000, 0x0000000100000000)
  region size 1024K, 42 young (43008K), 6 survivors (6144K)
 Metaspace       used 82727K, committed 83392K, reserved 1122304K
  class space    used 11079K, committed 11392K, reserved 1048576K
}
Event: 10.316 GC heap after
{Heap after GC invocations=36 (full 0):
 garbage-first heap   total 190464K, used 119834K [0x0000000080000000, 0x0000000100000000)
  region size 1024K, 2 young (2048K), 2 survivors (2048K)
 Metaspace       used 82727K, committed 83392K, reserved 1122304K
  class space    used 11079K, committed 11392K, reserved 1048576K
}

Deoptimization events (20 events):
Event: 10.156 Thread 0x00000259aed78f70 Uncommon trap: trap_request=0xffffff45 fr.pc=0x000002599b6e8b00 relative=0x0000000000000460
Event: 10.156 Thread 0x00000259aed78f70 Uncommon trap: reason=unstable_if action=reinterpret pc=0x000002599b6e8b00 method=java.lang.String.substring(II)Ljava/lang/String; @ 31 c2
Event: 10.156 Thread 0x00000259aed78f70 DEOPT PACKING pc=0x000002599b6e8b00 sp=0x00000097470fdbc0
Event: 10.156 Thread 0x00000259aed78f70 DEOPT UNPACKING pc=0x0000025993c323a3 sp=0x00000097470fdb90 mode 2
Event: 10.181 Thread 0x00000259ad0a0f50 DEOPT PACKING pc=0x0000025994ee53e6 sp=0x00000097468fd7a0
Event: 10.181 Thread 0x00000259ad0a0f50 DEOPT UNPACKING pc=0x0000025993c32b43 sp=0x00000097468fcc88 mode 0
Event: 10.193 Thread 0x00000259ad0a0f50 DEOPT PACKING pc=0x000002599426bc16 sp=0x00000097468fd500
Event: 10.193 Thread 0x00000259ad0a0f50 DEOPT UNPACKING pc=0x0000025993c32b43 sp=0x00000097468fc9c8 mode 0
Event: 10.296 Thread 0x00000259aed78aa0 Uncommon trap: trap_request=0xffffff45 fr.pc=0x000002599bba0300 relative=0x0000000000001360
Event: 10.296 Thread 0x00000259aed78aa0 Uncommon trap: reason=unstable_if action=reinterpret pc=0x000002599bba0300 method=java.util.concurrent.ConcurrentHashMap.putVal(Ljava/lang/Object;Ljava/lang/Object;Z)Ljava/lang/Object; @ 245 c2
Event: 10.296 Thread 0x00000259aed78aa0 DEOPT PACKING pc=0x000002599bba0300 sp=0x0000009746ffcd10
Event: 10.296 Thread 0x00000259aed78aa0 DEOPT UNPACKING pc=0x0000025993c323a3 sp=0x0000009746ffcc98 mode 2
Event: 10.300 Thread 0x00000259acdca910 DEOPT PACKING pc=0x0000025995543174 sp=0x00000097474fd950
Event: 10.300 Thread 0x00000259acdca910 DEOPT UNPACKING pc=0x0000025993c32b43 sp=0x00000097474fcce0 mode 0
Event: 10.380 Thread 0x00000259b0a8bed0 DEOPT PACKING pc=0x00000259950ac5f0 sp=0x0000009745efa0a0
Event: 10.380 Thread 0x00000259b0a8bed0 DEOPT UNPACKING pc=0x0000025993c32b43 sp=0x0000009745ef95b0 mode 0
Event: 10.382 Thread 0x00000259ad0a0f50 Uncommon trap: trap_request=0xffffff45 fr.pc=0x000002599b87f580 relative=0x0000000000000460
Event: 10.382 Thread 0x00000259ad0a0f50 Uncommon trap: reason=unstable_if action=reinterpret pc=0x000002599b87f580 method=java.lang.String.substring(II)Ljava/lang/String; @ 31 c2
Event: 10.382 Thread 0x00000259ad0a0f50 DEOPT PACKING pc=0x000002599b87f580 sp=0x00000097468fd3b0
Event: 10.382 Thread 0x00000259ad0a0f50 DEOPT UNPACKING pc=0x0000025993c323a3 sp=0x00000097468fd2f8 mode 2

Classes unloaded (11 events):
Event: 9.745 Thread 0x00000259aa9a0720 Unloading class 0x00000008015f0000 'java/lang/invoke/LambdaForm$DMH+0x00000008015f0000'
Event: 9.745 Thread 0x00000259aa9a0720 Unloading class 0x00000008015e6800 'java/lang/invoke/LambdaForm$DMH+0x00000008015e6800'
Event: 9.745 Thread 0x00000259aa9a0720 Unloading class 0x00000008015e6400 'java/lang/invoke/LambdaForm$DMH+0x00000008015e6400'
Event: 9.745 Thread 0x00000259aa9a0720 Unloading class 0x00000008015e6000 'java/lang/invoke/LambdaForm$DMH+0x00000008015e6000'
Event: 9.745 Thread 0x00000259aa9a0720 Unloading class 0x00000008015e5800 'java/lang/invoke/LambdaForm$DMH+0x00000008015e5800'
Event: 9.745 Thread 0x00000259aa9a0720 Unloading class 0x00000008015e5c00 'java/lang/invoke/LambdaForm$DMH+0x00000008015e5c00'
Event: 9.745 Thread 0x00000259aa9a0720 Unloading class 0x00000008015e5000 'java/lang/invoke/LambdaForm$DMH+0x00000008015e5000'
Event: 9.745 Thread 0x00000259aa9a0720 Unloading class 0x00000008015e5400 'java/lang/invoke/LambdaForm$DMH+0x00000008015e5400'
Event: 9.745 Thread 0x00000259aa9a0720 Unloading class 0x00000008015e4c00 'java/lang/invoke/LambdaForm$DMH+0x00000008015e4c00'
Event: 9.745 Thread 0x00000259aa9a0720 Unloading class 0x00000008015e4400 'java/lang/invoke/LambdaForm$DMH+0x00000008015e4400'
Event: 9.745 Thread 0x00000259aa9a0720 Unloading class 0x00000008015e4000 'java/lang/invoke/LambdaForm$DMH+0x00000008015e4000'

Classes redefined (0 events):
No events

Internal exceptions (20 events):
Event: 10.355 Thread 0x00000259b0a8bed0 Exception <a 'sun/nio/fs/WindowsException'{0x000000008ae95f68}> (0x000000008ae95f68) 
thrown [s\open\src\hotspot\share\prims\jni.cpp, line 516]
Event: 10.356 Thread 0x00000259b0a8bed0 Exception <a 'sun/nio/fs/WindowsException'{0x000000008aea9468}> (0x000000008aea9468) 
thrown [s\open\src\hotspot\share\prims\jni.cpp, line 516]
Event: 10.356 Thread 0x00000259b0a8bed0 Exception <a 'sun/nio/fs/WindowsException'{0x000000008aebae08}> (0x000000008aebae08) 
thrown [s\open\src\hotspot\share\prims\jni.cpp, line 516]
Event: 10.357 Thread 0x00000259b0a8bed0 Exception <a 'sun/nio/fs/WindowsException'{0x000000008aece1d8}> (0x000000008aece1d8) 
thrown [s\open\src\hotspot\share\prims\jni.cpp, line 516]
Event: 10.358 Thread 0x00000259b0a8bed0 Exception <a 'sun/nio/fs/WindowsException'{0x000000008aedfba0}> (0x000000008aedfba0) 
thrown [s\open\src\hotspot\share\prims\jni.cpp, line 516]
Event: 10.358 Thread 0x00000259b0a8bed0 Exception <a 'sun/nio/fs/WindowsException'{0x000000008aef1658}> (0x000000008aef1658) 
thrown [s\open\src\hotspot\share\prims\jni.cpp, line 516]
Event: 10.359 Thread 0x00000259b0a8bed0 Exception <a 'sun/nio/fs/WindowsException'{0x000000008ad11dc0}> (0x000000008ad11dc0) 
thrown [s\open\src\hotspot\share\prims\jni.cpp, line 516]
Event: 10.360 Thread 0x00000259b0a8bed0 Exception <a 'sun/nio/fs/WindowsException'{0x000000008ad26910}> (0x000000008ad26910) 
thrown [s\open\src\hotspot\share\prims\jni.cpp, line 516]
Event: 10.361 Thread 0x00000259b0a8bed0 Exception <a 'sun/nio/fs/WindowsException'{0x000000008ad58840}> (0x000000008ad58840) 
thrown [s\open\src\hotspot\share\prims\jni.cpp, line 516]
Event: 10.362 Thread 0x00000259b0a8bed0 Exception <a 'sun/nio/fs/WindowsException'{0x000000008ad7a548}> (0x000000008ad7a548) 
thrown [s\open\src\hotspot\share\prims\jni.cpp, line 516]
Event: 10.363 Thread 0x00000259b0a8bed0 Exception <a 'sun/nio/fs/WindowsException'{0x000000008ad9dd18}> (0x000000008ad9dd18) 
thrown [s\open\src\hotspot\share\prims\jni.cpp, line 516]
Event: 10.364 Thread 0x00000259b0a8bed0 Exception <a 'sun/nio/fs/WindowsException'{0x000000008adaf648}> (0x000000008adaf648) 
thrown [s\open\src\hotspot\share\prims\jni.cpp, line 516]
Event: 10.365 Thread 0x00000259b0a8bed0 Exception <a 'sun/nio/fs/WindowsException'{0x000000008adc0fd8}> (0x000000008adc0fd8) 
thrown [s\open\src\hotspot\share\prims\jni.cpp, line 516]
Event: 10.366 Thread 0x00000259b0a8bed0 Exception <a 'sun/nio/fs/WindowsException'{0x000000008adf2fa8}> (0x000000008adf2fa8) 
thrown [s\open\src\hotspot\share\prims\jni.cpp, line 516]
Event: 10.367 Thread 0x00000259b0a8bed0 Exception <a 'sun/nio/fs/WindowsException'{0x000000008ac34ee0}> (0x000000008ac34ee0) 
thrown [s\open\src\hotspot\share\prims\jni.cpp, line 516]
Event: 10.369 Thread 0x00000259b0a8bed0 Exception <a 'sun/nio/fs/WindowsException'{0x000000008ac77210}> (0x000000008ac77210) 
thrown [s\open\src\hotspot\share\prims\jni.cpp, line 516]
Event: 10.369 Thread 0x00000259b0a8bed0 Exception <a 'sun/nio/fs/WindowsException'{0x000000008ac88ae8}> (0x000000008ac88ae8) 
thrown [s\open\src\hotspot\share\prims\jni.cpp, line 516]
Event: 10.375 Thread 0x00000259b0a8bed0 Exception <a 'sun/nio/fs/WindowsException'{0x000000008aa00538}> (0x000000008aa00538) 
thrown [s\open\src\hotspot\share\prims\jni.cpp, line 516]
Event: 10.375 Thread 0x00000259b0a8bed0 Exception <a 'sun/nio/fs/WindowsException'{0x000000008aa32b18}> (0x000000008aa32b18) 
thrown [s\open\src\hotspot\share\prims\jni.cpp, line 516]
Event: 10.376 Thread 0x00000259b0a8bed0 Exception <a 'sun/nio/fs/WindowsException'{0x000000008aa64b50}> (0x000000008aa64b50) 
thrown [s\open\src\hotspot\share\prims\jni.cpp, line 516]

VM Operations (20 events):
Event: 9.624 Executing VM operation: ICBufferFull
Event: 9.625 Executing VM operation: ICBufferFull done
Event: 9.714 Executing VM operation: G1CollectForAllocation
Event: 9.719 Executing VM operation: G1CollectForAllocation done
Event: 9.744 Executing VM operation: G1Concurrent
Event: 9.750 Executing VM operation: G1Concurrent done
Event: 9.766 Executing VM operation: G1Concurrent
Event: 9.766 Executing VM operation: G1Concurrent done
Event: 9.860 Executing VM operation: HandshakeAllThreads
Event: 9.860 Executing VM operation: HandshakeAllThreads done
Event: 10.084 Executing VM operation: G1CollectForAllocation
Event: 10.088 Executing VM operation: G1CollectForAllocation done
Event: 10.097 Executing VM operation: G1CollectForAllocation
Event: 10.099 Executing VM operation: G1CollectForAllocation done
Event: 10.214 Executing VM operation: G1CollectForAllocation
Event: 10.217 Executing VM operation: G1CollectForAllocation done
Event: 10.300 Executing VM operation: HandshakeAllThreads
Event: 10.303 Executing VM operation: HandshakeAllThreads done
Event: 10.311 Executing VM operation: G1CollectForAllocation
Event: 10.317 Executing VM operation: G1CollectForAllocation done

Events (20 events):
Event: 10.137 loading class javax/xml/stream/events/Attribute done
Event: 10.137 loading class javax/xml/stream/events/Characters
Event: 10.137 loading class javax/xml/stream/events/Characters done
Event: 10.138 Thread 0x00000259acdc95d0 Thread added: 0x00000259acdc95d0
Event: 10.140 loading class java/util/Spliterators$2Adapter
Event: 10.140 loading class java/util/PrimitiveIterator$OfInt
Event: 10.140 loading class java/util/PrimitiveIterator
Event: 10.140 loading class java/util/PrimitiveIterator done
Event: 10.140 loading class java/util/PrimitiveIterator$OfInt done
Event: 10.140 loading class java/util/Spliterators$2Adapter done
Event: 10.141 loading class java/lang/StringUTF16$CodePointsSpliterator
Event: 10.141 loading class javax/xml/stream/events/EndElement
Event: 10.141 loading class javax/xml/stream/events/EndElement done
Event: 10.141 loading class java/lang/StringUTF16$CodePointsSpliterator done
Event: 10.157 loading class javax/xml/stream/events/Namespace
Event: 10.157 loading class javax/xml/stream/events/Namespace done
Event: 10.208 loading class java/nio/charset/UnsupportedCharsetException
Event: 10.208 loading class java/nio/charset/UnsupportedCharsetException done
Event: 10.290 loading class javax/xml/stream/events/Comment
Event: 10.290 loading class javax/xml/stream/events/Comment done


Dynamic libraries:
0x00007ff7dc980000 - 0x00007ff7dc990000 	C:\Program Files\Java\jdk-17.0.5\bin\java.exe
0x00007ffc13160000 - 0x00007ffc13369000 	C:\windows\SYSTEM32\ntdll.dll
0x00007ffc11910000 - 0x00007ffc119ce000 	C:\windows\System32\KERNEL32.DLL
0x00007ffc10c60000 - 0x00007ffc10fdb000 	C:\windows\System32\KERNELBASE.dll
0x00007ffc10630000 - 0x00007ffc10741000 	C:\windows\System32\ucrtbase.dll
0x00007ffbfe6f0000 - 0x00007ffbfe708000 	C:\Program Files\Java\jdk-17.0.5\bin\jli.dll
0x00007ffbf0b40000 - 0x00007ffbf0b5a000 	C:\Program Files\Java\jdk-17.0.5\bin\VCRUNTIME140.dll
0x00007ffc12d90000 - 0x00007ffc12e3e000 	C:\windows\System32\ADVAPI32.dll
0x00007ffc12870000 - 0x00007ffc12913000 	C:\windows\System32\msvcrt.dll
0x00007ffc12680000 - 0x00007ffc1271e000 	C:\windows\System32\sechost.dll
0x00007ffc10fe0000 - 0x00007ffc11100000 	C:\windows\System32\RPCRT4.dll
0x00007ffc12f70000 - 0x00007ffc1311d000 	C:\windows\System32\USER32.dll
0x00007ffc10c30000 - 0x00007ffc10c56000 	C:\windows\System32\win32u.dll
0x00007ffc114d0000 - 0x00007ffc114f9000 	C:\windows\System32\GDI32.dll
0x00007ffbf0da0000 - 0x00007ffbf1045000 	C:\windows\WinSxS\amd64_microsoft.windows.common-controls_6595b64144ccf1df_6.0.22000.120_none_9d947278b86cc467\COMCTL32.dll
0x00007ffc10750000 - 0x00007ffc10868000 	C:\windows\System32\gdi32full.dll
0x00007ffc109a0000 - 0x00007ffc10a3d000 	C:\windows\System32\msvcp_win.dll
0x00007ffc05ff0000 - 0x00007ffc05ffa000 	C:\windows\SYSTEM32\VERSION.dll
0x00007ffc11100000 - 0x00007ffc11132000 	C:\windows\System32\IMM32.DLL
0x00007ffc0bef0000 - 0x00007ffc0befc000 	C:\Program Files\Java\jdk-17.0.5\bin\vcruntime140_1.dll
0x00007ffbd4ba0000 - 0x00007ffbd4c2d000 	C:\Program Files\Java\jdk-17.0.5\bin\msvcp140.dll
0x00007ffbc1f40000 - 0x00007ffbc2b02000 	C:\Program Files\Java\jdk-17.0.5\bin\server\jvm.dll
0x00007ffc12e40000 - 0x00007ffc12e48000 	C:\windows\System32\PSAPI.DLL
0x00007ffc0a150000 - 0x00007ffc0a183000 	C:\windows\SYSTEM32\WINMM.dll
0x00007ffbccca0000 - 0x00007ffbccca9000 	C:\windows\SYSTEM32\WSOCK32.dll
0x00007ffc112a0000 - 0x00007ffc1130f000 	C:\windows\System32\WS2_32.dll
0x00007ffc0f7a0000 - 0x00007ffc0f7b8000 	C:\windows\SYSTEM32\kernel.appcore.dll
0x00007ffc09cd0000 - 0x00007ffc09cda000 	C:\Program Files\Java\jdk-17.0.5\bin\jimage.dll
0x00007ffc0db70000 - 0x00007ffc0dd91000 	C:\windows\SYSTEM32\DBGHELP.DLL
0x00007ffbfa180000 - 0x00007ffbfa1b1000 	C:\windows\SYSTEM32\dbgcore.DLL
0x00007ffc10bb0000 - 0x00007ffc10c2f000 	C:\windows\System32\bcryptPrimitives.dll
0x00007ffbe5560000 - 0x00007ffbe5585000 	C:\Program Files\Java\jdk-17.0.5\bin\java.dll
0x00007ffbc8680000 - 0x00007ffbc8756000 	C:\Program Files\Java\jdk-17.0.5\bin\jsvml.dll
0x00007ffc11ec0000 - 0x00007ffc12678000 	C:\windows\System32\SHELL32.dll
0x00007ffc0e730000 - 0x00007ffc0ef95000 	C:\windows\SYSTEM32\windows.storage.dll
0x00007ffc11500000 - 0x00007ffc11878000 	C:\windows\System32\combase.dll
0x00007ffc0e5c0000 - 0x00007ffc0e726000 	C:\windows\SYSTEM32\wintypes.dll
0x00007ffc12be0000 - 0x00007ffc12cca000 	C:\windows\System32\SHCORE.dll
0x00007ffc12920000 - 0x00007ffc1297d000 	C:\windows\System32\shlwapi.dll
0x00007ffc10560000 - 0x00007ffc10581000 	C:\windows\SYSTEM32\profapi.dll
0x00007ffbf0b20000 - 0x00007ffbf0b39000 	C:\Program Files\Java\jdk-17.0.5\bin\net.dll
0x00007ffc0c300000 - 0x00007ffc0c414000 	C:\windows\SYSTEM32\WINHTTP.dll
0x00007ffc0fc40000 - 0x00007ffc0fca7000 	C:\windows\system32\mswsock.dll
0x00007ffbf03c0000 - 0x00007ffbf03d6000 	C:\Program Files\Java\jdk-17.0.5\bin\nio.dll
0x00007ffbeca40000 - 0x00007ffbeca58000 	C:\Program Files\Java\jdk-17.0.5\bin\zip.dll
0x00007ffbff8f0000 - 0x00007ffbff900000 	C:\Program Files\Java\jdk-17.0.5\bin\verify.dll
0x00007ffbff880000 - 0x00007ffbff8a7000 	C:\Users\HADI\.gradle\native\e1d6ef7f7dcc3fd88c89a11ec53ec762bb8ba0a96d01ffa2cd45eb1d1d8dd5c5\windows-amd64\native-platform.dll
0x00007ffbc69a0000 - 0x00007ffbc6ae4000 	C:\Users\HADI\.gradle\native\5664cfc778a61ccfe75a443a1ab52a65af34e5dc3c78e0209fed803814484fcb\windows-amd64\native-platform-file-events.dll
0x00007ffbff8d0000 - 0x00007ffbff8d9000 	C:\Program Files\Java\jdk-17.0.5\bin\management.dll
0x00007ffbfe680000 - 0x00007ffbfe68b000 	C:\Program Files\Java\jdk-17.0.5\bin\management_ext.dll
0x00007ffc0fe90000 - 0x00007ffc0fea8000 	C:\windows\SYSTEM32\CRYPTSP.dll
0x00007ffc0f700000 - 0x00007ffc0f735000 	C:\windows\system32\rsaenh.dll
0x00007ffc0fd30000 - 0x00007ffc0fd59000 	C:\windows\SYSTEM32\USERENV.dll
0x00007ffc10010000 - 0x00007ffc10037000 	C:\windows\SYSTEM32\bcrypt.dll
0x00007ffc0fe80000 - 0x00007ffc0fe8c000 	C:\windows\SYSTEM32\CRYPTBASE.dll
0x00007ffc0f2d0000 - 0x00007ffc0f2fd000 	C:\windows\SYSTEM32\IPHLPAPI.DLL
0x00007ffc111a0000 - 0x00007ffc111a9000 	C:\windows\System32\NSI.dll
0x00007ffc0a130000 - 0x00007ffc0a149000 	C:\windows\SYSTEM32\dhcpcsvc6.DLL
0x00007ffc0a2e0000 - 0x00007ffc0a2fe000 	C:\windows\SYSTEM32\dhcpcsvc.DLL
0x00007ffc0f340000 - 0x00007ffc0f428000 	C:\windows\SYSTEM32\DNSAPI.dll
0x00007ffbf1150000 - 0x00007ffbf115e000 	C:\Program Files\Java\jdk-17.0.5\bin\sunmscapi.dll
0x00007ffc10a40000 - 0x00007ffc10ba2000 	C:\windows\System32\CRYPT32.dll
0x00007ffc0ffe0000 - 0x00007ffc10008000 	C:\windows\SYSTEM32\ncrypt.dll
0x00007ffc0ffa0000 - 0x00007ffc0ffd7000 	C:\windows\SYSTEM32\NTASN1.dll
0x00007ffbedb10000 - 0x00007ffbedb18000 	C:\windows\system32\wshunix.dll
0x00007ffc0f7c0000 - 0x00007ffc0f7f4000 	C:\windows\SYSTEM32\ntmarta.dll

dbghelp: loaded successfully - version: 4.0.5 - missing functions: none
symbol engine: initialized successfully - sym options: 0x614 - pdb path: .;C:\Program Files\Java\jdk-17.0.5\bin;C:\windows\SYSTEM32;C:\windows\WinSxS\amd64_microsoft.windows.common-controls_6595b64144ccf1df_6.0.22000.120_none_9d947278b86cc467;C:\Program Files\Java\jdk-17.0.5\bin\server;C:\Users\HADI\.gradle\native\e1d6ef7f7dcc3fd88c89a11ec53ec762bb8ba0a96d01ffa2cd45eb1d1d8dd5c5\windows-amd64;C:\Users\HADI\.gradle\native\5664cfc778a61ccfe75a443a1ab52a65af34e5dc3c78e0209fed803814484fcb\windows-amd64

VM Arguments:
jvm_args: --add-opens=java.base/java.util=ALL-UNNAMED --add-opens=java.base/java.lang=ALL-UNNAMED --add-opens=java.base/java.lang.invoke=ALL-UNNAMED --add-opens=java.base/java.util=ALL-UNNAMED --add-opens=java.prefs/java.util.prefs=ALL-UNNAMED --add-opens=java.prefs/java.util.prefs=ALL-UNNAMED --add-opens=java.base/java.nio.charset=ALL-UNNAMED --add-opens=java.base/java.net=ALL-UNNAMED --add-opens=java.base/java.util.concurrent.atomic=ALL-UNNAMED -Xmx2048m -Dfile.encoding=UTF-8 -Duser.country=US -Duser.language=en -Duser.variant 
java_command: org.gradle.launcher.daemon.bootstrap.GradleDaemon 7.3.3
java_class_path (initial): C:\Users\HADI\.gradle\wrapper\dists\gradle-7.3.3-bin\6a41zxkdtcxs8rphpq6y0069z\gradle-7.3.3\lib\gradle-launcher-7.3.3.jar
Launcher Type: SUN_STANDARD

[Global flags]
     intx CICompilerCount                          = 4                                         {product} {ergonomic}
     uint ConcGCThreads                            = 3                                         {product} {ergonomic}
     uint G1ConcRefinementThreads                  = 10                                        {product} {ergonomic}
   size_t G1HeapRegionSize                         = 1048576                                   {product} {ergonomic}
    uintx GCDrainStackTargetSize                   = 64                                        {product} {ergonomic}
   size_t InitialHeapSize                          = 264241152                                 {product} {ergonomic}
   size_t MarkStackSize                            = 4194304                                   {product} {ergonomic}
   size_t MaxHeapSize                              = 2147483648                                {product} {command line}
   size_t MaxNewSize                               = 1287651328                                {product} {ergonomic}
   size_t MinHeapDeltaBytes                        = 1048576                                   {product} {ergonomic}
   size_t MinHeapSize                              = 8388608                                   {product} {ergonomic}
    uintx NonNMethodCodeHeapSize                   = 5839372                                {pd product} {ergonomic}
    uintx NonProfiledCodeHeapSize                  = 122909434                              {pd product} {ergonomic}
    uintx ProfiledCodeHeapSize                     = 122909434                              {pd product} {ergonomic}
    uintx ReservedCodeCacheSize                    = 251658240                              {pd product} {ergonomic}
     bool SegmentedCodeCache                       = true                                      {product} {ergonomic}
   size_t SoftMaxHeapSize                          = 2147483648                             {manageable} {ergonomic}
     bool UseCompressedClassPointers               = true                           {product lp64_product} {ergonomic}
     bool UseCompressedOops                        = true                           {product lp64_product} {ergonomic}
     bool UseG1GC                                  = true                                      {product} {ergonomic}
     bool UseLargePagesIndividualAllocation        = false                                  {pd product} {ergonomic}

Logging:
Log output configuration:
 #0: stdout all=warning uptime,level,tags
 #1: stderr all=off uptime,level,tags

Environment Variables:
JAVA_HOME=C:\Program Files\Java\jdk-17.0.5
PATH=C:\Program Files\Common Files\Oracle\Java\javapath;C:\windows\system32;C:\windows;C:\windows\System32\Wbem;C:\windows\System32\WindowsPowerShell\v1.0\;C:\windows\System32\OpenSSH\;C:\Program Files (x86)\NVIDIA Corporation\PhysX\Common;C:\Program Files\NVIDIA Corporation\NVIDIA NvDLISR;C:\Program Files\apache-maven-3.8.6\bin;C:\Program Files\Microsoft VS Code\bin;%JAVA_HOME%\bin;C:\Program Files\Git\cmd;C:\Users\HADI\AppData\Local\Microsoft\WindowsApps;";C:\Program Files (x86)\Git\bin";
USERNAME=HADI
OS=Windows_NT
PROCESSOR_IDENTIFIER=Intel64 Family 6 Model 154 Stepping 3, GenuineIntel



---------------  S Y S T E M  ---------------

OS:
 Windows 11 , 64 bit Build 22000 (10.0.22000.1219)
OS uptime: 0 days 2:11 hours

CPU: total 12 (initial active 12) (6 cores per cpu, 2 threads per core) family 6 model 154 stepping 3 microcode 0x41b, cx8, cmov, fxsr, ht, mmx, 3dnowpref, sse, sse2, sse3, ssse3, sse4.1, sse4.2, popcnt, lzcnt, tsc, tscinvbit, avx, avx2, aes, erms, clmul, bmi1, bmi2, adx, sha, fma, vzeroupper, clflush, clflushopt, clwb

Memory: 4k page, system-wide physical 16052M (299M free)
TotalPageFile size 65204M (AvailPageFile size 5M)
current process WorkingSet (physical memory assigned to process): 431M, peak: 446M
current process commit charge ("private bytes"): 485M, peak: 494M

vm_info: Java HotSpot(TM) 64-Bit Server VM (17.0.5+9-LTS-191) for windows-amd64 JRE (17.0.5+9-LTS-191), built on Sep 13 2022 17:31:43 by "mach5one" with MS VC++ 16.8 / 16.9 (VS2019)

END.
