#
# There is insufficient memory for the Java Runtime Environment to continue.
# Native memory allocation (malloc) failed to allocate 2160768 bytes for Chunk::new
# Possible reasons:
#   The system is out of physical RAM or swap space
#   The process is running with CompressedOops enabled, and the Java Heap may be blocking the growth of the native heap
# Possible solutions:
#   Reduce memory load on the system
#   Increase physical memory or swap space
#   Check if swap backing store is full
#   Decrease Java heap size (-Xmx/-Xms)
#   Decrease number of Java threads
#   Decrease Java thread stack sizes (-Xss)
#   Set larger code cache with -XX:ReservedCodeCacheSize=
#   JVM is running with Unscaled Compressed Oops mode in which the Java heap is
#     placed in the first 4GB address space. The Java Heap base address is the
#     maximum limit for the native heap growth. Please use -XX:HeapBaseMinAddress
#     to set the Java Heap base and to place the Java Heap above 4GB virtual address.
# This output file may be truncated or incomplete.
#
#  Out of Memory Error (arena.cpp:189), pid=18764, tid=19680
#
# JRE version: Java(TM) SE Runtime Environment (17.0.5+9) (build 17.0.5+9-LTS-191)
# Java VM: Java HotSpot(TM) 64-Bit Server VM (17.0.5+9-LTS-191, mixed mode, sharing, tiered, compressed oops, compressed class ptrs, g1 gc, windows-amd64)
# No core dump will be written. Minidumps are not enabled by default on client versions of Windows
#

---------------  S U M M A R Y ------------

Command Line: --add-opens=java.base/java.util=ALL-UNNAMED --add-opens=java.base/java.lang=ALL-UNNAMED --add-opens=java.base/java.lang.invoke=ALL-UNNAMED --add-opens=java.base/java.util=ALL-UNNAMED --add-opens=java.prefs/java.util.prefs=ALL-UNNAMED --add-opens=java.prefs/java.util.prefs=ALL-UNNAMED --add-opens=java.base/java.nio.charset=ALL-UNNAMED --add-opens=java.base/java.net=ALL-UNNAMED --add-opens=java.base/java.util.concurrent.atomic=ALL-UNNAMED -Xmx2048m -Dfile.encoding=UTF-8 -Duser.country=US -Duser.language=en -Duser.variant org.gradle.launcher.daemon.bootstrap.GradleDaemon 7.3.3

Host: 12th Gen Intel(R) Core(TM) i5-12450H, 12 cores, 15G,  Windows 11 , 64 bit Build 22000 (10.0.22000.1219)
Time: Tue Dec 20 12:48:33 2022 Iran Standard Time elapsed time: 1.584891 seconds (0d 0h 0m 1s)

---------------  T H R E A D  ---------------

Current thread (0x0000020766405f40):  JavaThread "C2 CompilerThread0" daemon [_thread_in_native, id=19680, stack(0x000000b4f2400000,0x000000b4f2500000)]


Current CompileTask:
C2:   1584 2029   !   4       java.lang.ClassLoader::loadClass (121 bytes)

Stack: [0x000000b4f2400000,0x000000b4f2500000]
Native frames: (J=compiled Java code, j=interpreted, Vv=VM code, C=native code)
V  [jvm.dll+0x672eea]
V  [jvm.dll+0x7d2a04]
V  [jvm.dll+0x7d41ae]
V  [jvm.dll+0x7d4813]
V  [jvm.dll+0x242c15]
V  [jvm.dll+0xaa57b]
V  [jvm.dll+0xaab0c]
V  [jvm.dll+0x35ff97]
V  [jvm.dll+0x32a631]
V  [jvm.dll+0x329ada]
V  [jvm.dll+0x215cc1]
V  [jvm.dll+0x2150e1]
V  [jvm.dll+0x1a18ed]
V  [jvm.dll+0x22493a]
V  [jvm.dll+0x222aa5]
V  [jvm.dll+0x7885db]
V  [jvm.dll+0x782b4a]
V  [jvm.dll+0x671d75]
C  [ucrtbase.dll+0x26c0c]
C  [KERNEL32.DLL+0x15550]
C  [ntdll.dll+0x485b]


---------------  P R O C E S S  ---------------

Threads class SMR info:
_java_thread_list=0x0000020768f8f640, length=26, elements={
0x0000020747da2840, 0x00000207663e7fb0, 0x00000207663e8570, 0x00000207663ff500,
0x00000207663ff9d0, 0x00000207663fff90, 0x0000020766400550, 0x0000020766405f40,
0x0000020766406a00, 0x0000020766408330, 0x00000207671274b0, 0x000002076712b990,
0x000002076716b0a0, 0x0000020768333430, 0x0000020769b3bee0, 0x00000207689f0f30,
0x00000207689f2740, 0x00000207689f1400, 0x00000207689f2c10, 0x00000207689f30e0,
0x00000207689f0590, 0x00000207689f1da0, 0x00000207689f35b0, 0x00000207689efbf0,
0x00000207689f18d0, 0x00000207689f00c0
}

Java Threads: ( => current thread )
  0x0000020747da2840 JavaThread "main" [_thread_blocked, id=20456, stack(0x000000b4f1700000,0x000000b4f1800000)]
  0x00000207663e7fb0 JavaThread "Reference Handler" daemon [_thread_blocked, id=4284, stack(0x000000b4f1e00000,0x000000b4f1f00000)]
  0x00000207663e8570 JavaThread "Finalizer" daemon [_thread_blocked, id=5404, stack(0x000000b4f1f00000,0x000000b4f2000000)]
  0x00000207663ff500 JavaThread "Signal Dispatcher" daemon [_thread_blocked, id=5152, stack(0x000000b4f2000000,0x000000b4f2100000)]
  0x00000207663ff9d0 JavaThread "Attach Listener" daemon [_thread_blocked, id=14940, stack(0x000000b4f2100000,0x000000b4f2200000)]
  0x00000207663fff90 JavaThread "Service Thread" daemon [_thread_blocked, id=4676, stack(0x000000b4f2200000,0x000000b4f2300000)]
  0x0000020766400550 JavaThread "Monitor Deflation Thread" daemon [_thread_blocked, id=16528, stack(0x000000b4f2300000,0x000000b4f2400000)]
=>0x0000020766405f40 JavaThread "C2 CompilerThread0" daemon [_thread_in_native, id=19680, stack(0x000000b4f2400000,0x000000b4f2500000)]
  0x0000020766406a00 JavaThread "C1 CompilerThread0" daemon [_thread_blocked, id=8804, stack(0x000000b4f2500000,0x000000b4f2600000)]
  0x0000020766408330 JavaThread "Sweeper thread" daemon [_thread_blocked, id=19600, stack(0x000000b4f2600000,0x000000b4f2700000)]
  0x00000207671274b0 JavaThread "Common-Cleaner" daemon [_thread_blocked, id=19968, stack(0x000000b4f2700000,0x000000b4f2800000)]
  0x000002076712b990 JavaThread "Notification Thread" daemon [_thread_blocked, id=15964, stack(0x000000b4f2800000,0x000000b4f2900000)]
  0x000002076716b0a0 JavaThread "C2 CompilerThread1" daemon [_thread_blocked, id=2348, stack(0x000000b4f2a00000,0x000000b4f2b00000)]
  0x0000020768333430 JavaThread "Daemon health stats" [_thread_blocked, id=20388, stack(0x000000b4f3000000,0x000000b4f3100000)]
  0x0000020769b3bee0 JavaThread "Incoming local TCP Connector on port 60443" [_thread_in_native, id=6028, stack(0x000000b4f3100000,0x000000b4f3200000)]
  0x00000207689f0f30 JavaThread "Daemon periodic checks" [_thread_blocked, id=11764, stack(0x000000b4f3200000,0x000000b4f3300000)]
  0x00000207689f2740 JavaThread "Daemon" [_thread_blocked, id=1256, stack(0x000000b4f3300000,0x000000b4f3400000)]
  0x00000207689f1400 JavaThread "Handler for socket connection from /127.0.0.1:60443 to /127.0.0.1:60444" [_thread_in_native, id=19056, stack(0x000000b4f3400000,0x000000b4f3500000)]
  0x00000207689f2c10 JavaThread "Cancel handler" [_thread_blocked, id=17184, stack(0x000000b4f3500000,0x000000b4f3600000)]
  0x00000207689f30e0 JavaThread "Daemon worker" [_thread_in_vm, id=11500, stack(0x000000b4f3600000,0x000000b4f3700000)]
  0x00000207689f0590 JavaThread "Asynchronous log dispatcher for DefaultDaemonConnection: socket connection from /127.0.0.1:60443 to /127.0.0.1:60444" [_thread_blocked, id=19544, stack(0x000000b4f3700000,0x000000b4f3800000)]
  0x00000207689f1da0 JavaThread "Stdin handler" [_thread_blocked, id=3112, stack(0x000000b4f3800000,0x000000b4f3900000)]
  0x00000207689f35b0 JavaThread "Daemon client event forwarder" [_thread_blocked, id=19036, stack(0x000000b4f3900000,0x000000b4f3a00000)]
  0x00000207689efbf0 JavaThread "Cache worker for journal cache (C:\Users\HADI\.gradle\caches\journal-1)" [_thread_blocked, id=6588, stack(0x000000b4f3a00000,0x000000b4f3b00000)]
  0x00000207689f18d0 JavaThread "File lock request listener" [_thread_in_native, id=3172, stack(0x000000b4f3b00000,0x000000b4f3c00000)]
  0x00000207689f00c0 JavaThread "Cache worker for file hash cache (C:\Users\HADI\.gradle\caches\7.3.3\fileHashes)" [_thread_blocked, id=19052, stack(0x000000b4f3c00000,0x000000b4f3d00000)]

Other Threads:
  0x00000207663e3610 VMThread "VM Thread" [stack: 0x000000b4f1d00000,0x000000b4f1e00000] [id=16520]
  0x0000020747e18f70 WatcherThread [stack: 0x000000b4f2900000,0x000000b4f2a00000] [id=20452]
  0x0000020747e01210 GCTaskThread "GC Thread#0" [stack: 0x000000b4f1800000,0x000000b4f1900000] [id=14772]
  0x0000020767cc3fe0 GCTaskThread "GC Thread#1" [stack: 0x000000b4f2b00000,0x000000b4f2c00000] [id=10176]
  0x0000020767f82f30 GCTaskThread "GC Thread#2" [stack: 0x000000b4f2c00000,0x000000b4f2d00000] [id=14776]
  0x0000020767defd70 GCTaskThread "GC Thread#3" [stack: 0x000000b4f2d00000,0x000000b4f2e00000] [id=17876]
  0x0000020767df0020 GCTaskThread "GC Thread#4" [stack: 0x000000b4f2e00000,0x000000b4f2f00000] [id=19788]
  0x0000020767c3b980 GCTaskThread "GC Thread#5" [stack: 0x000000b4f2f00000,0x000000b4f3000000] [id=17312]
  0x0000020747e12050 ConcurrentGCThread "G1 Main Marker" [stack: 0x000000b4f1900000,0x000000b4f1a00000] [id=1420]
  0x0000020747e12960 ConcurrentGCThread "G1 Conc#0" [stack: 0x000000b4f1a00000,0x000000b4f1b00000] [id=9360]
  0x000002076629e5c0 ConcurrentGCThread "G1 Refine#0" [stack: 0x000000b4f1b00000,0x000000b4f1c00000] [id=3728]
  0x00000207662a18c0 ConcurrentGCThread "G1 Service" [stack: 0x000000b4f1c00000,0x000000b4f1d00000] [id=20476]

Threads with active compile tasks:
C2 CompilerThread0     1593 2029   !   4       java.lang.ClassLoader::loadClass (121 bytes)

VM state: not at safepoint (normal execution)

VM Mutex/Monitor currently owned by a thread: None

Heap address: 0x0000000080000000, size: 2048 MB, Compressed Oops mode: 32-bit

CDS archive(s) mapped at: [0x0000000800000000-0x0000000800bd0000-0x0000000800bd0000), size 12386304, SharedBaseAddress: 0x0000000800000000, ArchiveRelocationMode: 0.
Compressed class space mapped at: 0x0000000800c00000-0x0000000840c00000, reserved size: 1073741824
Narrow klass base: 0x0000000800000000, Narrow klass shift: 0, Narrow klass range: 0x100000000

GC Precious Log:
 CPUs: 12 total, 12 available
 Memory: 16052M
 Large Page Support: Disabled
 NUMA Support: Disabled
 Compressed Oops: Enabled (32-bit)
 Heap Region Size: 1M
 Heap Min Capacity: 8M
 Heap Initial Capacity: 252M
 Heap Max Capacity: 2G
 Pre-touch: Disabled
 Parallel Workers: 10
 Concurrent Workers: 3
 Concurrent Refinement Workers: 10
 Periodic GC: Disabled

Heap:
 garbage-first heap   total 258048K, used 64415K [0x0000000080000000, 0x0000000100000000)
  region size 1024K, 55 young (56320K), 4 survivors (4096K)
 Metaspace       used 14787K, committed 15040K, reserved 1064960K
  class space    used 2102K, committed 2240K, reserved 1048576K

Heap Regions: E=young(eden), S=young(survivor), O=old, HS=humongous(starts), HC=humongous(continues), CS=collection set, F=free, OA=open archive, CA=closed archive, TAMS=top-at-mark-start (previous, next)
|   0|0x0000000080000000, 0x0000000080000000, 0x0000000080100000|  0%| F|  |TAMS 0x0000000080000000, 0x0000000080000000| Untracked 
|   1|0x0000000080100000, 0x0000000080200000, 0x0000000080200000|100%| O|  |TAMS 0x0000000080100000, 0x0000000080100000| Untracked 
|   2|0x0000000080200000, 0x0000000080300000, 0x0000000080300000|100%| O|  |TAMS 0x0000000080200000, 0x0000000080200000| Untracked 
|   3|0x0000000080300000, 0x0000000080400000, 0x0000000080400000|100%|HS|  |TAMS 0x0000000080300000, 0x0000000080300000| Complete 
|   4|0x0000000080400000, 0x0000000080500000, 0x0000000080500000|100%|HC|  |TAMS 0x0000000080400000, 0x0000000080400000| Complete 
|   5|0x0000000080500000, 0x0000000080600000, 0x0000000080600000|100%|HC|  |TAMS 0x0000000080500000, 0x0000000080500000| Complete 
|   6|0x0000000080600000, 0x0000000080700000, 0x0000000080700000|100%| O|  |TAMS 0x0000000080600000, 0x0000000080600000| Untracked 
|   7|0x0000000080700000, 0x0000000080800000, 0x0000000080800000|100%| O|  |TAMS 0x0000000080700000, 0x0000000080700000| Untracked 
|   8|0x0000000080800000, 0x0000000080900000, 0x0000000080900000|100%| O|  |TAMS 0x0000000080800000, 0x0000000080800000| Untracked 
|   9|0x0000000080900000, 0x00000000809e7c00, 0x0000000080a00000| 90%| O|  |TAMS 0x0000000080900000, 0x0000000080900000| Untracked 
|  10|0x0000000080a00000, 0x0000000080a00000, 0x0000000080b00000|  0%| F|  |TAMS 0x0000000080a00000, 0x0000000080a00000| Untracked 
|  11|0x0000000080b00000, 0x0000000080b00000, 0x0000000080c00000|  0%| F|  |TAMS 0x0000000080b00000, 0x0000000080b00000| Untracked 
|  12|0x0000000080c00000, 0x0000000080c00000, 0x0000000080d00000|  0%| F|  |TAMS 0x0000000080c00000, 0x0000000080c00000| Untracked 
|  13|0x0000000080d00000, 0x0000000080d00000, 0x0000000080e00000|  0%| F|  |TAMS 0x0000000080d00000, 0x0000000080d00000| Untracked 
|  14|0x0000000080e00000, 0x0000000080e00000, 0x0000000080f00000|  0%| F|  |TAMS 0x0000000080e00000, 0x0000000080e00000| Untracked 
|  15|0x0000000080f00000, 0x0000000080f00000, 0x0000000081000000|  0%| F|  |TAMS 0x0000000080f00000, 0x0000000080f00000| Untracked 
|  16|0x0000000081000000, 0x0000000081000000, 0x0000000081100000|  0%| F|  |TAMS 0x0000000081000000, 0x0000000081000000| Untracked 
|  17|0x0000000081100000, 0x0000000081100000, 0x0000000081200000|  0%| F|  |TAMS 0x0000000081100000, 0x0000000081100000| Untracked 
|  18|0x0000000081200000, 0x0000000081200000, 0x0000000081300000|  0%| F|  |TAMS 0x0000000081200000, 0x0000000081200000| Untracked 
|  19|0x0000000081300000, 0x0000000081300000, 0x0000000081400000|  0%| F|  |TAMS 0x0000000081300000, 0x0000000081300000| Untracked 
|  20|0x0000000081400000, 0x0000000081400000, 0x0000000081500000|  0%| F|  |TAMS 0x0000000081400000, 0x0000000081400000| Untracked 
|  21|0x0000000081500000, 0x0000000081500000, 0x0000000081600000|  0%| F|  |TAMS 0x0000000081500000, 0x0000000081500000| Untracked 
|  22|0x0000000081600000, 0x0000000081600000, 0x0000000081700000|  0%| F|  |TAMS 0x0000000081600000, 0x0000000081600000| Untracked 
|  23|0x0000000081700000, 0x0000000081700000, 0x0000000081800000|  0%| F|  |TAMS 0x0000000081700000, 0x0000000081700000| Untracked 
|  24|0x0000000081800000, 0x0000000081800000, 0x0000000081900000|  0%| F|  |TAMS 0x0000000081800000, 0x0000000081800000| Untracked 
|  25|0x0000000081900000, 0x0000000081900000, 0x0000000081a00000|  0%| F|  |TAMS 0x0000000081900000, 0x0000000081900000| Untracked 
|  26|0x0000000081a00000, 0x0000000081a00000, 0x0000000081b00000|  0%| F|  |TAMS 0x0000000081a00000, 0x0000000081a00000| Untracked 
|  27|0x0000000081b00000, 0x0000000081b00000, 0x0000000081c00000|  0%| F|  |TAMS 0x0000000081b00000, 0x0000000081b00000| Untracked 
|  28|0x0000000081c00000, 0x0000000081c00000, 0x0000000081d00000|  0%| F|  |TAMS 0x0000000081c00000, 0x0000000081c00000| Untracked 
|  29|0x0000000081d00000, 0x0000000081d00000, 0x0000000081e00000|  0%| F|  |TAMS 0x0000000081d00000, 0x0000000081d00000| Untracked 
|  30|0x0000000081e00000, 0x0000000081e00000, 0x0000000081f00000|  0%| F|  |TAMS 0x0000000081e00000, 0x0000000081e00000| Untracked 
|  31|0x0000000081f00000, 0x0000000081f00000, 0x0000000082000000|  0%| F|  |TAMS 0x0000000081f00000, 0x0000000081f00000| Untracked 
|  32|0x0000000082000000, 0x0000000082000000, 0x0000000082100000|  0%| F|  |TAMS 0x0000000082000000, 0x0000000082000000| Untracked 
|  33|0x0000000082100000, 0x0000000082100000, 0x0000000082200000|  0%| F|  |TAMS 0x0000000082100000, 0x0000000082100000| Untracked 
|  34|0x0000000082200000, 0x0000000082200000, 0x0000000082300000|  0%| F|  |TAMS 0x0000000082200000, 0x0000000082200000| Untracked 
|  35|0x0000000082300000, 0x0000000082300000, 0x0000000082400000|  0%| F|  |TAMS 0x0000000082300000, 0x0000000082300000| Untracked 
|  36|0x0000000082400000, 0x0000000082400000, 0x0000000082500000|  0%| F|  |TAMS 0x0000000082400000, 0x0000000082400000| Untracked 
|  37|0x0000000082500000, 0x0000000082500000, 0x0000000082600000|  0%| F|  |TAMS 0x0000000082500000, 0x0000000082500000| Untracked 
|  38|0x0000000082600000, 0x0000000082600000, 0x0000000082700000|  0%| F|  |TAMS 0x0000000082600000, 0x0000000082600000| Untracked 
|  39|0x0000000082700000, 0x0000000082700000, 0x0000000082800000|  0%| F|  |TAMS 0x0000000082700000, 0x0000000082700000| Untracked 
|  40|0x0000000082800000, 0x0000000082800000, 0x0000000082900000|  0%| F|  |TAMS 0x0000000082800000, 0x0000000082800000| Untracked 
|  41|0x0000000082900000, 0x0000000082900000, 0x0000000082a00000|  0%| F|  |TAMS 0x0000000082900000, 0x0000000082900000| Untracked 
|  42|0x0000000082a00000, 0x0000000082a00000, 0x0000000082b00000|  0%| F|  |TAMS 0x0000000082a00000, 0x0000000082a00000| Untracked 
|  43|0x0000000082b00000, 0x0000000082b00000, 0x0000000082c00000|  0%| F|  |TAMS 0x0000000082b00000, 0x0000000082b00000| Untracked 
|  44|0x0000000082c00000, 0x0000000082c00000, 0x0000000082d00000|  0%| F|  |TAMS 0x0000000082c00000, 0x0000000082c00000| Untracked 
|  45|0x0000000082d00000, 0x0000000082d00000, 0x0000000082e00000|  0%| F|  |TAMS 0x0000000082d00000, 0x0000000082d00000| Untracked 
|  46|0x0000000082e00000, 0x0000000082e00000, 0x0000000082f00000|  0%| F|  |TAMS 0x0000000082e00000, 0x0000000082e00000| Untracked 
|  47|0x0000000082f00000, 0x0000000082f00000, 0x0000000083000000|  0%| F|  |TAMS 0x0000000082f00000, 0x0000000082f00000| Untracked 
|  48|0x0000000083000000, 0x0000000083000000, 0x0000000083100000|  0%| F|  |TAMS 0x0000000083000000, 0x0000000083000000| Untracked 
|  49|0x0000000083100000, 0x0000000083100000, 0x0000000083200000|  0%| F|  |TAMS 0x0000000083100000, 0x0000000083100000| Untracked 
|  50|0x0000000083200000, 0x0000000083200000, 0x0000000083300000|  0%| F|  |TAMS 0x0000000083200000, 0x0000000083200000| Untracked 
|  51|0x0000000083300000, 0x0000000083300000, 0x0000000083400000|  0%| F|  |TAMS 0x0000000083300000, 0x0000000083300000| Untracked 
|  52|0x0000000083400000, 0x0000000083400000, 0x0000000083500000|  0%| F|  |TAMS 0x0000000083400000, 0x0000000083400000| Untracked 
|  53|0x0000000083500000, 0x0000000083500000, 0x0000000083600000|  0%| F|  |TAMS 0x0000000083500000, 0x0000000083500000| Untracked 
|  54|0x0000000083600000, 0x0000000083600000, 0x0000000083700000|  0%| F|  |TAMS 0x0000000083600000, 0x0000000083600000| Untracked 
|  55|0x0000000083700000, 0x0000000083700000, 0x0000000083800000|  0%| F|  |TAMS 0x0000000083700000, 0x0000000083700000| Untracked 
|  56|0x0000000083800000, 0x0000000083800000, 0x0000000083900000|  0%| F|  |TAMS 0x0000000083800000, 0x0000000083800000| Untracked 
|  57|0x0000000083900000, 0x0000000083900000, 0x0000000083a00000|  0%| F|  |TAMS 0x0000000083900000, 0x0000000083900000| Untracked 
|  58|0x0000000083a00000, 0x0000000083a00000, 0x0000000083b00000|  0%| F|  |TAMS 0x0000000083a00000, 0x0000000083a00000| Untracked 
|  59|0x0000000083b00000, 0x0000000083b00000, 0x0000000083c00000|  0%| F|  |TAMS 0x0000000083b00000, 0x0000000083b00000| Untracked 
|  60|0x0000000083c00000, 0x0000000083c00000, 0x0000000083d00000|  0%| F|  |TAMS 0x0000000083c00000, 0x0000000083c00000| Untracked 
|  61|0x0000000083d00000, 0x0000000083d00000, 0x0000000083e00000|  0%| F|  |TAMS 0x0000000083d00000, 0x0000000083d00000| Untracked 
|  62|0x0000000083e00000, 0x0000000083e00000, 0x0000000083f00000|  0%| F|  |TAMS 0x0000000083e00000, 0x0000000083e00000| Untracked 
|  63|0x0000000083f00000, 0x0000000083f00000, 0x0000000084000000|  0%| F|  |TAMS 0x0000000083f00000, 0x0000000083f00000| Untracked 
|  64|0x0000000084000000, 0x0000000084000000, 0x0000000084100000|  0%| F|  |TAMS 0x0000000084000000, 0x0000000084000000| Untracked 
|  65|0x0000000084100000, 0x0000000084100000, 0x0000000084200000|  0%| F|  |TAMS 0x0000000084100000, 0x0000000084100000| Untracked 
|  66|0x0000000084200000, 0x0000000084200000, 0x0000000084300000|  0%| F|  |TAMS 0x0000000084200000, 0x0000000084200000| Untracked 
|  67|0x0000000084300000, 0x0000000084300000, 0x0000000084400000|  0%| F|  |TAMS 0x0000000084300000, 0x0000000084300000| Untracked 
|  68|0x0000000084400000, 0x0000000084400000, 0x0000000084500000|  0%| F|  |TAMS 0x0000000084400000, 0x0000000084400000| Untracked 
|  69|0x0000000084500000, 0x0000000084500000, 0x0000000084600000|  0%| F|  |TAMS 0x0000000084500000, 0x0000000084500000| Untracked 
|  70|0x0000000084600000, 0x0000000084600000, 0x0000000084700000|  0%| F|  |TAMS 0x0000000084600000, 0x0000000084600000| Untracked 
|  71|0x0000000084700000, 0x0000000084700000, 0x0000000084800000|  0%| F|  |TAMS 0x0000000084700000, 0x0000000084700000| Untracked 
|  72|0x0000000084800000, 0x0000000084800000, 0x0000000084900000|  0%| F|  |TAMS 0x0000000084800000, 0x0000000084800000| Untracked 
|  73|0x0000000084900000, 0x0000000084900000, 0x0000000084a00000|  0%| F|  |TAMS 0x0000000084900000, 0x0000000084900000| Untracked 
|  74|0x0000000084a00000, 0x0000000084a00000, 0x0000000084b00000|  0%| F|  |TAMS 0x0000000084a00000, 0x0000000084a00000| Untracked 
|  75|0x0000000084b00000, 0x0000000084b00000, 0x0000000084c00000|  0%| F|  |TAMS 0x0000000084b00000, 0x0000000084b00000| Untracked 
|  76|0x0000000084c00000, 0x0000000084c00000, 0x0000000084d00000|  0%| F|  |TAMS 0x0000000084c00000, 0x0000000084c00000| Untracked 
|  77|0x0000000084d00000, 0x0000000084d00000, 0x0000000084e00000|  0%| F|  |TAMS 0x0000000084d00000, 0x0000000084d00000| Untracked 
|  78|0x0000000084e00000, 0x0000000084e00000, 0x0000000084f00000|  0%| F|  |TAMS 0x0000000084e00000, 0x0000000084e00000| Untracked 
|  79|0x0000000084f00000, 0x0000000084f00000, 0x0000000085000000|  0%| F|  |TAMS 0x0000000084f00000, 0x0000000084f00000| Untracked 
|  80|0x0000000085000000, 0x0000000085000000, 0x0000000085100000|  0%| F|  |TAMS 0x0000000085000000, 0x0000000085000000| Untracked 
|  81|0x0000000085100000, 0x0000000085100000, 0x0000000085200000|  0%| F|  |TAMS 0x0000000085100000, 0x0000000085100000| Untracked 
|  82|0x0000000085200000, 0x0000000085200000, 0x0000000085300000|  0%| F|  |TAMS 0x0000000085200000, 0x0000000085200000| Untracked 
|  83|0x0000000085300000, 0x0000000085300000, 0x0000000085400000|  0%| F|  |TAMS 0x0000000085300000, 0x0000000085300000| Untracked 
|  84|0x0000000085400000, 0x0000000085400000, 0x0000000085500000|  0%| F|  |TAMS 0x0000000085400000, 0x0000000085400000| Untracked 
|  85|0x0000000085500000, 0x0000000085500000, 0x0000000085600000|  0%| F|  |TAMS 0x0000000085500000, 0x0000000085500000| Untracked 
|  86|0x0000000085600000, 0x0000000085600000, 0x0000000085700000|  0%| F|  |TAMS 0x0000000085600000, 0x0000000085600000| Untracked 
|  87|0x0000000085700000, 0x0000000085700000, 0x0000000085800000|  0%| F|  |TAMS 0x0000000085700000, 0x0000000085700000| Untracked 
|  88|0x0000000085800000, 0x0000000085800000, 0x0000000085900000|  0%| F|  |TAMS 0x0000000085800000, 0x0000000085800000| Untracked 
|  89|0x0000000085900000, 0x0000000085900000, 0x0000000085a00000|  0%| F|  |TAMS 0x0000000085900000, 0x0000000085900000| Untracked 
|  90|0x0000000085a00000, 0x0000000085a00000, 0x0000000085b00000|  0%| F|  |TAMS 0x0000000085a00000, 0x0000000085a00000| Untracked 
|  91|0x0000000085b00000, 0x0000000085b00000, 0x0000000085c00000|  0%| F|  |TAMS 0x0000000085b00000, 0x0000000085b00000| Untracked 
|  92|0x0000000085c00000, 0x0000000085c00000, 0x0000000085d00000|  0%| F|  |TAMS 0x0000000085c00000, 0x0000000085c00000| Untracked 
|  93|0x0000000085d00000, 0x0000000085d00000, 0x0000000085e00000|  0%| F|  |TAMS 0x0000000085d00000, 0x0000000085d00000| Untracked 
|  94|0x0000000085e00000, 0x0000000085e00000, 0x0000000085f00000|  0%| F|  |TAMS 0x0000000085e00000, 0x0000000085e00000| Untracked 
|  95|0x0000000085f00000, 0x0000000085f00000, 0x0000000086000000|  0%| F|  |TAMS 0x0000000085f00000, 0x0000000085f00000| Untracked 
|  96|0x0000000086000000, 0x0000000086000000, 0x0000000086100000|  0%| F|  |TAMS 0x0000000086000000, 0x0000000086000000| Untracked 
|  97|0x0000000086100000, 0x0000000086100000, 0x0000000086200000|  0%| F|  |TAMS 0x0000000086100000, 0x0000000086100000| Untracked 
|  98|0x0000000086200000, 0x0000000086200000, 0x0000000086300000|  0%| F|  |TAMS 0x0000000086200000, 0x0000000086200000| Untracked 
|  99|0x0000000086300000, 0x0000000086300000, 0x0000000086400000|  0%| F|  |TAMS 0x0000000086300000, 0x0000000086300000| Untracked 
| 100|0x0000000086400000, 0x0000000086400000, 0x0000000086500000|  0%| F|  |TAMS 0x0000000086400000, 0x0000000086400000| Untracked 
| 101|0x0000000086500000, 0x0000000086500000, 0x0000000086600000|  0%| F|  |TAMS 0x0000000086500000, 0x0000000086500000| Untracked 
| 102|0x0000000086600000, 0x0000000086600000, 0x0000000086700000|  0%| F|  |TAMS 0x0000000086600000, 0x0000000086600000| Untracked 
| 103|0x0000000086700000, 0x0000000086700000, 0x0000000086800000|  0%| F|  |TAMS 0x0000000086700000, 0x0000000086700000| Untracked 
| 104|0x0000000086800000, 0x0000000086800000, 0x0000000086900000|  0%| F|  |TAMS 0x0000000086800000, 0x0000000086800000| Untracked 
| 105|0x0000000086900000, 0x0000000086900000, 0x0000000086a00000|  0%| F|  |TAMS 0x0000000086900000, 0x0000000086900000| Untracked 
| 106|0x0000000086a00000, 0x0000000086a00000, 0x0000000086b00000|  0%| F|  |TAMS 0x0000000086a00000, 0x0000000086a00000| Untracked 
| 107|0x0000000086b00000, 0x0000000086b00000, 0x0000000086c00000|  0%| F|  |TAMS 0x0000000086b00000, 0x0000000086b00000| Untracked 
| 108|0x0000000086c00000, 0x0000000086c00000, 0x0000000086d00000|  0%| F|  |TAMS 0x0000000086c00000, 0x0000000086c00000| Untracked 
| 109|0x0000000086d00000, 0x0000000086d00000, 0x0000000086e00000|  0%| F|  |TAMS 0x0000000086d00000, 0x0000000086d00000| Untracked 
| 110|0x0000000086e00000, 0x0000000086e00000, 0x0000000086f00000|  0%| F|  |TAMS 0x0000000086e00000, 0x0000000086e00000| Untracked 
| 111|0x0000000086f00000, 0x0000000086f00000, 0x0000000087000000|  0%| F|  |TAMS 0x0000000086f00000, 0x0000000086f00000| Untracked 
| 112|0x0000000087000000, 0x0000000087000000, 0x0000000087100000|  0%| F|  |TAMS 0x0000000087000000, 0x0000000087000000| Untracked 
| 113|0x0000000087100000, 0x0000000087100000, 0x0000000087200000|  0%| F|  |TAMS 0x0000000087100000, 0x0000000087100000| Untracked 
| 114|0x0000000087200000, 0x0000000087200000, 0x0000000087300000|  0%| F|  |TAMS 0x0000000087200000, 0x0000000087200000| Untracked 
| 115|0x0000000087300000, 0x0000000087300000, 0x0000000087400000|  0%| F|  |TAMS 0x0000000087300000, 0x0000000087300000| Untracked 
| 116|0x0000000087400000, 0x0000000087400000, 0x0000000087500000|  0%| F|  |TAMS 0x0000000087400000, 0x0000000087400000| Untracked 
| 117|0x0000000087500000, 0x0000000087500000, 0x0000000087600000|  0%| F|  |TAMS 0x0000000087500000, 0x0000000087500000| Untracked 
| 118|0x0000000087600000, 0x0000000087600000, 0x0000000087700000|  0%| F|  |TAMS 0x0000000087600000, 0x0000000087600000| Untracked 
| 119|0x0000000087700000, 0x0000000087700000, 0x0000000087800000|  0%| F|  |TAMS 0x0000000087700000, 0x0000000087700000| Untracked 
| 120|0x0000000087800000, 0x0000000087800000, 0x0000000087900000|  0%| F|  |TAMS 0x0000000087800000, 0x0000000087800000| Untracked 
| 121|0x0000000087900000, 0x0000000087900000, 0x0000000087a00000|  0%| F|  |TAMS 0x0000000087900000, 0x0000000087900000| Untracked 
| 122|0x0000000087a00000, 0x0000000087a00000, 0x0000000087b00000|  0%| F|  |TAMS 0x0000000087a00000, 0x0000000087a00000| Untracked 
| 123|0x0000000087b00000, 0x0000000087b00000, 0x0000000087c00000|  0%| F|  |TAMS 0x0000000087b00000, 0x0000000087b00000| Untracked 
| 124|0x0000000087c00000, 0x0000000087c00000, 0x0000000087d00000|  0%| F|  |TAMS 0x0000000087c00000, 0x0000000087c00000| Untracked 
| 125|0x0000000087d00000, 0x0000000087d00000, 0x0000000087e00000|  0%| F|  |TAMS 0x0000000087d00000, 0x0000000087d00000| Untracked 
| 126|0x0000000087e00000, 0x0000000087e00000, 0x0000000087f00000|  0%| F|  |TAMS 0x0000000087e00000, 0x0000000087e00000| Untracked 
| 127|0x0000000087f00000, 0x0000000087f00000, 0x0000000088000000|  0%| F|  |TAMS 0x0000000087f00000, 0x0000000087f00000| Untracked 
| 128|0x0000000088000000, 0x0000000088000000, 0x0000000088100000|  0%| F|  |TAMS 0x0000000088000000, 0x0000000088000000| Untracked 
| 129|0x0000000088100000, 0x0000000088100000, 0x0000000088200000|  0%| F|  |TAMS 0x0000000088100000, 0x0000000088100000| Untracked 
| 130|0x0000000088200000, 0x0000000088200000, 0x0000000088300000|  0%| F|  |TAMS 0x0000000088200000, 0x0000000088200000| Untracked 
| 131|0x0000000088300000, 0x0000000088300000, 0x0000000088400000|  0%| F|  |TAMS 0x0000000088300000, 0x0000000088300000| Untracked 
| 132|0x0000000088400000, 0x0000000088400000, 0x0000000088500000|  0%| F|  |TAMS 0x0000000088400000, 0x0000000088400000| Untracked 
| 133|0x0000000088500000, 0x0000000088500000, 0x0000000088600000|  0%| F|  |TAMS 0x0000000088500000, 0x0000000088500000| Untracked 
| 134|0x0000000088600000, 0x0000000088600000, 0x0000000088700000|  0%| F|  |TAMS 0x0000000088600000, 0x0000000088600000| Untracked 
| 135|0x0000000088700000, 0x0000000088700000, 0x0000000088800000|  0%| F|  |TAMS 0x0000000088700000, 0x0000000088700000| Untracked 
| 136|0x0000000088800000, 0x0000000088800000, 0x0000000088900000|  0%| F|  |TAMS 0x0000000088800000, 0x0000000088800000| Untracked 
| 137|0x0000000088900000, 0x0000000088900000, 0x0000000088a00000|  0%| F|  |TAMS 0x0000000088900000, 0x0000000088900000| Untracked 
| 138|0x0000000088a00000, 0x0000000088a00000, 0x0000000088b00000|  0%| F|  |TAMS 0x0000000088a00000, 0x0000000088a00000| Untracked 
| 139|0x0000000088b00000, 0x0000000088b00000, 0x0000000088c00000|  0%| F|  |TAMS 0x0000000088b00000, 0x0000000088b00000| Untracked 
| 140|0x0000000088c00000, 0x0000000088c00000, 0x0000000088d00000|  0%| F|  |TAMS 0x0000000088c00000, 0x0000000088c00000| Untracked 
| 141|0x0000000088d00000, 0x0000000088d00000, 0x0000000088e00000|  0%| F|  |TAMS 0x0000000088d00000, 0x0000000088d00000| Untracked 
| 142|0x0000000088e00000, 0x0000000088e00000, 0x0000000088f00000|  0%| F|  |TAMS 0x0000000088e00000, 0x0000000088e00000| Untracked 
| 143|0x0000000088f00000, 0x0000000088f00000, 0x0000000089000000|  0%| F|  |TAMS 0x0000000088f00000, 0x0000000088f00000| Untracked 
| 144|0x0000000089000000, 0x0000000089000000, 0x0000000089100000|  0%| F|  |TAMS 0x0000000089000000, 0x0000000089000000| Untracked 
| 145|0x0000000089100000, 0x0000000089100000, 0x0000000089200000|  0%| F|  |TAMS 0x0000000089100000, 0x0000000089100000| Untracked 
| 146|0x0000000089200000, 0x0000000089200000, 0x0000000089300000|  0%| F|  |TAMS 0x0000000089200000, 0x0000000089200000| Untracked 
| 147|0x0000000089300000, 0x0000000089300000, 0x0000000089400000|  0%| F|  |TAMS 0x0000000089300000, 0x0000000089300000| Untracked 
| 148|0x0000000089400000, 0x0000000089400000, 0x0000000089500000|  0%| F|  |TAMS 0x0000000089400000, 0x0000000089400000| Untracked 
| 149|0x0000000089500000, 0x0000000089500000, 0x0000000089600000|  0%| F|  |TAMS 0x0000000089500000, 0x0000000089500000| Untracked 
| 150|0x0000000089600000, 0x0000000089600000, 0x0000000089700000|  0%| F|  |TAMS 0x0000000089600000, 0x0000000089600000| Untracked 
| 151|0x0000000089700000, 0x0000000089700000, 0x0000000089800000|  0%| F|  |TAMS 0x0000000089700000, 0x0000000089700000| Untracked 
| 152|0x0000000089800000, 0x0000000089800000, 0x0000000089900000|  0%| F|  |TAMS 0x0000000089800000, 0x0000000089800000| Untracked 
| 153|0x0000000089900000, 0x0000000089900000, 0x0000000089a00000|  0%| F|  |TAMS 0x0000000089900000, 0x0000000089900000| Untracked 
| 154|0x0000000089a00000, 0x0000000089a00000, 0x0000000089b00000|  0%| F|  |TAMS 0x0000000089a00000, 0x0000000089a00000| Untracked 
| 155|0x0000000089b00000, 0x0000000089b00000, 0x0000000089c00000|  0%| F|  |TAMS 0x0000000089b00000, 0x0000000089b00000| Untracked 
| 156|0x0000000089c00000, 0x0000000089c00000, 0x0000000089d00000|  0%| F|  |TAMS 0x0000000089c00000, 0x0000000089c00000| Untracked 
| 157|0x0000000089d00000, 0x0000000089d00000, 0x0000000089e00000|  0%| F|  |TAMS 0x0000000089d00000, 0x0000000089d00000| Untracked 
| 158|0x0000000089e00000, 0x0000000089e00000, 0x0000000089f00000|  0%| F|  |TAMS 0x0000000089e00000, 0x0000000089e00000| Untracked 
| 159|0x0000000089f00000, 0x0000000089f00000, 0x000000008a000000|  0%| F|  |TAMS 0x0000000089f00000, 0x0000000089f00000| Untracked 
| 160|0x000000008a000000, 0x000000008a000000, 0x000000008a100000|  0%| F|  |TAMS 0x000000008a000000, 0x000000008a000000| Untracked 
| 161|0x000000008a100000, 0x000000008a100000, 0x000000008a200000|  0%| F|  |TAMS 0x000000008a100000, 0x000000008a100000| Untracked 
| 162|0x000000008a200000, 0x000000008a200000, 0x000000008a300000|  0%| F|  |TAMS 0x000000008a200000, 0x000000008a200000| Untracked 
| 163|0x000000008a300000, 0x000000008a300000, 0x000000008a400000|  0%| F|  |TAMS 0x000000008a300000, 0x000000008a300000| Untracked 
| 164|0x000000008a400000, 0x000000008a400000, 0x000000008a500000|  0%| F|  |TAMS 0x000000008a400000, 0x000000008a400000| Untracked 
| 165|0x000000008a500000, 0x000000008a500000, 0x000000008a600000|  0%| F|  |TAMS 0x000000008a500000, 0x000000008a500000| Untracked 
| 166|0x000000008a600000, 0x000000008a600000, 0x000000008a700000|  0%| F|  |TAMS 0x000000008a600000, 0x000000008a600000| Untracked 
| 167|0x000000008a700000, 0x000000008a700000, 0x000000008a800000|  0%| F|  |TAMS 0x000000008a700000, 0x000000008a700000| Untracked 
| 168|0x000000008a800000, 0x000000008a800000, 0x000000008a900000|  0%| F|  |TAMS 0x000000008a800000, 0x000000008a800000| Untracked 
| 169|0x000000008a900000, 0x000000008a900000, 0x000000008aa00000|  0%| F|  |TAMS 0x000000008a900000, 0x000000008a900000| Untracked 
| 170|0x000000008aa00000, 0x000000008aa00000, 0x000000008ab00000|  0%| F|  |TAMS 0x000000008aa00000, 0x000000008aa00000| Untracked 
| 171|0x000000008ab00000, 0x000000008ab00000, 0x000000008ac00000|  0%| F|  |TAMS 0x000000008ab00000, 0x000000008ab00000| Untracked 
| 172|0x000000008ac00000, 0x000000008ac00000, 0x000000008ad00000|  0%| F|  |TAMS 0x000000008ac00000, 0x000000008ac00000| Untracked 
| 173|0x000000008ad00000, 0x000000008ad00000, 0x000000008ae00000|  0%| F|  |TAMS 0x000000008ad00000, 0x000000008ad00000| Untracked 
| 174|0x000000008ae00000, 0x000000008ae00000, 0x000000008af00000|  0%| F|  |TAMS 0x000000008ae00000, 0x000000008ae00000| Untracked 
| 175|0x000000008af00000, 0x000000008af00000, 0x000000008b000000|  0%| F|  |TAMS 0x000000008af00000, 0x000000008af00000| Untracked 
| 176|0x000000008b000000, 0x000000008b000000, 0x000000008b100000|  0%| F|  |TAMS 0x000000008b000000, 0x000000008b000000| Untracked 
| 177|0x000000008b100000, 0x000000008b100000, 0x000000008b200000|  0%| F|  |TAMS 0x000000008b100000, 0x000000008b100000| Untracked 
| 178|0x000000008b200000, 0x000000008b200000, 0x000000008b300000|  0%| F|  |TAMS 0x000000008b200000, 0x000000008b200000| Untracked 
| 179|0x000000008b300000, 0x000000008b300000, 0x000000008b400000|  0%| F|  |TAMS 0x000000008b300000, 0x000000008b300000| Untracked 
| 180|0x000000008b400000, 0x000000008b400000, 0x000000008b500000|  0%| F|  |TAMS 0x000000008b400000, 0x000000008b400000| Untracked 
| 181|0x000000008b500000, 0x000000008b500000, 0x000000008b600000|  0%| F|  |TAMS 0x000000008b500000, 0x000000008b500000| Untracked 
| 182|0x000000008b600000, 0x000000008b600000, 0x000000008b700000|  0%| F|  |TAMS 0x000000008b600000, 0x000000008b600000| Untracked 
| 183|0x000000008b700000, 0x000000008b700000, 0x000000008b800000|  0%| F|  |TAMS 0x000000008b700000, 0x000000008b700000| Untracked 
| 184|0x000000008b800000, 0x000000008b800000, 0x000000008b900000|  0%| F|  |TAMS 0x000000008b800000, 0x000000008b800000| Untracked 
| 185|0x000000008b900000, 0x000000008b900000, 0x000000008ba00000|  0%| F|  |TAMS 0x000000008b900000, 0x000000008b900000| Untracked 
| 186|0x000000008ba00000, 0x000000008ba00000, 0x000000008bb00000|  0%| F|  |TAMS 0x000000008ba00000, 0x000000008ba00000| Untracked 
| 187|0x000000008bb00000, 0x000000008bb00000, 0x000000008bc00000|  0%| F|  |TAMS 0x000000008bb00000, 0x000000008bb00000| Untracked 
| 188|0x000000008bc00000, 0x000000008bc00000, 0x000000008bd00000|  0%| F|  |TAMS 0x000000008bc00000, 0x000000008bc00000| Untracked 
| 189|0x000000008bd00000, 0x000000008bd00000, 0x000000008be00000|  0%| F|  |TAMS 0x000000008bd00000, 0x000000008bd00000| Untracked 
| 190|0x000000008be00000, 0x000000008be00000, 0x000000008bf00000|  0%| F|  |TAMS 0x000000008be00000, 0x000000008be00000| Untracked 
| 191|0x000000008bf00000, 0x000000008bf00000, 0x000000008c000000|  0%| F|  |TAMS 0x000000008bf00000, 0x000000008bf00000| Untracked 
| 192|0x000000008c000000, 0x000000008c000000, 0x000000008c100000|  0%| F|  |TAMS 0x000000008c000000, 0x000000008c000000| Untracked 
| 193|0x000000008c100000, 0x000000008c100000, 0x000000008c200000|  0%| F|  |TAMS 0x000000008c100000, 0x000000008c100000| Untracked 
| 194|0x000000008c200000, 0x000000008c200000, 0x000000008c300000|  0%| F|  |TAMS 0x000000008c200000, 0x000000008c200000| Untracked 
| 195|0x000000008c300000, 0x000000008c300000, 0x000000008c400000|  0%| F|  |TAMS 0x000000008c300000, 0x000000008c300000| Untracked 
| 196|0x000000008c400000, 0x000000008c400000, 0x000000008c500000|  0%| F|  |TAMS 0x000000008c400000, 0x000000008c400000| Untracked 
| 197|0x000000008c500000, 0x000000008c600000, 0x000000008c600000|100%| E|  |TAMS 0x000000008c500000, 0x000000008c500000| Complete 
| 198|0x000000008c600000, 0x000000008c700000, 0x000000008c700000|100%| E|CS|TAMS 0x000000008c600000, 0x000000008c600000| Complete 
| 199|0x000000008c700000, 0x000000008c800000, 0x000000008c800000|100%| E|CS|TAMS 0x000000008c700000, 0x000000008c700000| Complete 
| 200|0x000000008c800000, 0x000000008c900000, 0x000000008c900000|100%| E|CS|TAMS 0x000000008c800000, 0x000000008c800000| Complete 
| 201|0x000000008c900000, 0x000000008ca00000, 0x000000008ca00000|100%| E|CS|TAMS 0x000000008c900000, 0x000000008c900000| Complete 
| 202|0x000000008ca00000, 0x000000008cb00000, 0x000000008cb00000|100%| E|CS|TAMS 0x000000008ca00000, 0x000000008ca00000| Complete 
| 203|0x000000008cb00000, 0x000000008cc00000, 0x000000008cc00000|100%| E|CS|TAMS 0x000000008cb00000, 0x000000008cb00000| Complete 
| 204|0x000000008cc00000, 0x000000008cd00000, 0x000000008cd00000|100%| E|CS|TAMS 0x000000008cc00000, 0x000000008cc00000| Complete 
| 205|0x000000008cd00000, 0x000000008ce00000, 0x000000008ce00000|100%| E|CS|TAMS 0x000000008cd00000, 0x000000008cd00000| Complete 
| 206|0x000000008ce00000, 0x000000008cf00000, 0x000000008cf00000|100%| E|CS|TAMS 0x000000008ce00000, 0x000000008ce00000| Complete 
| 207|0x000000008cf00000, 0x000000008d000000, 0x000000008d000000|100%| E|CS|TAMS 0x000000008cf00000, 0x000000008cf00000| Complete 
| 208|0x000000008d000000, 0x000000008d100000, 0x000000008d100000|100%| E|CS|TAMS 0x000000008d000000, 0x000000008d000000| Complete 
| 209|0x000000008d100000, 0x000000008d200000, 0x000000008d200000|100%| E|CS|TAMS 0x000000008d100000, 0x000000008d100000| Complete 
| 210|0x000000008d200000, 0x000000008d300000, 0x000000008d300000|100%| E|CS|TAMS 0x000000008d200000, 0x000000008d200000| Complete 
| 211|0x000000008d300000, 0x000000008d400000, 0x000000008d400000|100%| E|CS|TAMS 0x000000008d300000, 0x000000008d300000| Complete 
| 212|0x000000008d400000, 0x000000008d500000, 0x000000008d500000|100%| E|CS|TAMS 0x000000008d400000, 0x000000008d400000| Complete 
| 213|0x000000008d500000, 0x000000008d600000, 0x000000008d600000|100%| E|CS|TAMS 0x000000008d500000, 0x000000008d500000| Complete 
| 214|0x000000008d600000, 0x000000008d700000, 0x000000008d700000|100%| E|CS|TAMS 0x000000008d600000, 0x000000008d600000| Complete 
| 215|0x000000008d700000, 0x000000008d800000, 0x000000008d800000|100%| E|CS|TAMS 0x000000008d700000, 0x000000008d700000| Complete 
| 216|0x000000008d800000, 0x000000008d900000, 0x000000008d900000|100%| S|CS|TAMS 0x000000008d800000, 0x000000008d800000| Complete 
| 217|0x000000008d900000, 0x000000008da00000, 0x000000008da00000|100%| S|CS|TAMS 0x000000008d900000, 0x000000008d900000| Complete 
| 218|0x000000008da00000, 0x000000008db00000, 0x000000008db00000|100%| S|CS|TAMS 0x000000008da00000, 0x000000008da00000| Complete 
| 219|0x000000008db00000, 0x000000008dc00000, 0x000000008dc00000|100%| S|CS|TAMS 0x000000008db00000, 0x000000008db00000| Complete 
| 220|0x000000008dc00000, 0x000000008dd00000, 0x000000008dd00000|100%| E|CS|TAMS 0x000000008dc00000, 0x000000008dc00000| Complete 
| 221|0x000000008dd00000, 0x000000008de00000, 0x000000008de00000|100%| E|CS|TAMS 0x000000008dd00000, 0x000000008dd00000| Complete 
| 222|0x000000008de00000, 0x000000008df00000, 0x000000008df00000|100%| E|CS|TAMS 0x000000008de00000, 0x000000008de00000| Complete 
| 223|0x000000008df00000, 0x000000008e000000, 0x000000008e000000|100%| E|CS|TAMS 0x000000008df00000, 0x000000008df00000| Complete 
| 224|0x000000008e000000, 0x000000008e100000, 0x000000008e100000|100%| E|CS|TAMS 0x000000008e000000, 0x000000008e000000| Complete 
| 225|0x000000008e100000, 0x000000008e200000, 0x000000008e200000|100%| E|CS|TAMS 0x000000008e100000, 0x000000008e100000| Complete 
| 226|0x000000008e200000, 0x000000008e300000, 0x000000008e300000|100%| E|CS|TAMS 0x000000008e200000, 0x000000008e200000| Complete 
| 227|0x000000008e300000, 0x000000008e400000, 0x000000008e400000|100%| E|CS|TAMS 0x000000008e300000, 0x000000008e300000| Complete 
| 228|0x000000008e400000, 0x000000008e500000, 0x000000008e500000|100%| E|CS|TAMS 0x000000008e400000, 0x000000008e400000| Complete 
| 229|0x000000008e500000, 0x000000008e600000, 0x000000008e600000|100%| E|CS|TAMS 0x000000008e500000, 0x000000008e500000| Complete 
| 230|0x000000008e600000, 0x000000008e700000, 0x000000008e700000|100%| E|CS|TAMS 0x000000008e600000, 0x000000008e600000| Complete 
| 231|0x000000008e700000, 0x000000008e800000, 0x000000008e800000|100%| E|CS|TAMS 0x000000008e700000, 0x000000008e700000| Complete 
| 232|0x000000008e800000, 0x000000008e900000, 0x000000008e900000|100%| E|CS|TAMS 0x000000008e800000, 0x000000008e800000| Complete 
| 233|0x000000008e900000, 0x000000008ea00000, 0x000000008ea00000|100%| E|CS|TAMS 0x000000008e900000, 0x000000008e900000| Complete 
| 234|0x000000008ea00000, 0x000000008eb00000, 0x000000008eb00000|100%| E|CS|TAMS 0x000000008ea00000, 0x000000008ea00000| Complete 
| 235|0x000000008eb00000, 0x000000008ec00000, 0x000000008ec00000|100%| E|CS|TAMS 0x000000008eb00000, 0x000000008eb00000| Complete 
| 236|0x000000008ec00000, 0x000000008ed00000, 0x000000008ed00000|100%| E|CS|TAMS 0x000000008ec00000, 0x000000008ec00000| Complete 
| 237|0x000000008ed00000, 0x000000008ee00000, 0x000000008ee00000|100%| E|CS|TAMS 0x000000008ed00000, 0x000000008ed00000| Complete 
| 238|0x000000008ee00000, 0x000000008ef00000, 0x000000008ef00000|100%| E|CS|TAMS 0x000000008ee00000, 0x000000008ee00000| Complete 
| 239|0x000000008ef00000, 0x000000008f000000, 0x000000008f000000|100%| E|CS|TAMS 0x000000008ef00000, 0x000000008ef00000| Complete 
| 240|0x000000008f000000, 0x000000008f100000, 0x000000008f100000|100%| E|CS|TAMS 0x000000008f000000, 0x000000008f000000| Complete 
| 241|0x000000008f100000, 0x000000008f200000, 0x000000008f200000|100%| E|CS|TAMS 0x000000008f100000, 0x000000008f100000| Complete 
| 242|0x000000008f200000, 0x000000008f300000, 0x000000008f300000|100%| E|CS|TAMS 0x000000008f200000, 0x000000008f200000| Complete 
| 243|0x000000008f300000, 0x000000008f400000, 0x000000008f400000|100%| E|CS|TAMS 0x000000008f300000, 0x000000008f300000| Complete 
| 244|0x000000008f400000, 0x000000008f500000, 0x000000008f500000|100%| E|CS|TAMS 0x000000008f400000, 0x000000008f400000| Complete 
| 245|0x000000008f500000, 0x000000008f600000, 0x000000008f600000|100%| E|CS|TAMS 0x000000008f500000, 0x000000008f500000| Complete 
| 246|0x000000008f600000, 0x000000008f700000, 0x000000008f700000|100%| E|CS|TAMS 0x000000008f600000, 0x000000008f600000| Complete 
| 247|0x000000008f700000, 0x000000008f800000, 0x000000008f800000|100%| E|CS|TAMS 0x000000008f700000, 0x000000008f700000| Complete 
| 248|0x000000008f800000, 0x000000008f900000, 0x000000008f900000|100%| E|CS|TAMS 0x000000008f800000, 0x000000008f800000| Complete 
| 249|0x000000008f900000, 0x000000008fa00000, 0x000000008fa00000|100%| E|CS|TAMS 0x000000008f900000, 0x000000008f900000| Complete 
| 250|0x000000008fa00000, 0x000000008fb00000, 0x000000008fb00000|100%| E|CS|TAMS 0x000000008fa00000, 0x000000008fa00000| Complete 
| 251|0x000000008fb00000, 0x000000008fc00000, 0x000000008fc00000|100%| E|CS|TAMS 0x000000008fb00000, 0x000000008fb00000| Complete 

Card table byte_map: [0x000002075ef70000,0x000002075f370000] _byte_map_base: 0x000002075eb70000

Marking Bits (Prev, Next): (CMBitMap*) 0x0000020747e01720, (CMBitMap*) 0x0000020747e01760
 Prev Bits: [0x000002075f770000, 0x0000020761770000)
 Next Bits: [0x0000020761770000, 0x0000020763770000)

Polling page: 0x0000020745dc0000

Metaspace:

Usage:
  Non-class:     12.42 MB used.
      Class:      2.07 MB used.
       Both:     14.49 MB used.

Virtual space:
  Non-class space:       16.00 MB reserved,      12.56 MB ( 79%) committed,  2 nodes.
      Class space:        1.00 GB reserved,       2.19 MB ( <1%) committed,  1 nodes.
             Both:        1.02 GB reserved,      14.75 MB (  1%) committed. 

Chunk freelists:
   Non-Class:  2.66 MB
       Class:  1.78 MB
        Both:  4.44 MB

MaxMetaspaceSize: unlimited
CompressedClassSpaceSize: 1.00 GB
Initial GC threshold: 21.00 MB
Current GC threshold: 21.00 MB
CDS: on
MetaspaceReclaimPolicy: balanced
 - commit_granule_bytes: 65536.
 - commit_granule_words: 8192.
 - virtual_space_node_default_size: 1048576.
 - enlarge_chunks_in_place: 1.
 - new_chunks_are_fully_committed: 0.
 - uncommit_free_chunks: 1.
 - use_allocation_guard: 0.
 - handle_deallocations: 1.


Internal statistics:

num_allocs_failed_limit: 0.
num_arena_births: 174.
num_arena_deaths: 0.
num_vsnodes_births: 3.
num_vsnodes_deaths: 0.
num_space_committed: 236.
num_space_uncommitted: 0.
num_chunks_returned_to_freelist: 0.
num_chunks_taken_from_freelist: 637.
num_chunk_merges: 0.
num_chunk_splits: 431.
num_chunks_enlarged: 323.
num_purges: 0.
num_inconsistent_stats: 0.

CodeHeap 'non-profiled nmethods': size=120000Kb used=1077Kb max_used=1077Kb free=118922Kb
 bounds [0x00000207570f0000, 0x0000020757360000, 0x000002075e620000]
CodeHeap 'profiled nmethods': size=120000Kb used=4203Kb max_used=4203Kb free=115797Kb
 bounds [0x000002074fbc0000, 0x000002074ffe0000, 0x00000207570f0000]
CodeHeap 'non-nmethods': size=5760Kb used=1208Kb max_used=1225Kb free=4551Kb
 bounds [0x000002074f620000, 0x000002074f890000, 0x000002074fbc0000]
 total_blobs=2601 nmethods=2085 adapters=429
 compilation: enabled
              stopped_count=0, restarted_count=0
 full_count=0

Compilation events (20 events):
Event: 1.563 Thread 0x0000020766406a00 2064       1       sun.reflect.annotation.AnnotationType::retention (5 bytes)
Event: 1.563 Thread 0x0000020766406a00 nmethod 2064 0x00000207571fa810 code [0x00000207571fa9a0, 0x00000207571faa78]
Event: 1.563 Thread 0x0000020766406a00 2065       3       jdk.internal.org.objectweb.asm.Frame::setInputFrameFromDescriptor (175 bytes)
Event: 1.564 Thread 0x0000020766406a00 nmethod 2065 0x000002074ffcd710 code [0x000002074ffcd920, 0x000002074ffce118]
Event: 1.564 Thread 0x0000020766406a00 2066       3       jdk.internal.org.objectweb.asm.Type::getArgumentTypes (154 bytes)
Event: 1.565 Thread 0x0000020766406a00 nmethod 2066 0x000002074ffce510 code [0x000002074ffce9e0, 0x000002074ffd1288]
Event: 1.565 Thread 0x0000020766406a00 2068       3       jdk.internal.reflect.MagicAccessorImpl::<init> (5 bytes)
Event: 1.565 Thread 0x0000020766406a00 nmethod 2068 0x000002074ffd2190 code [0x000002074ffd2320, 0x000002074ffd2478]
Event: 1.565 Thread 0x0000020766406a00 2067       3       java.util.LinkedHashMap$LinkedValueIterator::next (8 bytes)
Event: 1.565 Thread 0x0000020766406a00 nmethod 2067 0x000002074ffd2510 code [0x000002074ffd26c0, 0x000002074ffd2808]
Event: 1.565 Thread 0x0000020766406a00 2069   !   3       org.gradle.internal.classloader.TransformingClassLoader::findClass (203 bytes)
Event: 1.566 Thread 0x0000020766406a00 nmethod 2069 0x000002074ffd2910 code [0x000002074ffd2de0, 0x000002074ffd51d8]
Event: 1.566 Thread 0x0000020766406a00 2070       3       org.gradle.initialization.MixInLegacyTypesClassLoader::shouldTransform (42 bytes)
Event: 1.566 Thread 0x0000020766406a00 nmethod 2070 0x000002074ffd6190 code [0x000002074ffd6360, 0x000002074ffd6758]
Event: 1.577 Thread 0x0000020766406a00 2072   !   3       jdk.internal.reflect.ReflectionFactory::checkInitted (100 bytes)
Event: 1.577 Thread 0x0000020766406a00 nmethod 2072 0x000002074ffd6910 code [0x000002074ffd6c20, 0x000002074ffd7c68]
Event: 1.577 Thread 0x0000020766406a00 2073       3       java.lang.reflect.ReflectAccess::getRoot (5 bytes)
Event: 1.577 Thread 0x0000020766406a00 nmethod 2073 0x000002074ffd8110 code [0x000002074ffd82c0, 0x000002074ffd8488]
Event: 1.580 Thread 0x000002076716b0a0 2074       4       jdk.internal.perf.PerfCounter::addElapsedTimeFrom (10 bytes)
Event: 1.581 Thread 0x000002076716b0a0 nmethod 2074 0x00000207571fae10 code [0x00000207571faf80, 0x00000207571fb1b8]

GC Heap History (4 events):
Event: 0.562 GC heap before
{Heap before GC invocations=0 (full 0):
 garbage-first heap   total 258048K, used 28672K [0x0000000080000000, 0x0000000100000000)
  region size 1024K, 23 young (23552K), 0 survivors (0K)
 Metaspace       used 2985K, committed 3136K, reserved 1056768K
  class space    used 378K, committed 448K, reserved 1048576K
}
Event: 0.564 GC heap after
{Heap after GC invocations=1 (full 0):
 garbage-first heap   total 258048K, used 9002K [0x0000000080000000, 0x0000000100000000)
  region size 1024K, 3 young (3072K), 3 survivors (3072K)
 Metaspace       used 2985K, committed 3136K, reserved 1056768K
  class space    used 378K, committed 448K, reserved 1048576K
}
Event: 0.937 GC heap before
{Heap before GC invocations=1 (full 0):
 garbage-first heap   total 258048K, used 38698K [0x0000000080000000, 0x0000000100000000)
  region size 1024K, 32 young (32768K), 3 survivors (3072K)
 Metaspace       used 3935K, committed 4096K, reserved 1056768K
  class space    used 479K, committed 576K, reserved 1048576K
}
Event: 0.939 GC heap after
{Heap after GC invocations=2 (full 0):
 garbage-first heap   total 258048K, used 13215K [0x0000000080000000, 0x0000000100000000)
  region size 1024K, 4 young (4096K), 4 survivors (4096K)
 Metaspace       used 3935K, committed 4096K, reserved 1056768K
  class space    used 479K, committed 576K, reserved 1048576K
}

Deoptimization events (20 events):
Event: 1.481 Thread 0x00000207689f30e0 Uncommon trap: trap_request=0xffffffde fr.pc=0x0000020757107d6c relative=0x000000000000038c
Event: 1.481 Thread 0x00000207689f30e0 Uncommon trap: reason=class_check action=maybe_recompile pc=0x0000020757107d6c method=java.util.regex.Matcher.match(II)Z @ 121 c2
Event: 1.481 Thread 0x00000207689f30e0 DEOPT PACKING pc=0x0000020757107d6c sp=0x000000b4f36f9cc0
Event: 1.481 Thread 0x00000207689f30e0 DEOPT UNPACKING pc=0x000002074f6723a3 sp=0x000000b4f36f9c80 mode 2
Event: 1.491 Thread 0x00000207689f30e0 Uncommon trap: trap_request=0xffffff45 fr.pc=0x0000020757106db8 relative=0x0000000000000198
Event: 1.491 Thread 0x00000207689f30e0 Uncommon trap: reason=unstable_if action=reinterpret pc=0x0000020757106db8 method=java.util.regex.Matcher.reset()Ljava/util/regex/Matcher; @ 47 c2
Event: 1.491 Thread 0x00000207689f30e0 DEOPT PACKING pc=0x0000020757106db8 sp=0x000000b4f36f8bc0
Event: 1.491 Thread 0x00000207689f30e0 DEOPT UNPACKING pc=0x000002074f6723a3 sp=0x000000b4f36f8b48 mode 2
Event: 1.491 Thread 0x00000207689f30e0 Uncommon trap: trap_request=0xffffff45 fr.pc=0x0000020757107dd8 relative=0x00000000000003f8
Event: 1.491 Thread 0x00000207689f30e0 Uncommon trap: reason=unstable_if action=reinterpret pc=0x0000020757107dd8 method=java.util.regex.Matcher.match(II)Z @ 76 c2
Event: 1.491 Thread 0x00000207689f30e0 DEOPT PACKING pc=0x0000020757107dd8 sp=0x000000b4f36f8bf0
Event: 1.491 Thread 0x00000207689f30e0 DEOPT UNPACKING pc=0x000002074f6723a3 sp=0x000000b4f36f8bc0 mode 2
Event: 1.511 Thread 0x00000207689f30e0 Uncommon trap: trap_request=0xffffff45 fr.pc=0x000002075710b620 relative=0x0000000000000aa0
Event: 1.511 Thread 0x00000207689f30e0 Uncommon trap: reason=unstable_if action=reinterpret pc=0x000002075710b620 method=java.io.WinNTFileSystem.resolve(Ljava/lang/String;Ljava/lang/String;)Ljava/lang/String; @ 19 c2
Event: 1.511 Thread 0x00000207689f30e0 DEOPT PACKING pc=0x000002075710b620 sp=0x000000b4f36fb3d0
Event: 1.511 Thread 0x00000207689f30e0 DEOPT UNPACKING pc=0x000002074f6723a3 sp=0x000000b4f36fb378 mode 2
Event: 1.512 Thread 0x00000207689f30e0 Uncommon trap: trap_request=0xffffff45 fr.pc=0x0000020757162648 relative=0x00000000000005a8
Event: 1.512 Thread 0x00000207689f30e0 Uncommon trap: reason=unstable_if action=reinterpret pc=0x0000020757162648 method=java.io.File.getName()Ljava/lang/String; @ 16 c2
Event: 1.512 Thread 0x00000207689f30e0 DEOPT PACKING pc=0x0000020757162648 sp=0x000000b4f36fb370
Event: 1.512 Thread 0x00000207689f30e0 DEOPT UNPACKING pc=0x000002074f6723a3 sp=0x000000b4f36fb340 mode 2

Classes unloaded (0 events):
No events

Classes redefined (0 events):
No events

Internal exceptions (20 events):
Event: 1.124 Thread 0x0000020747da2840 Exception <a 'java/lang/NoSuchMethodError'{0x000000008ee6dcc0}: 'java.lang.Object java.lang.invoke.DirectMethodHandle$Holder.invokeStaticInit(java.lang.Object, java.lang.Object, int, int, int, int)'> (0x000000008ee6dcc0) 
thrown [s\open\src\hotspot\share\interpreter\linkResolver.cpp, line 759]
Event: 1.280 Thread 0x0000020747da2840 Exception <a 'java/lang/NoSuchMethodError'{0x000000008ec214e8}: 'void java.lang.invoke.DirectMethodHandle$Holder.invokeStatic(java.lang.Object, java.lang.Object, java.lang.Object)'> (0x000000008ec214e8) 
thrown [s\open\src\hotspot\share\interpreter\linkResolver.cpp, line 759]
Event: 1.291 Thread 0x0000020747da2840 Exception <a 'java/io/IOException'{0x000000008ecc9370}> (0x000000008ecc9370) 
thrown [s\open\src\hotspot\share\prims\jni.cpp, line 516]
Event: 1.342 Thread 0x00000207689f1400 Exception <a 'java/lang/NoSuchMethodError'{0x000000008e84e460}: static Lorg/gradle/tooling/internal/provider/serialization/ClassLoaderDetails;.<clinit>()V> (0x000000008e84e460) 
thrown [s\open\src\hotspot\share\prims\jni.cpp, line 1107]
Event: 1.343 Thread 0x00000207689f1400 Exception <a 'java/lang/NoSuchMethodError'{0x000000008e864d10}: static Lorg/gradle/internal/classloader/ClassLoaderSpec;.<clinit>()V> (0x000000008e864d10) 
thrown [s\open\src\hotspot\share\prims\jni.cpp, line 1107]
Event: 1.344 Thread 0x00000207689f1400 Exception <a 'java/lang/NoSuchMethodError'{0x000000008e86dcf8}: static Lorg/gradle/tooling/internal/provider/serialization/WellKnownClassLoaderRegistry$KnownClassLoaderSpec;.<clinit>()V> (0x000000008e86dcf8) 
thrown [s\open\src\hotspot\share\prims\jni.cpp, line 1107]
Event: 1.345 Thread 0x00000207689f1400 Exception <a 'java/lang/NoSuchMethodError'{0x000000008e8826b8}: static Lorg/gradle/tooling/internal/provider/serialization/ClientOwnedClassLoaderSpec;.<clinit>()V> (0x000000008e8826b8) 
thrown [s\open\src\hotspot\share\prims\jni.cpp, line 1107]
Event: 1.372 Thread 0x00000207689f30e0 Exception <a 'java/lang/NoSuchMethodError'{0x000000008e505418}: 'long java.lang.invoke.DirectMethodHandle$Holder.invokeInterface(java.lang.Object, java.lang.Object)'> (0x000000008e505418) 
thrown [s\open\src\hotspot\share\interpreter\linkResolver.cpp, line 759]
Event: 1.372 Thread 0x00000207689f30e0 Exception <a 'java/lang/NoSuchMethodError'{0x000000008e5135b0}: 'void java.lang.invoke.DelegatingMethodHandle$Holder.reinvoke_L(java.lang.Object, java.lang.Object, java.lang.Object, java.lang.Object, java.lang.Object, java.lang.Object, java.lang.Object)'> (0x000000008e5135b0) 
thrown [s\open\src\hotspot\share\interpreter\linkResolver.cpp, line 759]
Event: 1.476 Thread 0x00000207689f30e0 Exception <a 'java/lang/NoSuchMethodError'{0x000000008d3b5f30}: 'void java.lang.invoke.DirectMethodHandle$Holder.invokeStaticInit(java.lang.Object)'> (0x000000008d3b5f30) 
thrown [s\open\src\hotspot\share\interpreter\linkResolver.cpp, line 759]
Event: 1.477 Thread 0x00000207689f30e0 Exception <a 'java/lang/NoSuchMethodError'{0x000000008d3ccb28}: 'void java.lang.invoke.DirectMethodHandle$Holder.invokeSpecial(java.lang.Object, java.lang.Object, java.lang.Object)'> (0x000000008d3ccb28) 
thrown [s\open\src\hotspot\share\interpreter\linkResolver.cpp, line 759]
Event: 1.484 Thread 0x00000207689f30e0 Exception <a 'java/lang/NoSuchMethodError'{0x000000008d258bb8}: 'java.lang.Object java.lang.invoke.DirectMethodHandle$Holder.newInvokeSpecial(java.lang.Object, java.lang.Object, java.lang.Object, int)'> (0x000000008d258bb8) 
thrown [s\open\src\hotspot\share\interpreter\linkResolver.cpp, line 759]
Event: 1.484 Thread 0x00000207689f30e0 Exception <a 'java/lang/NoSuchMethodError'{0x000000008d25da38}: 'java.lang.Object java.lang.invoke.DirectMethodHandle$Holder.invokeSpecial(java.lang.Object, java.lang.Object, java.lang.Object, java.lang.Object, int)'> (0x000000008d25da38) 
thrown [s\open\src\hotspot\share\interpreter\linkResolver.cpp, line 759]
Event: 1.484 Thread 0x00000207689f30e0 Exception <a 'java/lang/NoSuchMethodError'{0x000000008d2620a0}: 'java.lang.Object java.lang.invoke.Invokers$Holder.linkToTargetMethod(java.lang.Object, java.lang.Object, int, java.lang.Object)'> (0x000000008d2620a0) 
thrown [s\open\src\hotspot\share\interpreter\linkResolver.cpp, line 759]
Event: 1.531 Thread 0x00000207689f30e0 Exception <a 'java/lang/NoSuchMethodError'{0x000000008cdc4030}: 'int java.lang.invoke.DirectMethodHandle$Holder.invokeSpecialIFC(java.lang.Object, java.lang.Object, java.lang.Object, java.lang.Object)'> (0x000000008cdc4030) 
thrown [s\open\src\hotspot\share\interpreter\linkResolver.cpp, line 759]
Event: 1.532 Thread 0x00000207689f30e0 Exception <a 'java/lang/NoSuchMethodError'{0x000000008cdd3008}: 'java.lang.Object java.lang.invoke.DirectMethodHandle$Holder.invokeInterface(java.lang.Object, java.lang.Object, java.lang.Object)'> (0x000000008cdd3008) 
thrown [s\open\src\hotspot\share\interpreter\linkResolver.cpp, line 759]
Event: 1.532 Thread 0x00000207689f30e0 Exception <a 'java/lang/IncompatibleClassChangeError'{0x000000008cdd6ee0}: Found class java.lang.Object, but interface was expected> (0x000000008cdd6ee0) 
thrown [s\open\src\hotspot\share\interpreter\linkResolver.cpp, line 826]
Event: 1.560 Thread 0x00000207689f30e0 Exception <a 'java/lang/NoSuchMethodError'{0x000000008ca92778}: 'int java.lang.invoke.DirectMethodHandle$Holder.invokeStatic(java.lang.Object, java.lang.Object, java.lang.Object, java.lang.Object)'> (0x000000008ca92778) 
thrown [s\open\src\hotspot\share\interpreter\linkResolver.cpp, line 759]
Event: 1.560 Thread 0x00000207689f30e0 Exception <a 'java/lang/NoSuchMethodError'{0x000000008ca96648}: 'java.lang.Object java.lang.invoke.Invokers$Holder.invokeExact_MT(java.lang.Object, java.lang.Object, java.lang.Object, java.lang.Object, java.lang.Object, java.lang.Object)'> (0x000000008ca96648) 
thrown [s\open\src\hotspot\share\interpreter\linkResolver.cpp, line 759]
Event: 1.577 Thread 0x00000207689f30e0 Exception <a 'java/lang/NoSuchMethodError'{0x000000008c8eaeb8}: 'java.lang.Object java.lang.invoke.DirectMethodHandle$Holder.invokeInterface(java.lang.Object, java.lang.Object)'> (0x000000008c8eaeb8) 
thrown [s\open\src\hotspot\share\interpreter\linkResolver.cpp, line 759]

VM Operations (20 events):
Event: 1.009 Executing VM operation: HandshakeAllThreads
Event: 1.009 Executing VM operation: HandshakeAllThreads done
Event: 1.028 Executing VM operation: HandshakeAllThreads
Event: 1.028 Executing VM operation: HandshakeAllThreads done
Event: 1.085 Executing VM operation: HandshakeAllThreads
Event: 1.085 Executing VM operation: HandshakeAllThreads done
Event: 1.098 Executing VM operation: HandshakeAllThreads
Event: 1.098 Executing VM operation: HandshakeAllThreads done
Event: 1.121 Executing VM operation: HandshakeAllThreads
Event: 1.121 Executing VM operation: HandshakeAllThreads done
Event: 1.279 Executing VM operation: HandshakeAllThreads
Event: 1.279 Executing VM operation: HandshakeAllThreads done
Event: 1.304 Executing VM operation: HandshakeAllThreads
Event: 1.304 Executing VM operation: HandshakeAllThreads done
Event: 1.428 Executing VM operation: HandshakeAllThreads
Event: 1.428 Executing VM operation: HandshakeAllThreads done
Event: 1.429 Executing VM operation: HandshakeAllThreads
Event: 1.429 Executing VM operation: HandshakeAllThreads done
Event: 1.469 Executing VM operation: ICBufferFull
Event: 1.469 Executing VM operation: ICBufferFull done

Events (20 events):
Event: 1.528 loading class java/nio/file/NoSuchFileException
Event: 1.528 loading class java/nio/file/FileSystemException
Event: 1.528 loading class java/nio/file/FileSystemException done
Event: 1.528 loading class java/nio/file/NoSuchFileException done
Event: 1.529 loading class java/nio/file/attribute/PosixFilePermissions
Event: 1.529 loading class java/nio/file/attribute/PosixFilePermissions done
Event: 1.529 loading class java/nio/file/attribute/PosixFilePermissions$1
Event: 1.529 loading class java/nio/file/attribute/PosixFilePermissions$1 done
Event: 1.530 loading class java/util/concurrent/locks/ReadWriteLock
Event: 1.530 loading class java/util/concurrent/locks/ReadWriteLock done
Event: 1.530 loading class java/nio/file/FileVisitor
Event: 1.530 loading class java/nio/file/FileVisitor done
Event: 1.530 loading class java/nio/file/FileVisitOption
Event: 1.530 loading class java/nio/file/FileVisitOption done
Event: 1.532 loading class java/util/stream/ReduceOps$1
Event: 1.532 loading class java/util/stream/ReduceOps$1 done
Event: 1.532 loading class java/util/stream/ReduceOps$1ReducingSink
Event: 1.533 loading class java/util/stream/ReduceOps$1ReducingSink done
Event: 1.533 loading class java/lang/invoke/MethodHandle$1
Event: 1.533 loading class java/lang/invoke/MethodHandle$1 done


Dynamic libraries:
0x00007ff7dc980000 - 0x00007ff7dc990000 	C:\Program Files\Java\jdk-17.0.5\bin\java.exe
0x00007ffc13160000 - 0x00007ffc13369000 	C:\windows\SYSTEM32\ntdll.dll
0x00007ffc11910000 - 0x00007ffc119ce000 	C:\windows\System32\KERNEL32.DLL
0x00007ffc10c60000 - 0x00007ffc10fdb000 	C:\windows\System32\KERNELBASE.dll
0x00007ffc10630000 - 0x00007ffc10741000 	C:\windows\System32\ucrtbase.dll
0x00007ffc0ad60000 - 0x00007ffc0ad78000 	C:\Program Files\Java\jdk-17.0.5\bin\jli.dll
0x00007ffc0bef0000 - 0x00007ffc0bf0a000 	C:\Program Files\Java\jdk-17.0.5\bin\VCRUNTIME140.dll
0x00007ffc12d90000 - 0x00007ffc12e3e000 	C:\windows\System32\ADVAPI32.dll
0x00007ffc12870000 - 0x00007ffc12913000 	C:\windows\System32\msvcrt.dll
0x00007ffc12680000 - 0x00007ffc1271e000 	C:\windows\System32\sechost.dll
0x00007ffc10fe0000 - 0x00007ffc11100000 	C:\windows\System32\RPCRT4.dll
0x00007ffc12f70000 - 0x00007ffc1311d000 	C:\windows\System32\USER32.dll
0x00007ffc10c30000 - 0x00007ffc10c56000 	C:\windows\System32\win32u.dll
0x00007ffc114d0000 - 0x00007ffc114f9000 	C:\windows\System32\GDI32.dll
0x00007ffbf0da0000 - 0x00007ffbf1045000 	C:\windows\WinSxS\amd64_microsoft.windows.common-controls_6595b64144ccf1df_6.0.22000.120_none_9d947278b86cc467\COMCTL32.dll
0x00007ffc10750000 - 0x00007ffc10868000 	C:\windows\System32\gdi32full.dll
0x00007ffc109a0000 - 0x00007ffc10a3d000 	C:\windows\System32\msvcp_win.dll
0x00007ffc05ff0000 - 0x00007ffc05ffa000 	C:\windows\SYSTEM32\VERSION.dll
0x00007ffc11100000 - 0x00007ffc11132000 	C:\windows\System32\IMM32.DLL
0x00007ffc09cd0000 - 0x00007ffc09cdc000 	C:\Program Files\Java\jdk-17.0.5\bin\vcruntime140_1.dll
0x00007ffbd4ba0000 - 0x00007ffbd4c2d000 	C:\Program Files\Java\jdk-17.0.5\bin\msvcp140.dll
0x00007ffbc5f20000 - 0x00007ffbc6ae2000 	C:\Program Files\Java\jdk-17.0.5\bin\server\jvm.dll
0x00007ffc12e40000 - 0x00007ffc12e48000 	C:\windows\System32\PSAPI.DLL
0x00007ffc0a150000 - 0x00007ffc0a183000 	C:\windows\SYSTEM32\WINMM.dll
0x00007ffbccca0000 - 0x00007ffbccca9000 	C:\windows\SYSTEM32\WSOCK32.dll
0x00007ffc112a0000 - 0x00007ffc1130f000 	C:\windows\System32\WS2_32.dll
0x00007ffc0f7a0000 - 0x00007ffc0f7b8000 	C:\windows\SYSTEM32\kernel.appcore.dll
0x00007ffbff930000 - 0x00007ffbff93a000 	C:\Program Files\Java\jdk-17.0.5\bin\jimage.dll
0x00007ffc0db70000 - 0x00007ffc0dd91000 	C:\windows\SYSTEM32\DBGHELP.DLL
0x00007ffbfa180000 - 0x00007ffbfa1b1000 	C:\windows\SYSTEM32\dbgcore.DLL
0x00007ffc10bb0000 - 0x00007ffc10c2f000 	C:\windows\System32\bcryptPrimitives.dll
0x00007ffbff900000 - 0x00007ffbff925000 	C:\Program Files\Java\jdk-17.0.5\bin\java.dll
0x00007ffbc9ba0000 - 0x00007ffbc9c76000 	C:\Program Files\Java\jdk-17.0.5\bin\jsvml.dll
0x00007ffc11ec0000 - 0x00007ffc12678000 	C:\windows\System32\SHELL32.dll
0x00007ffc0e730000 - 0x00007ffc0ef95000 	C:\windows\SYSTEM32\windows.storage.dll
0x00007ffc11500000 - 0x00007ffc11878000 	C:\windows\System32\combase.dll
0x00007ffc0e5c0000 - 0x00007ffc0e726000 	C:\windows\SYSTEM32\wintypes.dll
0x00007ffc12be0000 - 0x00007ffc12cca000 	C:\windows\System32\SHCORE.dll
0x00007ffc12920000 - 0x00007ffc1297d000 	C:\windows\System32\shlwapi.dll
0x00007ffc10560000 - 0x00007ffc10581000 	C:\windows\SYSTEM32\profapi.dll
0x00007ffbff8e0000 - 0x00007ffbff8f9000 	C:\Program Files\Java\jdk-17.0.5\bin\net.dll
0x00007ffc0c300000 - 0x00007ffc0c414000 	C:\windows\SYSTEM32\WINHTTP.dll
0x00007ffc0fc40000 - 0x00007ffc0fca7000 	C:\windows\system32\mswsock.dll
0x00007ffbfe6f0000 - 0x00007ffbfe706000 	C:\Program Files\Java\jdk-17.0.5\bin\nio.dll
0x00007ffbf0b40000 - 0x00007ffbf0b58000 	C:\Program Files\Java\jdk-17.0.5\bin\zip.dll
0x00007ffbff8d0000 - 0x00007ffbff8e0000 	C:\Program Files\Java\jdk-17.0.5\bin\verify.dll
0x00007ffbff880000 - 0x00007ffbff8a7000 	C:\Users\HADI\.gradle\native\e1d6ef7f7dcc3fd88c89a11ec53ec762bb8ba0a96d01ffa2cd45eb1d1d8dd5c5\windows-amd64\native-platform.dll
0x00007ffbc9a50000 - 0x00007ffbc9b94000 	C:\Users\HADI\.gradle\native\5664cfc778a61ccfe75a443a1ab52a65af34e5dc3c78e0209fed803814484fcb\windows-amd64\native-platform-file-events.dll
0x00007ffbfe680000 - 0x00007ffbfe689000 	C:\Program Files\Java\jdk-17.0.5\bin\management.dll
0x00007ffbf1150000 - 0x00007ffbf115b000 	C:\Program Files\Java\jdk-17.0.5\bin\management_ext.dll
0x00007ffc0fe90000 - 0x00007ffc0fea8000 	C:\windows\SYSTEM32\CRYPTSP.dll
0x00007ffc0f700000 - 0x00007ffc0f735000 	C:\windows\system32\rsaenh.dll
0x00007ffc0fd30000 - 0x00007ffc0fd59000 	C:\windows\SYSTEM32\USERENV.dll
0x00007ffc10010000 - 0x00007ffc10037000 	C:\windows\SYSTEM32\bcrypt.dll
0x00007ffc0fe80000 - 0x00007ffc0fe8c000 	C:\windows\SYSTEM32\CRYPTBASE.dll
0x00007ffc0f2d0000 - 0x00007ffc0f2fd000 	C:\windows\SYSTEM32\IPHLPAPI.DLL
0x00007ffc111a0000 - 0x00007ffc111a9000 	C:\windows\System32\NSI.dll
0x00007ffc0a130000 - 0x00007ffc0a149000 	C:\windows\SYSTEM32\dhcpcsvc6.DLL
0x00007ffc0a2e0000 - 0x00007ffc0a2fe000 	C:\windows\SYSTEM32\dhcpcsvc.DLL
0x00007ffc0f340000 - 0x00007ffc0f428000 	C:\windows\SYSTEM32\DNSAPI.dll
0x00007ffbf0b30000 - 0x00007ffbf0b3e000 	C:\Program Files\Java\jdk-17.0.5\bin\sunmscapi.dll
0x00007ffc10a40000 - 0x00007ffc10ba2000 	C:\windows\System32\CRYPT32.dll
0x00007ffc0ffe0000 - 0x00007ffc10008000 	C:\windows\SYSTEM32\ncrypt.dll
0x00007ffc0ffa0000 - 0x00007ffc0ffd7000 	C:\windows\SYSTEM32\NTASN1.dll
0x00007ffbedb10000 - 0x00007ffbedb18000 	C:\windows\system32\wshunix.dll

dbghelp: loaded successfully - version: 4.0.5 - missing functions: none
symbol engine: initialized successfully - sym options: 0x614 - pdb path: .;C:\Program Files\Java\jdk-17.0.5\bin;C:\windows\SYSTEM32;C:\windows\WinSxS\amd64_microsoft.windows.common-controls_6595b64144ccf1df_6.0.22000.120_none_9d947278b86cc467;C:\Program Files\Java\jdk-17.0.5\bin\server;C:\Users\HADI\.gradle\native\e1d6ef7f7dcc3fd88c89a11ec53ec762bb8ba0a96d01ffa2cd45eb1d1d8dd5c5\windows-amd64;C:\Users\HADI\.gradle\native\5664cfc778a61ccfe75a443a1ab52a65af34e5dc3c78e0209fed803814484fcb\windows-amd64

VM Arguments:
jvm_args: --add-opens=java.base/java.util=ALL-UNNAMED --add-opens=java.base/java.lang=ALL-UNNAMED --add-opens=java.base/java.lang.invoke=ALL-UNNAMED --add-opens=java.base/java.util=ALL-UNNAMED --add-opens=java.prefs/java.util.prefs=ALL-UNNAMED --add-opens=java.prefs/java.util.prefs=ALL-UNNAMED --add-opens=java.base/java.nio.charset=ALL-UNNAMED --add-opens=java.base/java.net=ALL-UNNAMED --add-opens=java.base/java.util.concurrent.atomic=ALL-UNNAMED -Xmx2048m -Dfile.encoding=UTF-8 -Duser.country=US -Duser.language=en -Duser.variant 
java_command: org.gradle.launcher.daemon.bootstrap.GradleDaemon 7.3.3
java_class_path (initial): C:\Users\HADI\.gradle\wrapper\dists\gradle-7.3.3-bin\6a41zxkdtcxs8rphpq6y0069z\gradle-7.3.3\lib\gradle-launcher-7.3.3.jar
Launcher Type: SUN_STANDARD

[Global flags]
     intx CICompilerCount                          = 4                                         {product} {ergonomic}
     uint ConcGCThreads                            = 3                                         {product} {ergonomic}
     uint G1ConcRefinementThreads                  = 10                                        {product} {ergonomic}
   size_t G1HeapRegionSize                         = 1048576                                   {product} {ergonomic}
    uintx GCDrainStackTargetSize                   = 64                                        {product} {ergonomic}
   size_t InitialHeapSize                          = 264241152                                 {product} {ergonomic}
   size_t MarkStackSize                            = 4194304                                   {product} {ergonomic}
   size_t MaxHeapSize                              = 2147483648                                {product} {command line}
   size_t MaxNewSize                               = 1287651328                                {product} {ergonomic}
   size_t MinHeapDeltaBytes                        = 1048576                                   {product} {ergonomic}
   size_t MinHeapSize                              = 8388608                                   {product} {ergonomic}
    uintx NonNMethodCodeHeapSize                   = 5839372                                {pd product} {ergonomic}
    uintx NonProfiledCodeHeapSize                  = 122909434                              {pd product} {ergonomic}
    uintx ProfiledCodeHeapSize                     = 122909434                              {pd product} {ergonomic}
    uintx ReservedCodeCacheSize                    = 251658240                              {pd product} {ergonomic}
     bool SegmentedCodeCache                       = true                                      {product} {ergonomic}
   size_t SoftMaxHeapSize                          = 2147483648                             {manageable} {ergonomic}
     bool UseCompressedClassPointers               = true                           {product lp64_product} {ergonomic}
     bool UseCompressedOops                        = true                           {product lp64_product} {ergonomic}
     bool UseG1GC                                  = true                                      {product} {ergonomic}
     bool UseLargePagesIndividualAllocation        = false                                  {pd product} {ergonomic}

Logging:
Log output configuration:
 #0: stdout all=warning uptime,level,tags
 #1: stderr all=off uptime,level,tags

Environment Variables:
JAVA_HOME=C:\Program Files\Java\jdk-17.0.5
PATH=C:\Program Files\Common Files\Oracle\Java\javapath;C:\windows\system32;C:\windows;C:\windows\System32\Wbem;C:\windows\System32\WindowsPowerShell\v1.0\;C:\windows\System32\OpenSSH\;C:\Program Files (x86)\NVIDIA Corporation\PhysX\Common;C:\Program Files\NVIDIA Corporation\NVIDIA NvDLISR;C:\Program Files\apache-maven-3.8.6\bin;C:\Program Files\Microsoft VS Code\bin;%JAVA_HOME%\bin;C:\Program Files\Git\cmd;C:\Users\HADI\AppData\Local\Microsoft\WindowsApps;";C:\Program Files (x86)\Git\bin";
USERNAME=HADI
OS=Windows_NT
PROCESSOR_IDENTIFIER=Intel64 Family 6 Model 154 Stepping 3, GenuineIntel



---------------  S Y S T E M  ---------------

OS:
 Windows 11 , 64 bit Build 22000 (10.0.22000.1219)
OS uptime: 0 days 2:12 hours

CPU: total 12 (initial active 12) (6 cores per cpu, 2 threads per core) family 6 model 154 stepping 3 microcode 0x41b, cx8, cmov, fxsr, ht, mmx, 3dnowpref, sse, sse2, sse3, ssse3, sse4.1, sse4.2, popcnt, lzcnt, tsc, tscinvbit, avx, avx2, aes, erms, clmul, bmi1, bmi2, adx, sha, fma, vzeroupper, clflush, clflushopt, clwb

Memory: 4k page, system-wide physical 16052M (528M free)
TotalPageFile size 65204M (AvailPageFile size 24M)
current process WorkingSet (physical memory assigned to process): 163M, peak: 163M
current process commit charge ("private bytes"): 407M, peak: 409M

vm_info: Java HotSpot(TM) 64-Bit Server VM (17.0.5+9-LTS-191) for windows-amd64 JRE (17.0.5+9-LTS-191), built on Sep 13 2022 17:31:43 by "mach5one" with MS VC++ 16.8 / 16.9 (VS2019)

END.
