#
# There is insufficient memory for the Java Runtime Environment to continue.
# Native memory allocation (mmap) failed to map 10485760 bytes for G1 virtual space
# Possible reasons:
#   The system is out of physical RAM or swap space
#   The process is running with CompressedOops enabled, and the Java Heap may be blocking the growth of the native heap
# Possible solutions:
#   Reduce memory load on the system
#   Increase physical memory or swap space
#   Check if swap backing store is full
#   Decrease Java heap size (-Xmx/-Xms)
#   Decrease number of Java threads
#   Decrease Java thread stack sizes (-Xss)
#   Set larger code cache with -XX:ReservedCodeCacheSize=
#   JVM is running with Unscaled Compressed Oops mode in which the Java heap is
#     placed in the first 4GB address space. The Java Heap base address is the
#     maximum limit for the native heap growth. Please use -XX:HeapBaseMinAddress
#     to set the Java Heap base and to place the Java Heap above 4GB virtual address.
# This output file may be truncated or incomplete.
#
#  Out of Memory Error (os_windows.cpp:3541), pid=15172, tid=1864
#
# JRE version: Java(TM) SE Runtime Environment (17.0.5+9) (build 17.0.5+9-LTS-191)
# Java VM: Java HotSpot(TM) 64-Bit Server VM (17.0.5+9-LTS-191, mixed mode, sharing, tiered, compressed oops, compressed class ptrs, g1 gc, windows-amd64)
# No core dump will be written. Minidumps are not enabled by default on client versions of Windows
#

---------------  S U M M A R Y ------------

Command Line: --add-opens=java.base/java.util=ALL-UNNAMED --add-opens=java.base/java.lang=ALL-UNNAMED --add-opens=java.base/java.lang.invoke=ALL-UNNAMED --add-opens=java.base/java.util=ALL-UNNAMED --add-opens=java.prefs/java.util.prefs=ALL-UNNAMED --add-opens=java.prefs/java.util.prefs=ALL-UNNAMED --add-opens=java.base/java.nio.charset=ALL-UNNAMED --add-opens=java.base/java.net=ALL-UNNAMED --add-opens=java.base/java.util.concurrent.atomic=ALL-UNNAMED -Xmx2048m -Dfile.encoding=UTF-8 -Duser.country=US -Duser.language=en -Duser.variant org.gradle.launcher.daemon.bootstrap.GradleDaemon 7.3.3

Host: 12th Gen Intel(R) Core(TM) i5-12450H, 12 cores, 15G,  Windows 11 , 64 bit Build 22000 (10.0.22000.1219)
Time: Tue Dec 20 12:48:05 2022 Iran Standard Time elapsed time: 7.689630 seconds (0d 0h 0m 7s)

---------------  T H R E A D  ---------------

Current thread (0x000001f7799be550):  VMThread "VM Thread" [stack: 0x000000981a400000,0x000000981a500000] [id=1864]

Stack: [0x000000981a400000,0x000000981a500000]
Native frames: (J=compiled Java code, j=interpreted, Vv=VM code, C=native code)
V  [jvm.dll+0x672eea]
V  [jvm.dll+0x7d2a04]
V  [jvm.dll+0x7d41ae]
V  [jvm.dll+0x7d4813]
V  [jvm.dll+0x242c15]
V  [jvm.dll+0x66fe09]
V  [jvm.dll+0x664682]
V  [jvm.dll+0x300e8b]
V  [jvm.dll+0x308426]
V  [jvm.dll+0x357ffe]
V  [jvm.dll+0x35822f]
V  [jvm.dll+0x2d80a8]
V  [jvm.dll+0x2db126]
V  [jvm.dll+0x2e5778]
V  [jvm.dll+0x319600]
V  [jvm.dll+0x7d8ceb]
V  [jvm.dll+0x7d9a24]
V  [jvm.dll+0x7d9f3c]
V  [jvm.dll+0x7da314]
V  [jvm.dll+0x7da3e0]
V  [jvm.dll+0x782b4a]
V  [jvm.dll+0x671d75]
C  [ucrtbase.dll+0x26c0c]
C  [KERNEL32.DLL+0x15550]
C  [ntdll.dll+0x485b]

VM_Operation (0x000000981a0ff450): G1Concurrent, mode: safepoint, requested by thread 0x000001f75b3eec10


---------------  P R O C E S S  ---------------

Threads class SMR info:
_java_thread_list=0x000001f701748220, length=170, elements={
0x000001f75b37ffb0, 0x000001f7799c3000, 0x000001f7799c3bb0, 0x000001f7799db4a0,
0x000001f7799ddd70, 0x000001f7799df730, 0x000001f7799e00e0, 0x000001f7799e0e70,
0x000001f7799e9920, 0x000001f7799ebd90, 0x000001f77a546250, 0x000001f77a54af40,
0x000001f77a645cb0, 0x000001f77c3b2460, 0x000001f77bac0a10, 0x000001f77b6cf910,
0x000001f77c124470, 0x000001f77c4cebf0, 0x000001f77c119490, 0x000001f77c119960,
0x000001f77c11c4b0, 0x000001f77c11a300, 0x000001f77c11bb10, 0x000001f77c119e30,
0x000001f77c11a7d0, 0x000001f77c11bfe0, 0x000001f77c11aca0, 0x000001f77c11b170,
0x000001f77c11b640, 0x000001f77c11c980, 0x000001f77ce28700, 0x000001f77ce28bd0,
0x000001f77ce290a0, 0x000001f77ce27890, 0x000001f77ce27d60, 0x000001f77ce29f10,
0x000001f77ce29570, 0x000001f77ce2a3e0, 0x000001f77ce23530, 0x000001f77ce23a00,
0x000001f77ce23ed0, 0x000001f77ce2a8b0, 0x000001f77ce29a40, 0x000001f77ce28230,
0x000001f77ce23060, 0x000001f77ce24870, 0x000001f77ce25210, 0x000001f77ce256e0,
0x000001f77ce26080, 0x000001f77ce26550, 0x000001f77ce26a20, 0x000001f77ce26ef0,
0x000001f700cfdc30, 0x000001f700d01120, 0x000001f700cff910, 0x000001f700cfb5b0,
0x000001f700cfc420, 0x000001f700cfc8f0, 0x000001f700d00780, 0x000001f700cfb0e0,
0x000001f700cfe100, 0x000001f700cfd760, 0x000001f700cfcdc0, 0x000001f700cfef70,
0x000001f700d015f0, 0x000001f700cfeaa0, 0x000001f700cff440, 0x000001f700cffde0,
0x000001f700cfba80, 0x000001f700d002b0, 0x000001f700d01ac0, 0x000001f700cfd290,
0x000001f700cfe5d0, 0x000001f700d00c50, 0x000001f700d01f90, 0x000001f700d02930,
0x000001f700d02460, 0x000001f700cfbf50, 0x000001f700680ef0, 0x000001f700680a20,
0x000001f700683a40, 0x000001f700681d60, 0x000001f7006830a0, 0x000001f700682700,
0x000001f700682bd0, 0x000001f700683570, 0x000001f700680080, 0x000001f700681890,
0x000001f700680550, 0x000001f7006813c0, 0x000001f700682230, 0x000001f700944840,
0x000001f7009439d0, 0x000001f7009456b0, 0x000001f700943ea0, 0x000001f700943500,
0x000001f700944370, 0x000001f700945b80, 0x000001f7009469f0, 0x000001f7009451e0,
0x000001f700944d10, 0x000001f700946050, 0x000001f700943030, 0x000001f700946520,
0x000001f70063b0a0, 0x000001f700637210, 0x000001f700638550, 0x000001f700639d60,
0x000001f700637bb0, 0x000001f70063c3e0, 0x000001f7006376e0, 0x000001f700638ef0,
0x000001f70063bf10, 0x000001f70063b570, 0x000001f70063ba40, 0x000001f70063d720,
0x000001f70063a230, 0x000001f70063a700, 0x000001f700638080, 0x000001f70063d250,
0x000001f70063abd0, 0x000001f700639890, 0x000001f7006363a0, 0x000001f700635ed0,
0x000001f700638a20, 0x000001f70063c8b0, 0x000001f7006393c0, 0x000001f70063cd80,
0x000001f700636870, 0x000001f700636d40, 0x000001f7007dc890, 0x000001f7007d8530,
0x000001f7007dc3c0, 0x000001f7007d9d40, 0x000001f7007de570, 0x000001f7007d8ed0,
0x000001f7007d8a00, 0x000001f7007dcd60, 0x000001f7007d6d20, 0x000001f7007db080,
0x000001f7007dd230, 0x000001f7007dd700, 0x000001f7007da6e0, 0x000001f7007ddbd0,
0x000001f7007db550, 0x000001f7007d71f0, 0x000001f7007d8060, 0x000001f7007d93a0,
0x000001f7007dabb0, 0x000001f7007d9870, 0x000001f7007dba20, 0x000001f7007de0a0,
0x000001f7007d76c0, 0x000001f7007d7b90, 0x000001f7007da210, 0x000001f7007dbef0,
0x000001f700aeaef0, 0x000001f700aed0a0, 0x000001f700ae9210, 0x000001f700ae7a00,
0x000001f700ae7ed0, 0x000001f700aeb890, 0x000001f700aebd60, 0x000001f700ae7060,
0x000001f700aeaa20, 0x000001f700aeb3c0, 0x000001f700ae7530, 0x000001f700ae8870,
0x000001f700ae8d40, 0x000001f77edfffc0
}

Java Threads: ( => current thread )
  0x000001f75b37ffb0 JavaThread "main" [_thread_blocked, id=19192, stack(0x0000009819e00000,0x0000009819f00000)]
  0x000001f7799c3000 JavaThread "Reference Handler" daemon [_thread_blocked, id=11024, stack(0x000000981a500000,0x000000981a600000)]
  0x000001f7799c3bb0 JavaThread "Finalizer" daemon [_thread_blocked, id=16960, stack(0x000000981a600000,0x000000981a700000)]
  0x000001f7799db4a0 JavaThread "Signal Dispatcher" daemon [_thread_blocked, id=19880, stack(0x000000981a700000,0x000000981a800000)]
  0x000001f7799ddd70 JavaThread "Attach Listener" daemon [_thread_blocked, id=18576, stack(0x000000981a800000,0x000000981a900000)]
  0x000001f7799df730 JavaThread "Service Thread" daemon [_thread_blocked, id=17808, stack(0x000000981a900000,0x000000981aa00000)]
  0x000001f7799e00e0 JavaThread "Monitor Deflation Thread" daemon [_thread_blocked, id=11804, stack(0x000000981aa00000,0x000000981ab00000)]
  0x000001f7799e0e70 JavaThread "C2 CompilerThread0" daemon [_thread_blocked, id=6984, stack(0x000000981ab00000,0x000000981ac00000)]
  0x000001f7799e9920 JavaThread "C1 CompilerThread0" daemon [_thread_blocked, id=18700, stack(0x000000981ac00000,0x000000981ad00000)]
  0x000001f7799ebd90 JavaThread "Sweeper thread" daemon [_thread_blocked, id=2216, stack(0x000000981ad00000,0x000000981ae00000)]
  0x000001f77a546250 JavaThread "Common-Cleaner" daemon [_thread_blocked, id=17832, stack(0x000000981ae00000,0x000000981af00000)]
  0x000001f77a54af40 JavaThread "Notification Thread" daemon [_thread_blocked, id=10680, stack(0x000000981af00000,0x000000981b000000)]
  0x000001f77a645cb0 JavaThread "C2 CompilerThread1" daemon [_thread_blocked, id=3544, stack(0x000000981b100000,0x000000981b200000)]
  0x000001f77c3b2460 JavaThread "Daemon health stats" [_thread_blocked, id=15368, stack(0x000000981b700000,0x000000981b800000)]
  0x000001f77bac0a10 JavaThread "Incoming local TCP Connector on port 60396" [_thread_in_native, id=19028, stack(0x000000981b800000,0x000000981b900000)]
  0x000001f77b6cf910 JavaThread "Daemon periodic checks" [_thread_blocked, id=5800, stack(0x000000981b900000,0x000000981ba00000)]
  0x000001f77c124470 JavaThread "Daemon" [_thread_blocked, id=20156, stack(0x000000981ba00000,0x000000981bb00000)]
  0x000001f77c4cebf0 JavaThread "Handler for socket connection from /127.0.0.1:60396 to /127.0.0.1:60397" [_thread_in_native, id=11184, stack(0x000000981bb00000,0x000000981bc00000)]
  0x000001f77c119490 JavaThread "Cancel handler" [_thread_blocked, id=17204, stack(0x000000981bc00000,0x000000981bd00000)]
  0x000001f77c119960 JavaThread "Daemon worker" [_thread_blocked, id=15400, stack(0x000000981bd00000,0x000000981be00000)]
  0x000001f77c11c4b0 JavaThread "Asynchronous log dispatcher for DefaultDaemonConnection: socket connection from /127.0.0.1:60396 to /127.0.0.1:60397" [_thread_blocked, id=19816, stack(0x000000981be00000,0x000000981bf00000)]
  0x000001f77c11a300 JavaThread "Stdin handler" [_thread_blocked, id=18816, stack(0x000000981bf00000,0x000000981c000000)]
  0x000001f77c11bb10 JavaThread "Daemon client event forwarder" [_thread_blocked, id=15224, stack(0x000000981c000000,0x000000981c100000)]
  0x000001f77c119e30 JavaThread "Cache worker for journal cache (C:\Users\HADI\.gradle\caches\journal-1)" [_thread_blocked, id=6944, stack(0x000000981c100000,0x000000981c200000)]
  0x000001f77c11a7d0 JavaThread "File lock request listener" [_thread_in_native, id=12028, stack(0x000000981c200000,0x000000981c300000)]
  0x000001f77c11bfe0 JavaThread "Cache worker for file hash cache (C:\Users\HADI\.gradle\caches\7.3.3\fileHashes)" [_thread_blocked, id=15948, stack(0x000000981c300000,0x000000981c400000)]
  0x000001f77c11aca0 JavaThread "Cache worker for file hash cache (C:\Users\HADI\AndroidStudioProjects\News\.gradle\7.3.3\fileHashes)" [_thread_blocked, id=15824, stack(0x000000981c400000,0x000000981c500000)]
  0x000001f77c11b170 JavaThread "File watcher server" daemon [_thread_in_native, id=1752, stack(0x000000981c500000,0x000000981c600000)]
  0x000001f77c11b640 JavaThread "File watcher consumer" daemon [_thread_blocked, id=17044, stack(0x000000981c600000,0x000000981c700000)]
  0x000001f77c11c980 JavaThread "jar transforms" [_thread_blocked, id=4856, stack(0x000000981c700000,0x000000981c800000)]
  0x000001f77ce28700 JavaThread "jar transforms Thread 2" [_thread_blocked, id=18492, stack(0x000000981c800000,0x000000981c900000)]
  0x000001f77ce28bd0 JavaThread "jar transforms Thread 3" [_thread_blocked, id=15036, stack(0x000000981c900000,0x000000981ca00000)]
  0x000001f77ce290a0 JavaThread "jar transforms Thread 4" [_thread_blocked, id=11756, stack(0x000000981ca00000,0x000000981cb00000)]
  0x000001f77ce27890 JavaThread "jar transforms Thread 5" [_thread_blocked, id=15196, stack(0x000000981cb00000,0x000000981cc00000)]
  0x000001f77ce27d60 JavaThread "jar transforms Thread 6" [_thread_blocked, id=10652, stack(0x000000981cc00000,0x000000981cd00000)]
  0x000001f77ce29f10 JavaThread "jar transforms Thread 7" [_thread_blocked, id=1356, stack(0x000000981cd00000,0x000000981ce00000)]
  0x000001f77ce29570 JavaThread "jar transforms Thread 8" [_thread_blocked, id=20364, stack(0x000000981ce00000,0x000000981cf00000)]
  0x000001f77ce2a3e0 JavaThread "jar transforms Thread 9" [_thread_blocked, id=17188, stack(0x000000981cf00000,0x000000981d000000)]
  0x000001f77ce23530 JavaThread "jar transforms Thread 10" [_thread_blocked, id=6720, stack(0x000000981d000000,0x000000981d100000)]
  0x000001f77ce23a00 JavaThread "jar transforms Thread 11" [_thread_blocked, id=1552, stack(0x000000981d100000,0x000000981d200000)]
  0x000001f77ce23ed0 JavaThread "jar transforms Thread 12" [_thread_blocked, id=3092, stack(0x000000981d200000,0x000000981d300000)]
  0x000001f77ce2a8b0 JavaThread "Cache worker for checksums cache (C:\Users\HADI\AndroidStudioProjects\News\.gradle\7.3.3\checksums)" [_thread_blocked, id=11664, stack(0x000000981d300000,0x000000981d400000)]
  0x000001f77ce29a40 JavaThread "Cache worker for cache directory md-supplier (C:\Users\HADI\.gradle\caches\7.3.3\md-supplier)" [_thread_blocked, id=11444, stack(0x000000981d400000,0x000000981d500000)]
  0x000001f77ce28230 JavaThread "Cache worker for cache directory md-rule (C:\Users\HADI\.gradle\caches\7.3.3\md-rule)" [_thread_blocked, id=20016, stack(0x000000981db00000,0x000000981dc00000)]
  0x000001f77ce23060 JavaThread "Cache worker for execution history cache (C:\Users\HADI\.gradle\caches\7.3.3\executionHistory)" [_thread_blocked, id=17284, stack(0x000000981dc00000,0x000000981dd00000)]
  0x000001f77ce24870 JavaThread "Cache worker for file content cache (C:\Users\HADI\.gradle\caches\7.3.3\fileContent)" [_thread_blocked, id=17644, stack(0x000000981dd00000,0x000000981de00000)]
  0x000001f77ce25210 JavaThread "Cache worker for dependencies-accessors (C:\Users\HADI\AndroidStudioProjects\News\.gradle\7.3.3\dependencies-accessors)" [_thread_blocked, id=17412, stack(0x000000981df00000,0x000000981e000000)]
  0x000001f77ce256e0 JavaThread "Cache worker for Build Output Cleanup Cache (C:\Users\HADI\AndroidStudioProjects\News\.gradle\buildOutputCleanup)" [_thread_blocked, id=14280, stack(0x000000981e000000,0x000000981e100000)]
  0x000001f77ce26080 JavaThread "Unconstrained build operations" [_thread_blocked, id=19264, stack(0x000000981e100000,0x000000981e200000)]
  0x000001f77ce26550 JavaThread "Unconstrained build operations Thread 2" [_thread_blocked, id=2944, stack(0x000000981e200000,0x000000981e300000)]
  0x000001f77ce26a20 JavaThread "Unconstrained build operations Thread 3" [_thread_blocked, id=19380, stack(0x000000981e300000,0x000000981e400000)]
  0x000001f77ce26ef0 JavaThread "Unconstrained build operations Thread 4" [_thread_blocked, id=6320, stack(0x000000981e400000,0x000000981e500000)]
  0x000001f700cfdc30 JavaThread "Unconstrained build operations Thread 5" [_thread_blocked, id=11952, stack(0x000000981e500000,0x000000981e600000)]
  0x000001f700d01120 JavaThread "Unconstrained build operations Thread 6" [_thread_blocked, id=19136, stack(0x000000981e600000,0x000000981e700000)]
  0x000001f700cff910 JavaThread "Unconstrained build operations Thread 7" [_thread_blocked, id=7016, stack(0x000000981e700000,0x000000981e800000)]
  0x000001f700cfb5b0 JavaThread "Unconstrained build operations Thread 8" [_thread_blocked, id=4592, stack(0x000000981e800000,0x000000981e900000)]
  0x000001f700cfc420 JavaThread "Unconstrained build operations Thread 9" [_thread_blocked, id=3276, stack(0x000000981e900000,0x000000981ea00000)]
  0x000001f700cfc8f0 JavaThread "Unconstrained build operations Thread 10" [_thread_blocked, id=12520, stack(0x000000981ea00000,0x000000981eb00000)]
  0x000001f700d00780 JavaThread "Unconstrained build operations Thread 11" [_thread_blocked, id=10260, stack(0x000000981eb00000,0x000000981ec00000)]
  0x000001f700cfb0e0 JavaThread "Unconstrained build operations Thread 12" [_thread_blocked, id=18744, stack(0x000000981ec00000,0x000000981ed00000)]
  0x000001f700cfe100 JavaThread "Unconstrained build operations Thread 13" [_thread_blocked, id=18716, stack(0x000000981ed00000,0x000000981ee00000)]
  0x000001f700cfd760 JavaThread "Unconstrained build operations Thread 14" [_thread_blocked, id=504, stack(0x000000981ee00000,0x000000981ef00000)]
  0x000001f700cfcdc0 JavaThread "Unconstrained build operations Thread 15" [_thread_blocked, id=15340, stack(0x000000981ef00000,0x000000981f000000)]
  0x000001f700cfef70 JavaThread "Unconstrained build operations Thread 16" [_thread_blocked, id=15164, stack(0x000000981f000000,0x000000981f100000)]
  0x000001f700d015f0 JavaThread "Unconstrained build operations Thread 17" [_thread_blocked, id=8716, stack(0x000000981f100000,0x000000981f200000)]
  0x000001f700cfeaa0 JavaThread "Unconstrained build operations Thread 18" [_thread_blocked, id=13068, stack(0x000000981f200000,0x000000981f300000)]
  0x000001f700cff440 JavaThread "Unconstrained build operations Thread 19" [_thread_blocked, id=9804, stack(0x000000981f300000,0x000000981f400000)]
  0x000001f700cffde0 JavaThread "Unconstrained build operations Thread 20" [_thread_blocked, id=6688, stack(0x000000981f400000,0x000000981f500000)]
  0x000001f700cfba80 JavaThread "Unconstrained build operations Thread 21" [_thread_blocked, id=19804, stack(0x000000981f500000,0x000000981f600000)]
  0x000001f700d002b0 JavaThread "Unconstrained build operations Thread 22" [_thread_blocked, id=5724, stack(0x000000981f600000,0x000000981f700000)]
  0x000001f700d01ac0 JavaThread "Unconstrained build operations Thread 23" [_thread_blocked, id=11228, stack(0x000000981f700000,0x000000981f800000)]
  0x000001f700cfd290 JavaThread "Unconstrained build operations Thread 24" [_thread_blocked, id=9876, stack(0x000000981f800000,0x000000981f900000)]
  0x000001f700cfe5d0 JavaThread "Unconstrained build operations Thread 25" [_thread_blocked, id=18368, stack(0x000000981f900000,0x000000981fa00000)]
  0x000001f700d00c50 JavaThread "Unconstrained build operations Thread 26" [_thread_blocked, id=6008, stack(0x000000981fa00000,0x000000981fb00000)]
  0x000001f700d01f90 JavaThread "Unconstrained build operations Thread 27" [_thread_blocked, id=16776, stack(0x000000981fb00000,0x000000981fc00000)]
  0x000001f700d02930 JavaThread "Unconstrained build operations Thread 28" [_thread_blocked, id=9472, stack(0x000000981fc00000,0x000000981fd00000)]
  0x000001f700d02460 JavaThread "Unconstrained build operations Thread 29" [_thread_blocked, id=17772, stack(0x000000981fd00000,0x000000981fe00000)]
  0x000001f700cfbf50 JavaThread "Unconstrained build operations Thread 30" [_thread_blocked, id=20296, stack(0x000000981fe00000,0x000000981ff00000)]
  0x000001f700680ef0 JavaThread "Unconstrained build operations Thread 31" [_thread_blocked, id=7384, stack(0x000000981ff00000,0x0000009820000000)]
  0x000001f700680a20 JavaThread "Unconstrained build operations Thread 32" [_thread_blocked, id=7004, stack(0x0000009820000000,0x0000009820100000)]
  0x000001f700683a40 JavaThread "Unconstrained build operations Thread 33" [_thread_blocked, id=20276, stack(0x0000009820100000,0x0000009820200000)]
  0x000001f700681d60 JavaThread "Unconstrained build operations Thread 34" [_thread_blocked, id=3604, stack(0x0000009820200000,0x0000009820300000)]
  0x000001f7006830a0 JavaThread "Unconstrained build operations Thread 35" [_thread_blocked, id=11232, stack(0x0000009820300000,0x0000009820400000)]
  0x000001f700682700 JavaThread "Unconstrained build operations Thread 36" [_thread_blocked, id=16456, stack(0x0000009820400000,0x0000009820500000)]
  0x000001f700682bd0 JavaThread "Unconstrained build operations Thread 37" [_thread_blocked, id=14860, stack(0x0000009820500000,0x0000009820600000)]
  0x000001f700683570 JavaThread "Unconstrained build operations Thread 38" [_thread_blocked, id=3272, stack(0x0000009820600000,0x0000009820700000)]
  0x000001f700680080 JavaThread "Unconstrained build operations Thread 39" [_thread_blocked, id=6968, stack(0x0000009820700000,0x0000009820800000)]
  0x000001f700681890 JavaThread "Unconstrained build operations Thread 40" [_thread_blocked, id=2896, stack(0x0000009820800000,0x0000009820900000)]
  0x000001f700680550 JavaThread "Unconstrained build operations Thread 41" [_thread_blocked, id=9864, stack(0x0000009820900000,0x0000009820a00000)]
  0x000001f7006813c0 JavaThread "Unconstrained build operations Thread 42" [_thread_blocked, id=17244, stack(0x0000009820a00000,0x0000009820b00000)]
  0x000001f700682230 JavaThread "Unconstrained build operations Thread 43" [_thread_blocked, id=7248, stack(0x0000009820b00000,0x0000009820c00000)]
  0x000001f700944840 JavaThread "Unconstrained build operations Thread 44" [_thread_blocked, id=13496, stack(0x0000009820c00000,0x0000009820d00000)]
  0x000001f7009439d0 JavaThread "Unconstrained build operations Thread 45" [_thread_blocked, id=15464, stack(0x0000009820d00000,0x0000009820e00000)]
  0x000001f7009456b0 JavaThread "Unconstrained build operations Thread 46" [_thread_blocked, id=3964, stack(0x0000009820e00000,0x0000009820f00000)]
  0x000001f700943ea0 JavaThread "Unconstrained build operations Thread 47" [_thread_blocked, id=4132, stack(0x0000009820f00000,0x0000009821000000)]
  0x000001f700943500 JavaThread "Unconstrained build operations Thread 48" [_thread_blocked, id=18096, stack(0x0000009821000000,0x0000009821100000)]
  0x000001f700944370 JavaThread "Unconstrained build operations Thread 49" [_thread_blocked, id=9308, stack(0x0000009821100000,0x0000009821200000)]
  0x000001f700945b80 JavaThread "Unconstrained build operations Thread 50" [_thread_blocked, id=9840, stack(0x0000009821200000,0x0000009821300000)]
  0x000001f7009469f0 JavaThread "Unconstrained build operations Thread 51" [_thread_blocked, id=15244, stack(0x0000009821300000,0x0000009821400000)]
  0x000001f7009451e0 JavaThread "Unconstrained build operations Thread 52" [_thread_blocked, id=4432, stack(0x0000009821400000,0x0000009821500000)]
  0x000001f700944d10 JavaThread "Unconstrained build operations Thread 53" [_thread_blocked, id=20448, stack(0x0000009821500000,0x0000009821600000)]
  0x000001f700946050 JavaThread "Unconstrained build operations Thread 54" [_thread_blocked, id=3648, stack(0x0000009821600000,0x0000009821700000)]
  0x000001f700943030 JavaThread "Unconstrained build operations Thread 55" [_thread_blocked, id=19892, stack(0x0000009821700000,0x0000009821800000)]
  0x000001f700946520 JavaThread "Unconstrained build operations Thread 56" [_thread_blocked, id=10244, stack(0x0000009821800000,0x0000009821900000)]
  0x000001f70063b0a0 JavaThread "Unconstrained build operations Thread 57" [_thread_blocked, id=5396, stack(0x0000009821900000,0x0000009821a00000)]
  0x000001f700637210 JavaThread "Unconstrained build operations Thread 58" [_thread_blocked, id=18812, stack(0x0000009821a00000,0x0000009821b00000)]
  0x000001f700638550 JavaThread "Unconstrained build operations Thread 59" [_thread_blocked, id=16628, stack(0x0000009821b00000,0x0000009821c00000)]
  0x000001f700639d60 JavaThread "Unconstrained build operations Thread 60" [_thread_blocked, id=4332, stack(0x0000009821c00000,0x0000009821d00000)]
  0x000001f700637bb0 JavaThread "Unconstrained build operations Thread 61" [_thread_blocked, id=12048, stack(0x0000009821d00000,0x0000009821e00000)]
  0x000001f70063c3e0 JavaThread "Unconstrained build operations Thread 62" [_thread_blocked, id=4080, stack(0x0000009821e00000,0x0000009821f00000)]
  0x000001f7006376e0 JavaThread "Unconstrained build operations Thread 63" [_thread_blocked, id=12580, stack(0x0000009821f00000,0x0000009822000000)]
  0x000001f700638ef0 JavaThread "Unconstrained build operations Thread 64" [_thread_blocked, id=17416, stack(0x0000009822000000,0x0000009822100000)]
  0x000001f70063bf10 JavaThread "Unconstrained build operations Thread 65" [_thread_blocked, id=18512, stack(0x0000009822100000,0x0000009822200000)]
  0x000001f70063b570 JavaThread "Unconstrained build operations Thread 66" [_thread_blocked, id=18224, stack(0x0000009822200000,0x0000009822300000)]
  0x000001f70063ba40 JavaThread "Unconstrained build operations Thread 67" [_thread_blocked, id=2596, stack(0x0000009822300000,0x0000009822400000)]
  0x000001f70063d720 JavaThread "Unconstrained build operations Thread 68" [_thread_blocked, id=18708, stack(0x0000009822400000,0x0000009822500000)]
  0x000001f70063a230 JavaThread "Unconstrained build operations Thread 69" [_thread_blocked, id=3952, stack(0x0000009822500000,0x0000009822600000)]
  0x000001f70063a700 JavaThread "Unconstrained build operations Thread 70" [_thread_blocked, id=6712, stack(0x0000009822600000,0x0000009822700000)]
  0x000001f700638080 JavaThread "Unconstrained build operations Thread 71" [_thread_blocked, id=1084, stack(0x0000009822700000,0x0000009822800000)]
  0x000001f70063d250 JavaThread "Unconstrained build operations Thread 72" [_thread_blocked, id=2072, stack(0x0000009822800000,0x0000009822900000)]
  0x000001f70063abd0 JavaThread "Unconstrained build operations Thread 73" [_thread_blocked, id=6648, stack(0x0000009822900000,0x0000009822a00000)]
  0x000001f700639890 JavaThread "Unconstrained build operations Thread 74" [_thread_blocked, id=16352, stack(0x0000009822a00000,0x0000009822b00000)]
  0x000001f7006363a0 JavaThread "Unconstrained build operations Thread 75" [_thread_blocked, id=6584, stack(0x0000009822b00000,0x0000009822c00000)]
  0x000001f700635ed0 JavaThread "Unconstrained build operations Thread 76" [_thread_blocked, id=17608, stack(0x0000009822c00000,0x0000009822d00000)]
  0x000001f700638a20 JavaThread "Unconstrained build operations Thread 77" [_thread_blocked, id=17976, stack(0x0000009822d00000,0x0000009822e00000)]
  0x000001f70063c8b0 JavaThread "Unconstrained build operations Thread 78" [_thread_blocked, id=15804, stack(0x0000009822e00000,0x0000009822f00000)]
  0x000001f7006393c0 JavaThread "Unconstrained build operations Thread 79" [_thread_blocked, id=19776, stack(0x0000009822f00000,0x0000009823000000)]
  0x000001f70063cd80 JavaThread "Unconstrained build operations Thread 80" [_thread_blocked, id=14988, stack(0x0000009823000000,0x0000009823100000)]
  0x000001f700636870 JavaThread "Unconstrained build operations Thread 81" [_thread_blocked, id=17060, stack(0x0000009823100000,0x0000009823200000)]
  0x000001f700636d40 JavaThread "Unconstrained build operations Thread 82" [_thread_blocked, id=19972, stack(0x0000009823200000,0x0000009823300000)]
  0x000001f7007dc890 JavaThread "Unconstrained build operations Thread 83" [_thread_blocked, id=2028, stack(0x0000009823300000,0x0000009823400000)]
  0x000001f7007d8530 JavaThread "Unconstrained build operations Thread 84" [_thread_blocked, id=19348, stack(0x0000009823400000,0x0000009823500000)]
  0x000001f7007dc3c0 JavaThread "Unconstrained build operations Thread 85" [_thread_blocked, id=2824, stack(0x0000009823500000,0x0000009823600000)]
  0x000001f7007d9d40 JavaThread "Unconstrained build operations Thread 86" [_thread_blocked, id=17952, stack(0x0000009823600000,0x0000009823700000)]
  0x000001f7007de570 JavaThread "Unconstrained build operations Thread 87" [_thread_blocked, id=20320, stack(0x0000009823700000,0x0000009823800000)]
  0x000001f7007d8ed0 JavaThread "Unconstrained build operations Thread 88" [_thread_blocked, id=2792, stack(0x0000009823800000,0x0000009823900000)]
  0x000001f7007d8a00 JavaThread "Unconstrained build operations Thread 89" [_thread_blocked, id=11004, stack(0x0000009823900000,0x0000009823a00000)]
  0x000001f7007dcd60 JavaThread "Unconstrained build operations Thread 90" [_thread_blocked, id=1804, stack(0x0000009823a00000,0x0000009823b00000)]
  0x000001f7007d6d20 JavaThread "Unconstrained build operations Thread 91" [_thread_blocked, id=15268, stack(0x0000009823b00000,0x0000009823c00000)]
  0x000001f7007db080 JavaThread "Unconstrained build operations Thread 92" [_thread_blocked, id=11316, stack(0x0000009823c00000,0x0000009823d00000)]
  0x000001f7007dd230 JavaThread "Unconstrained build operations Thread 93" [_thread_blocked, id=7156, stack(0x0000009823d00000,0x0000009823e00000)]
  0x000001f7007dd700 JavaThread "Unconstrained build operations Thread 94" [_thread_blocked, id=11792, stack(0x0000009823e00000,0x0000009823f00000)]
  0x000001f7007da6e0 JavaThread "Unconstrained build operations Thread 95" [_thread_blocked, id=15184, stack(0x0000009823f00000,0x0000009824000000)]
  0x000001f7007ddbd0 JavaThread "Unconstrained build operations Thread 96" [_thread_blocked, id=19736, stack(0x0000009824000000,0x0000009824100000)]
  0x000001f7007db550 JavaThread "Unconstrained build operations Thread 97" [_thread_blocked, id=20372, stack(0x0000009824100000,0x0000009824200000)]
  0x000001f7007d71f0 JavaThread "Unconstrained build operations Thread 98" [_thread_blocked, id=18976, stack(0x0000009824200000,0x0000009824300000)]
  0x000001f7007d8060 JavaThread "Unconstrained build operations Thread 99" [_thread_blocked, id=19284, stack(0x0000009824300000,0x0000009824400000)]
  0x000001f7007d93a0 JavaThread "Unconstrained build operations Thread 100" [_thread_blocked, id=11088, stack(0x0000009824400000,0x0000009824500000)]
  0x000001f7007dabb0 JavaThread "Unconstrained build operations Thread 101" [_thread_blocked, id=16848, stack(0x0000009824500000,0x0000009824600000)]
  0x000001f7007d9870 JavaThread "Unconstrained build operations Thread 102" [_thread_blocked, id=8236, stack(0x0000009824600000,0x0000009824700000)]
  0x000001f7007dba20 JavaThread "Unconstrained build operations Thread 103" [_thread_blocked, id=6288, stack(0x0000009824700000,0x0000009824800000)]
  0x000001f7007de0a0 JavaThread "Unconstrained build operations Thread 104" [_thread_blocked, id=14840, stack(0x0000009824800000,0x0000009824900000)]
  0x000001f7007d76c0 JavaThread "Unconstrained build operations Thread 105" [_thread_blocked, id=16428, stack(0x0000009824900000,0x0000009824a00000)]
  0x000001f7007d7b90 JavaThread "Unconstrained build operations Thread 106" [_thread_blocked, id=19916, stack(0x0000009824a00000,0x0000009824b00000)]
  0x000001f7007da210 JavaThread "Unconstrained build operations Thread 107" [_thread_blocked, id=11512, stack(0x0000009824b00000,0x0000009824c00000)]
  0x000001f7007dbef0 JavaThread "Unconstrained build operations Thread 108" [_thread_blocked, id=18068, stack(0x0000009824c00000,0x0000009824d00000)]
  0x000001f700aeaef0 JavaThread "Unconstrained build operations Thread 109" [_thread_blocked, id=3844, stack(0x0000009824d00000,0x0000009824e00000)]
  0x000001f700aed0a0 JavaThread "Unconstrained build operations Thread 110" [_thread_blocked, id=11520, stack(0x0000009824e00000,0x0000009824f00000)]
  0x000001f700ae9210 JavaThread "Unconstrained build operations Thread 111" [_thread_blocked, id=1584, stack(0x0000009824f00000,0x0000009825000000)]
  0x000001f700ae7a00 JavaThread "Unconstrained build operations Thread 112" [_thread_blocked, id=9076, stack(0x0000009825000000,0x0000009825100000)]
  0x000001f700ae7ed0 JavaThread "Unconstrained build operations Thread 113" [_thread_blocked, id=1796, stack(0x0000009825100000,0x0000009825200000)]
  0x000001f700aeb890 JavaThread "Unconstrained build operations Thread 114" [_thread_blocked, id=17988, stack(0x0000009825200000,0x0000009825300000)]
  0x000001f700aebd60 JavaThread "Unconstrained build operations Thread 115" [_thread_blocked, id=11112, stack(0x0000009825300000,0x0000009825400000)]
  0x000001f700ae7060 JavaThread "Unconstrained build operations Thread 116" [_thread_blocked, id=5208, stack(0x0000009825400000,0x0000009825500000)]
  0x000001f700aeaa20 JavaThread "Unconstrained build operations Thread 117" [_thread_blocked, id=2096, stack(0x0000009825500000,0x0000009825600000)]
  0x000001f700aeb3c0 JavaThread "Unconstrained build operations Thread 118" [_thread_blocked, id=4020, stack(0x0000009825600000,0x0000009825700000)]
  0x000001f700ae7530 JavaThread "Unconstrained build operations Thread 119" [_thread_blocked, id=20252, stack(0x0000009825700000,0x0000009825800000)]
  0x000001f700ae8870 JavaThread "Unconstrained build operations Thread 120" [_thread_blocked, id=9116, stack(0x0000009825800000,0x0000009825900000)]
  0x000001f700ae8d40 JavaThread "Memory manager" [_thread_blocked, id=10816, stack(0x0000009825900000,0x0000009825a00000)]
  0x000001f77edfffc0 JavaThread "Cache worker for execution history cache (C:\Users\HADI\AndroidStudioProjects\News\.gradle\7.3.3\executionHistory)" [_thread_blocked, id=18480, stack(0x0000009826500000,0x0000009826600000)]

Other Threads:
=>0x000001f7799be550 VMThread "VM Thread" [stack: 0x000000981a400000,0x000000981a500000] [id=1864]
  0x000001f77a556a50 WatcherThread [stack: 0x000000981b000000,0x000000981b100000] [id=14808]
  0x000001f75b3ddb70 GCTaskThread "GC Thread#0" [stack: 0x0000009819f00000,0x000000981a000000] [id=5880]
  0x000001f77b1f6780 GCTaskThread "GC Thread#1" [stack: 0x000000981b200000,0x000000981b300000] [id=8868]
  0x000001f77b1f6a30 GCTaskThread "GC Thread#2" [stack: 0x000000981b300000,0x000000981b400000] [id=10736]
  0x000001f77b0ca240 GCTaskThread "GC Thread#3" [stack: 0x000000981b400000,0x000000981b500000] [id=2708]
  0x000001f77b0ca900 GCTaskThread "GC Thread#4" [stack: 0x000000981b500000,0x000000981b600000] [id=9368]
  0x000001f77b0ab1c0 GCTaskThread "GC Thread#5" [stack: 0x000000981b600000,0x000000981b700000] [id=19960]
  0x000001f77cdd1720 GCTaskThread "GC Thread#6" [stack: 0x000000981d500000,0x000000981d600000] [id=16592]
  0x000001f77cdd21e0 GCTaskThread "GC Thread#7" [stack: 0x000000981d600000,0x000000981d700000] [id=15996]
  0x000001f77cdd11c0 GCTaskThread "GC Thread#8" [stack: 0x000000981d700000,0x000000981d800000] [id=2904]
  0x000001f77cdd2490 GCTaskThread "GC Thread#9" [stack: 0x000000981d800000,0x000000981d900000] [id=9168]
  0x000001f75b3eec10 ConcurrentGCThread "G1 Main Marker" [stack: 0x000000981a000000,0x000000981a100000] [id=17708]
  0x000001f75b3ef620 ConcurrentGCThread "G1 Conc#0" [stack: 0x000000981a100000,0x000000981a200000] [id=3640]
  0x000001f77cdd19d0 ConcurrentGCThread "G1 Conc#1" [stack: 0x000000981d900000,0x000000981da00000] [id=18244]
  0x000001f77cdd1c80 ConcurrentGCThread "G1 Conc#2" [stack: 0x000000981da00000,0x000000981db00000] [id=4840]
  0x000001f75b45db50 ConcurrentGCThread "G1 Refine#0" [stack: 0x000000981a200000,0x000000981a300000] [id=6232]
  0x000001f7003c9e10 ConcurrentGCThread "G1 Refine#1" [stack: 0x000000981de00000,0x000000981df00000] [id=15668]
  0x000001f75b45e410 ConcurrentGCThread "G1 Service" [stack: 0x000000981a300000,0x000000981a400000] [id=10716]

Threads with active compile tasks:
C2 CompilerThread0     7707 9066       4       org.gradle.internal.serialize.kryo.StringDeduplicatingKryoBackedEncoder::writeString (20 bytes)
C2 CompilerThread1     7707 9063       4       org.gradle.internal.serialize.kryo.StringDeduplicatingKryoBackedEncoder::writeNullableString (114 bytes)

VM state: at safepoint (normal execution)

VM Mutex/Monitor currently owned by a thread:  ([mutex/lock_event])
[0x000001f75b37c380] Threads_lock - owner thread: 0x000001f7799be550
[0x000001f75b37ba80] Heap_lock - owner thread: 0x000001f75b3eec10

Heap address: 0x0000000080000000, size: 2048 MB, Compressed Oops mode: 32-bit

CDS archive(s) mapped at: [0x0000000800000000-0x0000000800bd0000-0x0000000800bd0000), size 12386304, SharedBaseAddress: 0x0000000800000000, ArchiveRelocationMode: 0.
Compressed class space mapped at: 0x0000000800c00000-0x0000000840c00000, reserved size: 1073741824
Narrow klass base: 0x0000000800000000, Narrow klass shift: 0, Narrow klass range: 0x100000000

GC Precious Log:
 CPUs: 12 total, 12 available
 Memory: 16052M
 Large Page Support: Disabled
 NUMA Support: Disabled
 Compressed Oops: Enabled (32-bit)
 Heap Region Size: 1M
 Heap Min Capacity: 8M
 Heap Initial Capacity: 252M
 Heap Max Capacity: 2G
 Pre-touch: Disabled
 Parallel Workers: 10
 Concurrent Workers: 3
 Concurrent Refinement Workers: 10
 Periodic GC: Disabled

Heap:
 garbage-first heap   total 232448K, used 143301K [0x0000000080000000, 0x0000000100000000)
  region size 1024K, 8 young (8192K), 6 survivors (6144K)
 Metaspace       used 80441K, committed 81216K, reserved 1122304K
  class space    used 10989K, committed 11328K, reserved 1048576K

Heap Regions: E=young(eden), S=young(survivor), O=old, HS=humongous(starts), HC=humongous(continues), CS=collection set, F=free, OA=open archive, CA=closed archive, TAMS=top-at-mark-start (previous, next)
|   0|0x0000000080000000, 0x0000000080100000, 0x0000000080100000|100%|HS|  |TAMS 0x0000000080100000, 0x0000000080000000| Complete 
|   1|0x0000000080100000, 0x0000000080200000, 0x0000000080200000|100%| O|  |TAMS 0x0000000080200000, 0x0000000080100000| Untracked 
|   2|0x0000000080200000, 0x0000000080300000, 0x0000000080300000|100%| O|  |TAMS 0x0000000080300000, 0x0000000080200000| Untracked 
|   3|0x0000000080300000, 0x0000000080400000, 0x0000000080400000|100%|HS|  |TAMS 0x0000000080400000, 0x0000000080300000| Complete 
|   4|0x0000000080400000, 0x0000000080500000, 0x0000000080500000|100%|HC|  |TAMS 0x0000000080500000, 0x0000000080400000| Complete 
|   5|0x0000000080500000, 0x0000000080600000, 0x0000000080600000|100%|HC|  |TAMS 0x0000000080600000, 0x0000000080500000| Complete 
|   6|0x0000000080600000, 0x0000000080700000, 0x0000000080700000|100%| O|  |TAMS 0x0000000080700000, 0x0000000080600000| Untracked 
|   7|0x0000000080700000, 0x0000000080800000, 0x0000000080800000|100%| O|  |TAMS 0x0000000080800000, 0x0000000080700000| Untracked 
|   8|0x0000000080800000, 0x0000000080900000, 0x0000000080900000|100%| O|  |TAMS 0x0000000080900000, 0x0000000080800000| Untracked 
|   9|0x0000000080900000, 0x00000000809ffa00, 0x0000000080a00000| 99%| O|  |TAMS 0x00000000809ffa00, 0x0000000080900000| Updating 
|  10|0x0000000080a00000, 0x0000000080b00000, 0x0000000080b00000|100%|HS|  |TAMS 0x0000000080b00000, 0x0000000080a00000| Complete 
|  11|0x0000000080b00000, 0x0000000080c00000, 0x0000000080c00000|100%|HC|  |TAMS 0x0000000080c00000, 0x0000000080b00000| Complete 
|  12|0x0000000080c00000, 0x0000000080d00000, 0x0000000080d00000|100%|HS|  |TAMS 0x0000000080d00000, 0x0000000080c00000| Complete 
|  13|0x0000000080d00000, 0x0000000080e00000, 0x0000000080e00000|100%|HC|  |TAMS 0x0000000080e00000, 0x0000000080d00000| Complete 
|  14|0x0000000080e00000, 0x0000000080f00000, 0x0000000080f00000|100%|HC|  |TAMS 0x0000000080f00000, 0x0000000080e00000| Complete 
|  15|0x0000000080f00000, 0x0000000081000000, 0x0000000081000000|100%|HS|  |TAMS 0x0000000081000000, 0x0000000080f00000| Complete 
|  16|0x0000000081000000, 0x0000000081100000, 0x0000000081100000|100%|HC|  |TAMS 0x0000000081100000, 0x0000000081000000| Complete 
|  17|0x0000000081100000, 0x0000000081200000, 0x0000000081200000|100%|HC|  |TAMS 0x0000000081200000, 0x0000000081100000| Complete 
|  18|0x0000000081200000, 0x0000000081300000, 0x0000000081300000|100%|HS|  |TAMS 0x0000000081300000, 0x0000000081200000| Complete 
|  19|0x0000000081300000, 0x0000000081400000, 0x0000000081400000|100%|HC|  |TAMS 0x0000000081400000, 0x0000000081300000| Complete 
|  20|0x0000000081400000, 0x0000000081500000, 0x0000000081500000|100%|HC|  |TAMS 0x0000000081500000, 0x0000000081400000| Complete 
|  21|0x0000000081500000, 0x0000000081600000, 0x0000000081600000|100%|HC|  |TAMS 0x0000000081600000, 0x0000000081500000| Complete 
|  22|0x0000000081600000, 0x0000000081700000, 0x0000000081700000|100%|HS|  |TAMS 0x0000000081700000, 0x0000000081600000| Complete 
|  23|0x0000000081700000, 0x0000000081800000, 0x0000000081800000|100%|HC|  |TAMS 0x0000000081800000, 0x0000000081700000| Complete 
|  24|0x0000000081800000, 0x0000000081900000, 0x0000000081900000|100%|HC|  |TAMS 0x0000000081900000, 0x0000000081800000| Complete 
|  25|0x0000000081900000, 0x0000000081a00000, 0x0000000081a00000|100%|HC|  |TAMS 0x0000000081a00000, 0x0000000081900000| Complete 
|  26|0x0000000081a00000, 0x0000000081b00000, 0x0000000081b00000|100%|HC|  |TAMS 0x0000000081b00000, 0x0000000081a00000| Complete 
|  27|0x0000000081b00000, 0x0000000081c00000, 0x0000000081c00000|100%|HS|  |TAMS 0x0000000081c00000, 0x0000000081b00000| Complete 
|  28|0x0000000081c00000, 0x0000000081d00000, 0x0000000081d00000|100%|HC|  |TAMS 0x0000000081d00000, 0x0000000081c00000| Complete 
|  29|0x0000000081d00000, 0x0000000081e00000, 0x0000000081e00000|100%|HC|  |TAMS 0x0000000081e00000, 0x0000000081d00000| Complete 
|  30|0x0000000081e00000, 0x0000000081f00000, 0x0000000081f00000|100%| O|  |TAMS 0x0000000081f00000, 0x0000000081e00000| Untracked 
|  31|0x0000000081f00000, 0x0000000082000000, 0x0000000082000000|100%| O|  |TAMS 0x0000000082000000, 0x0000000081f00000| Updating 
|  32|0x0000000082000000, 0x0000000082100000, 0x0000000082100000|100%| O|  |TAMS 0x0000000082100000, 0x0000000082000000| Updating 
|  33|0x0000000082100000, 0x0000000082200000, 0x0000000082200000|100%| O|  |TAMS 0x0000000082200000, 0x0000000082100000| Untracked 
|  34|0x0000000082200000, 0x0000000082300000, 0x0000000082300000|100%| O|  |TAMS 0x0000000082300000, 0x0000000082200000| Untracked 
|  35|0x0000000082300000, 0x0000000082400000, 0x0000000082400000|100%| O|  |TAMS 0x0000000082400000, 0x0000000082300000| Untracked 
|  36|0x0000000082400000, 0x0000000082500000, 0x0000000082500000|100%| O|  |TAMS 0x0000000082500000, 0x0000000082400000| Untracked 
|  37|0x0000000082500000, 0x0000000082600000, 0x0000000082600000|100%| O|  |TAMS 0x0000000082600000, 0x0000000082500000| Untracked 
|  38|0x0000000082600000, 0x0000000082700000, 0x0000000082700000|100%| O|  |TAMS 0x0000000082700000, 0x0000000082600000| Untracked 
|  39|0x0000000082700000, 0x0000000082800000, 0x0000000082800000|100%| O|  |TAMS 0x0000000082800000, 0x0000000082700000| Untracked 
|  40|0x0000000082800000, 0x0000000082900000, 0x0000000082900000|100%| O|  |TAMS 0x0000000082900000, 0x0000000082800000| Untracked 
|  41|0x0000000082900000, 0x0000000082a00000, 0x0000000082a00000|100%| O|  |TAMS 0x0000000082a00000, 0x0000000082900000| Untracked 
|  42|0x0000000082a00000, 0x0000000082b00000, 0x0000000082b00000|100%| O|  |TAMS 0x0000000082b00000, 0x0000000082a00000| Untracked 
|  43|0x0000000082b00000, 0x0000000082c00000, 0x0000000082c00000|100%| O|  |TAMS 0x0000000082c00000, 0x0000000082b00000| Untracked 
|  44|0x0000000082c00000, 0x0000000082d00000, 0x0000000082d00000|100%| O|  |TAMS 0x0000000082d00000, 0x0000000082c00000| Updating 
|  45|0x0000000082d00000, 0x0000000082e00000, 0x0000000082e00000|100%| O|  |TAMS 0x0000000082e00000, 0x0000000082d00000| Updating 
|  46|0x0000000082e00000, 0x0000000082f00000, 0x0000000082f00000|100%| O|  |TAMS 0x0000000082f00000, 0x0000000082e00000| Untracked 
|  47|0x0000000082f00000, 0x0000000083000000, 0x0000000083000000|100%| O|  |TAMS 0x0000000083000000, 0x0000000082f00000| Updating 
|  48|0x0000000083000000, 0x0000000083100000, 0x0000000083100000|100%| O|  |TAMS 0x0000000083100000, 0x0000000083000000| Untracked 
|  49|0x0000000083100000, 0x0000000083200000, 0x0000000083200000|100%| O|  |TAMS 0x0000000083200000, 0x0000000083100000| Untracked 
|  50|0x0000000083200000, 0x0000000083300000, 0x0000000083300000|100%| O|  |TAMS 0x0000000083300000, 0x0000000083200000| Untracked 
|  51|0x0000000083300000, 0x0000000083400000, 0x0000000083400000|100%|HS|  |TAMS 0x0000000083400000, 0x0000000083300000| Complete 
|  52|0x0000000083400000, 0x0000000083500000, 0x0000000083500000|100%|HC|  |TAMS 0x0000000083500000, 0x0000000083400000| Complete 
|  53|0x0000000083500000, 0x0000000083600000, 0x0000000083600000|100%|HC|  |TAMS 0x0000000083600000, 0x0000000083500000| Complete 
|  54|0x0000000083600000, 0x0000000083700000, 0x0000000083700000|100%|HC|  |TAMS 0x0000000083700000, 0x0000000083600000| Complete 
|  55|0x0000000083700000, 0x0000000083800000, 0x0000000083800000|100%|HS|  |TAMS 0x0000000083800000, 0x0000000083700000| Complete 
|  56|0x0000000083800000, 0x0000000083900000, 0x0000000083900000|100%|HC|  |TAMS 0x0000000083900000, 0x0000000083800000| Complete 
|  57|0x0000000083900000, 0x0000000083a00000, 0x0000000083a00000|100%|HS|  |TAMS 0x0000000083a00000, 0x0000000083900000| Complete 
|  58|0x0000000083a00000, 0x0000000083b00000, 0x0000000083b00000|100%|HC|  |TAMS 0x0000000083b00000, 0x0000000083a00000| Complete 
|  59|0x0000000083b00000, 0x0000000083c00000, 0x0000000083c00000|100%|HC|  |TAMS 0x0000000083c00000, 0x0000000083b00000| Complete 
|  60|0x0000000083c00000, 0x0000000083d00000, 0x0000000083d00000|100%| O|  |TAMS 0x0000000083d00000, 0x0000000083c00000| Untracked 
|  61|0x0000000083d00000, 0x0000000083e00000, 0x0000000083e00000|100%| O|  |TAMS 0x0000000083e00000, 0x0000000083d00000| Untracked 
|  62|0x0000000083e00000, 0x0000000083f00000, 0x0000000083f00000|100%| O|  |TAMS 0x0000000083f00000, 0x0000000083e00000| Untracked 
|  63|0x0000000083f00000, 0x0000000084000000, 0x0000000084000000|100%| O|  |TAMS 0x0000000084000000, 0x0000000083f00000| Untracked 
|  64|0x0000000084000000, 0x0000000084100000, 0x0000000084100000|100%| O|  |TAMS 0x0000000084100000, 0x0000000084000000| Untracked 
|  65|0x0000000084100000, 0x0000000084200000, 0x0000000084200000|100%| O|  |TAMS 0x0000000084200000, 0x0000000084100000| Untracked 
|  66|0x0000000084200000, 0x0000000084300000, 0x0000000084300000|100%| O|  |TAMS 0x0000000084300000, 0x0000000084200000| Untracked 
|  67|0x0000000084300000, 0x0000000084300000, 0x0000000084400000|  0%| F|  |TAMS 0x0000000084300000, 0x0000000084300000| Untracked 
|  68|0x0000000084400000, 0x0000000084500000, 0x0000000084500000|100%| O|  |TAMS 0x0000000084500000, 0x0000000084400000| Updating 
|  69|0x0000000084500000, 0x0000000084600000, 0x0000000084600000|100%|HS|  |TAMS 0x0000000084600000, 0x0000000084500000| Complete 
|  70|0x0000000084600000, 0x0000000084700000, 0x0000000084700000|100%|HC|  |TAMS 0x0000000084700000, 0x0000000084600000| Complete 
|  71|0x0000000084700000, 0x0000000084800000, 0x0000000084800000|100%|HC|  |TAMS 0x0000000084800000, 0x0000000084700000| Complete 
|  72|0x0000000084800000, 0x0000000084900000, 0x0000000084900000|100%|HC|  |TAMS 0x0000000084900000, 0x0000000084800000| Complete 
|  73|0x0000000084900000, 0x0000000084a00000, 0x0000000084a00000|100%|HC|  |TAMS 0x0000000084a00000, 0x0000000084900000| Complete 
|  74|0x0000000084a00000, 0x0000000084b00000, 0x0000000084b00000|100%| O|  |TAMS 0x0000000084b00000, 0x0000000084a00000| Untracked 
|  75|0x0000000084b00000, 0x0000000084c00000, 0x0000000084c00000|100%| O|  |TAMS 0x0000000084c00000, 0x0000000084b00000| Untracked 
|  76|0x0000000084c00000, 0x0000000084d00000, 0x0000000084d00000|100%| O|  |TAMS 0x0000000084d00000, 0x0000000084c00000| Untracked 
|  77|0x0000000084d00000, 0x0000000084e00000, 0x0000000084e00000|100%| O|  |TAMS 0x0000000084e00000, 0x0000000084d00000| Untracked 
|  78|0x0000000084e00000, 0x0000000084f00000, 0x0000000084f00000|100%|HS|  |TAMS 0x0000000084f00000, 0x0000000084e00000| Complete 
|  79|0x0000000084f00000, 0x0000000085000000, 0x0000000085000000|100%|HS|  |TAMS 0x0000000085000000, 0x0000000084f00000| Complete 
|  80|0x0000000085000000, 0x0000000085100000, 0x0000000085100000|100%| O|  |TAMS 0x0000000085100000, 0x0000000085000000| Untracked 
|  81|0x0000000085100000, 0x0000000085200000, 0x0000000085200000|100%| O|  |TAMS 0x0000000085200000, 0x0000000085100000| Untracked 
|  82|0x0000000085200000, 0x0000000085300000, 0x0000000085300000|100%| O|  |TAMS 0x0000000085300000, 0x0000000085200000| Untracked 
|  83|0x0000000085300000, 0x0000000085400000, 0x0000000085400000|100%|HS|  |TAMS 0x0000000085400000, 0x0000000085300000| Complete 
|  84|0x0000000085400000, 0x0000000085500000, 0x0000000085500000|100%|HC|  |TAMS 0x0000000085500000, 0x0000000085400000| Complete 
|  85|0x0000000085500000, 0x0000000085600000, 0x0000000085600000|100%| O|  |TAMS 0x0000000085600000, 0x0000000085500000| Untracked 
|  86|0x0000000085600000, 0x0000000085700000, 0x0000000085700000|100%| O|  |TAMS 0x0000000085700000, 0x0000000085600000| Updating 
|  87|0x0000000085700000, 0x0000000085800000, 0x0000000085800000|100%| O|  |TAMS 0x0000000085800000, 0x0000000085700000| Untracked 
|  88|0x0000000085800000, 0x0000000085900000, 0x0000000085900000|100%| O|  |TAMS 0x0000000085900000, 0x0000000085800000| Untracked 
|  89|0x0000000085900000, 0x0000000085a00000, 0x0000000085a00000|100%| O|  |TAMS 0x0000000085a00000, 0x0000000085900000| Untracked 
|  90|0x0000000085a00000, 0x0000000085b00000, 0x0000000085b00000|100%| O|  |TAMS 0x0000000085b00000, 0x0000000085a00000| Untracked 
|  91|0x0000000085b00000, 0x0000000085c00000, 0x0000000085c00000|100%| O|  |TAMS 0x0000000085c00000, 0x0000000085b00000| Untracked 
|  92|0x0000000085c00000, 0x0000000085d00000, 0x0000000085d00000|100%| O|  |TAMS 0x0000000085d00000, 0x0000000085c00000| Untracked 
|  93|0x0000000085d00000, 0x0000000085dffff8, 0x0000000085e00000| 99%| O|  |TAMS 0x0000000085dffff8, 0x0000000085d00000| Untracked 
|  94|0x0000000085e00000, 0x0000000085f00000, 0x0000000085f00000|100%| O|  |TAMS 0x0000000085f00000, 0x0000000085e00000| Untracked 
|  95|0x0000000085f00000, 0x0000000086000000, 0x0000000086000000|100%| O|  |TAMS 0x0000000086000000, 0x0000000085f00000| Untracked 
|  96|0x0000000086000000, 0x0000000086100000, 0x0000000086100000|100%| O|  |TAMS 0x0000000086100000, 0x0000000086000000| Untracked 
|  97|0x0000000086100000, 0x0000000086200000, 0x0000000086200000|100%| O|  |TAMS 0x0000000086200000, 0x0000000086100000| Untracked 
|  98|0x0000000086200000, 0x0000000086300000, 0x0000000086300000|100%| O|  |TAMS 0x0000000086300000, 0x0000000086200000| Untracked 
|  99|0x0000000086300000, 0x0000000086400000, 0x0000000086400000|100%| O|  |TAMS 0x0000000086400000, 0x0000000086300000| Updating 
| 100|0x0000000086400000, 0x0000000086500000, 0x0000000086500000|100%|HS|  |TAMS 0x0000000086500000, 0x0000000086400000| Complete 
| 101|0x0000000086500000, 0x0000000086600000, 0x0000000086600000|100%|HC|  |TAMS 0x0000000086600000, 0x0000000086500000| Complete 
| 102|0x0000000086600000, 0x0000000086700000, 0x0000000086700000|100%|HS|  |TAMS 0x0000000086700000, 0x0000000086600000| Complete 
| 103|0x0000000086700000, 0x0000000086800000, 0x0000000086800000|100%|HC|  |TAMS 0x0000000086800000, 0x0000000086700000| Complete 
| 104|0x0000000086800000, 0x0000000086900000, 0x0000000086900000|100%|HC|  |TAMS 0x0000000086900000, 0x0000000086800000| Complete 
| 105|0x0000000086900000, 0x0000000086a00000, 0x0000000086a00000|100%|HS|  |TAMS 0x0000000086a00000, 0x0000000086900000| Complete 
| 106|0x0000000086a00000, 0x0000000086b00000, 0x0000000086b00000|100%|HC|  |TAMS 0x0000000086b00000, 0x0000000086a00000| Complete 
| 107|0x0000000086b00000, 0x0000000086c00000, 0x0000000086c00000|100%|HC|  |TAMS 0x0000000086c00000, 0x0000000086b00000| Complete 
| 108|0x0000000086c00000, 0x0000000086d00000, 0x0000000086d00000|100%|HS|  |TAMS 0x0000000086d00000, 0x0000000086c00000| Complete 
| 109|0x0000000086d00000, 0x0000000086e00000, 0x0000000086e00000|100%|HC|  |TAMS 0x0000000086e00000, 0x0000000086d00000| Complete 
| 110|0x0000000086e00000, 0x0000000086f00000, 0x0000000086f00000|100%|HC|  |TAMS 0x0000000086f00000, 0x0000000086e00000| Complete 
| 111|0x0000000086f00000, 0x0000000087000000, 0x0000000087000000|100%|HC|  |TAMS 0x0000000087000000, 0x0000000086f00000| Complete 
| 112|0x0000000087000000, 0x0000000087100000, 0x0000000087100000|100%|HS|  |TAMS 0x0000000087100000, 0x0000000087000000| Complete 
| 113|0x0000000087100000, 0x0000000087200000, 0x0000000087200000|100%|HC|  |TAMS 0x0000000087200000, 0x0000000087100000| Complete 
| 114|0x0000000087200000, 0x0000000087300000, 0x0000000087300000|100%|HC|  |TAMS 0x0000000087300000, 0x0000000087200000| Complete 
| 115|0x0000000087300000, 0x0000000087400000, 0x0000000087400000|100%|HC|  |TAMS 0x0000000087400000, 0x0000000087300000| Complete 
| 116|0x0000000087400000, 0x0000000087500000, 0x0000000087500000|100%|HC|  |TAMS 0x0000000087500000, 0x0000000087400000| Complete 
| 117|0x0000000087500000, 0x0000000087600000, 0x0000000087600000|100%|HS|  |TAMS 0x0000000087600000, 0x0000000087500000| Complete 
| 118|0x0000000087600000, 0x0000000087700000, 0x0000000087700000|100%| O|  |TAMS 0x0000000087700000, 0x0000000087600000| Untracked 
| 119|0x0000000087700000, 0x0000000087800000, 0x0000000087800000|100%| O|  |TAMS 0x0000000087800000, 0x0000000087700000| Untracked 
| 120|0x0000000087800000, 0x0000000087900000, 0x0000000087900000|100%| O|  |TAMS 0x0000000087900000, 0x0000000087800000| Untracked 
| 121|0x0000000087900000, 0x0000000087a00000, 0x0000000087a00000|100%| O|  |TAMS 0x0000000087a00000, 0x0000000087900000| Updating 
| 122|0x0000000087a00000, 0x0000000087b00000, 0x0000000087b00000|100%| O|  |TAMS 0x0000000087b00000, 0x0000000087a00000| Untracked 
| 123|0x0000000087b00000, 0x0000000087c00000, 0x0000000087c00000|100%| O|  |TAMS 0x0000000087c00000, 0x0000000087b00000| Untracked 
| 124|0x0000000087c00000, 0x0000000087d00000, 0x0000000087d00000|100%| O|  |TAMS 0x0000000087d00000, 0x0000000087c00000| Untracked 
| 125|0x0000000087d00000, 0x0000000087e00000, 0x0000000087e00000|100%| O|  |TAMS 0x0000000087e00000, 0x0000000087d00000| Updating 
| 126|0x0000000087e00000, 0x0000000087f00000, 0x0000000087f00000|100%| O|  |TAMS 0x0000000087f00000, 0x0000000087e00000| Untracked 
| 127|0x0000000087f00000, 0x0000000088000000, 0x0000000088000000|100%| O|  |TAMS 0x0000000088000000, 0x0000000087f00000| Untracked 
| 128|0x0000000088000000, 0x0000000088100000, 0x0000000088100000|100%| O|  |TAMS 0x0000000088100000, 0x0000000088000000| Updating 
| 129|0x0000000088100000, 0x0000000088200000, 0x0000000088200000|100%| O|  |TAMS 0x0000000088200000, 0x0000000088100000| Untracked 
| 130|0x0000000088200000, 0x0000000088300000, 0x0000000088300000|100%| O|  |TAMS 0x0000000088300000, 0x0000000088200000| Untracked 
| 131|0x0000000088300000, 0x0000000088400000, 0x0000000088400000|100%| O|  |TAMS 0x0000000088400000, 0x0000000088300000| Untracked 
| 132|0x0000000088400000, 0x00000000884c8800, 0x0000000088500000| 78%| O|  |TAMS 0x00000000884c8800, 0x0000000088400000| Updating 
| 133|0x0000000088500000, 0x0000000088500000, 0x0000000088600000|  0%| F|  |TAMS 0x0000000088500000, 0x0000000088500000| Untracked 
| 134|0x0000000088600000, 0x0000000088600000, 0x0000000088700000|  0%| F|  |TAMS 0x0000000088600000, 0x0000000088600000| Untracked 
| 135|0x0000000088700000, 0x0000000088700000, 0x0000000088800000|  0%| F|  |TAMS 0x0000000088700000, 0x0000000088700000| Untracked 
| 136|0x0000000088800000, 0x0000000088800000, 0x0000000088900000|  0%| F|  |TAMS 0x0000000088800000, 0x0000000088800000| Untracked 
| 137|0x0000000088900000, 0x0000000088900000, 0x0000000088a00000|  0%| F|  |TAMS 0x0000000088900000, 0x0000000088900000| Untracked 
| 138|0x0000000088a00000, 0x0000000088a00000, 0x0000000088b00000|  0%| F|  |TAMS 0x0000000088a00000, 0x0000000088a00000| Untracked 
| 139|0x0000000088b00000, 0x0000000088b00000, 0x0000000088c00000|  0%| F|  |TAMS 0x0000000088b00000, 0x0000000088b00000| Untracked 
| 140|0x0000000088c00000, 0x0000000088c00000, 0x0000000088d00000|  0%| F|  |TAMS 0x0000000088c00000, 0x0000000088c00000| Untracked 
| 141|0x0000000088d00000, 0x0000000088d00000, 0x0000000088e00000|  0%| F|  |TAMS 0x0000000088d00000, 0x0000000088d00000| Untracked 
| 142|0x0000000088e00000, 0x0000000088e00000, 0x0000000088f00000|  0%| F|  |TAMS 0x0000000088e00000, 0x0000000088e00000| Untracked 
| 143|0x0000000088f00000, 0x0000000088f00000, 0x0000000089000000|  0%| F|  |TAMS 0x0000000088f00000, 0x0000000088f00000| Untracked 
| 144|0x0000000089000000, 0x0000000089000000, 0x0000000089100000|  0%| F|  |TAMS 0x0000000089000000, 0x0000000089000000| Untracked 
| 145|0x0000000089100000, 0x0000000089100000, 0x0000000089200000|  0%| F|  |TAMS 0x0000000089100000, 0x0000000089100000| Untracked 
| 146|0x0000000089200000, 0x0000000089200000, 0x0000000089300000|  0%| F|  |TAMS 0x0000000089200000, 0x0000000089200000| Untracked 
| 147|0x0000000089300000, 0x0000000089300000, 0x0000000089400000|  0%| F|  |TAMS 0x0000000089300000, 0x0000000089300000| Untracked 
| 148|0x0000000089400000, 0x0000000089400000, 0x0000000089500000|  0%| F|  |TAMS 0x0000000089400000, 0x0000000089400000| Untracked 
| 149|0x0000000089500000, 0x0000000089500000, 0x0000000089600000|  0%| F|  |TAMS 0x0000000089500000, 0x0000000089500000| Untracked 
| 150|0x0000000089600000, 0x0000000089600000, 0x0000000089700000|  0%| F|  |TAMS 0x0000000089600000, 0x0000000089600000| Untracked 
| 151|0x0000000089700000, 0x0000000089700000, 0x0000000089800000|  0%| F|  |TAMS 0x0000000089700000, 0x0000000089700000| Untracked 
| 152|0x0000000089800000, 0x0000000089800000, 0x0000000089900000|  0%| F|  |TAMS 0x0000000089800000, 0x0000000089800000| Untracked 
| 153|0x0000000089900000, 0x0000000089900000, 0x0000000089a00000|  0%| F|  |TAMS 0x0000000089900000, 0x0000000089900000| Untracked 
| 154|0x0000000089a00000, 0x0000000089a00000, 0x0000000089b00000|  0%| F|  |TAMS 0x0000000089a00000, 0x0000000089a00000| Untracked 
| 155|0x0000000089b00000, 0x0000000089b00000, 0x0000000089c00000|  0%| F|  |TAMS 0x0000000089b00000, 0x0000000089b00000| Untracked 
| 156|0x0000000089c00000, 0x0000000089c00000, 0x0000000089d00000|  0%| F|  |TAMS 0x0000000089c00000, 0x0000000089c00000| Untracked 
| 157|0x0000000089d00000, 0x0000000089d00000, 0x0000000089e00000|  0%| F|  |TAMS 0x0000000089d00000, 0x0000000089d00000| Untracked 
| 158|0x0000000089e00000, 0x0000000089e00000, 0x0000000089f00000|  0%| F|  |TAMS 0x0000000089e00000, 0x0000000089e00000| Untracked 
| 159|0x0000000089f00000, 0x0000000089f00000, 0x000000008a000000|  0%| F|  |TAMS 0x0000000089f00000, 0x0000000089f00000| Untracked 
| 160|0x000000008a000000, 0x000000008a000000, 0x000000008a100000|  0%| F|  |TAMS 0x000000008a000000, 0x000000008a000000| Untracked 
| 161|0x000000008a100000, 0x000000008a100000, 0x000000008a200000|  0%| F|  |TAMS 0x000000008a100000, 0x000000008a100000| Untracked 
| 162|0x000000008a200000, 0x000000008a200000, 0x000000008a300000|  0%| F|  |TAMS 0x000000008a200000, 0x000000008a200000| Untracked 
| 163|0x000000008a300000, 0x000000008a300000, 0x000000008a400000|  0%| F|  |TAMS 0x000000008a300000, 0x000000008a300000| Untracked 
| 164|0x000000008a400000, 0x000000008a400000, 0x000000008a500000|  0%| F|  |TAMS 0x000000008a400000, 0x000000008a400000| Untracked 
| 165|0x000000008a500000, 0x000000008a500000, 0x000000008a600000|  0%| F|  |TAMS 0x000000008a500000, 0x000000008a500000| Untracked 
| 166|0x000000008a600000, 0x000000008a600000, 0x000000008a700000|  0%| F|  |TAMS 0x000000008a600000, 0x000000008a600000| Untracked 
| 167|0x000000008a700000, 0x000000008a700000, 0x000000008a800000|  0%| F|  |TAMS 0x000000008a700000, 0x000000008a700000| Untracked 
| 168|0x000000008a800000, 0x000000008a800000, 0x000000008a900000|  0%| F|  |TAMS 0x000000008a800000, 0x000000008a800000| Untracked 
| 169|0x000000008a900000, 0x000000008a900000, 0x000000008aa00000|  0%| F|  |TAMS 0x000000008a900000, 0x000000008a900000| Untracked 
| 170|0x000000008aa00000, 0x000000008aa29530, 0x000000008ab00000| 16%| S|CS|TAMS 0x000000008aa00000, 0x000000008aa00000| Complete 
| 171|0x000000008ab00000, 0x000000008ac00000, 0x000000008ac00000|100%| S|CS|TAMS 0x000000008ab00000, 0x000000008ab00000| Complete 
| 172|0x000000008ac00000, 0x000000008ad00000, 0x000000008ad00000|100%| S|CS|TAMS 0x000000008ac00000, 0x000000008ac00000| Complete 
| 173|0x000000008ad00000, 0x000000008ae00000, 0x000000008ae00000|100%| S|CS|TAMS 0x000000008ad00000, 0x000000008ad00000| Complete 
| 174|0x000000008ae00000, 0x000000008af00000, 0x000000008af00000|100%| S|CS|TAMS 0x000000008ae00000, 0x000000008ae00000| Complete 
| 175|0x000000008af00000, 0x000000008b000000, 0x000000008b000000|100%| S|CS|TAMS 0x000000008af00000, 0x000000008af00000| Complete 
| 176|0x000000008b000000, 0x000000008b000000, 0x000000008b100000|  0%| F|  |TAMS 0x000000008b000000, 0x000000008b000000| Untracked 
| 177|0x000000008b100000, 0x000000008b100000, 0x000000008b200000|  0%| F|  |TAMS 0x000000008b100000, 0x000000008b100000| Untracked 
| 178|0x000000008b200000, 0x000000008b200000, 0x000000008b300000|  0%| F|  |TAMS 0x000000008b200000, 0x000000008b200000| Untracked 
| 179|0x000000008b300000, 0x000000008b300000, 0x000000008b400000|  0%| F|  |TAMS 0x000000008b300000, 0x000000008b300000| Untracked 
| 180|0x000000008b400000, 0x000000008b400000, 0x000000008b500000|  0%| F|  |TAMS 0x000000008b400000, 0x000000008b400000| Untracked 
| 181|0x000000008b500000, 0x000000008b500000, 0x000000008b600000|  0%| F|  |TAMS 0x000000008b500000, 0x000000008b500000| Untracked 
| 182|0x000000008b600000, 0x000000008b600000, 0x000000008b700000|  0%| F|  |TAMS 0x000000008b600000, 0x000000008b600000| Untracked 
| 183|0x000000008b700000, 0x000000008b700000, 0x000000008b800000|  0%| F|  |TAMS 0x000000008b700000, 0x000000008b700000| Untracked 
| 184|0x000000008b800000, 0x000000008b800000, 0x000000008b900000|  0%| F|  |TAMS 0x000000008b800000, 0x000000008b800000| Untracked 
| 185|0x000000008b900000, 0x000000008b900000, 0x000000008ba00000|  0%| F|  |TAMS 0x000000008b900000, 0x000000008b900000| Untracked 
| 186|0x000000008ba00000, 0x000000008ba00000, 0x000000008bb00000|  0%| F|  |TAMS 0x000000008ba00000, 0x000000008ba00000| Untracked 
| 187|0x000000008bb00000, 0x000000008bb00000, 0x000000008bc00000|  0%| F|  |TAMS 0x000000008bb00000, 0x000000008bb00000| Untracked 
| 188|0x000000008bc00000, 0x000000008bc00000, 0x000000008bd00000|  0%| F|  |TAMS 0x000000008bc00000, 0x000000008bc00000| Untracked 
| 189|0x000000008bd00000, 0x000000008bd00000, 0x000000008be00000|  0%| F|  |TAMS 0x000000008bd00000, 0x000000008bd00000| Untracked 
| 190|0x000000008be00000, 0x000000008be00000, 0x000000008bf00000|  0%| F|  |TAMS 0x000000008be00000, 0x000000008be00000| Untracked 
| 191|0x000000008bf00000, 0x000000008bf00000, 0x000000008c000000|  0%| F|  |TAMS 0x000000008bf00000, 0x000000008bf00000| Untracked 
| 192|0x000000008c000000, 0x000000008c000000, 0x000000008c100000|  0%| F|  |TAMS 0x000000008c000000, 0x000000008c000000| Untracked 
| 193|0x000000008c100000, 0x000000008c100000, 0x000000008c200000|  0%| F|  |TAMS 0x000000008c100000, 0x000000008c100000| Untracked 
| 194|0x000000008c200000, 0x000000008c200000, 0x000000008c300000|  0%| F|  |TAMS 0x000000008c200000, 0x000000008c200000| Untracked 
| 195|0x000000008c300000, 0x000000008c300000, 0x000000008c400000|  0%| F|  |TAMS 0x000000008c300000, 0x000000008c300000| Untracked 
| 196|0x000000008c400000, 0x000000008c400000, 0x000000008c500000|  0%| F|  |TAMS 0x000000008c400000, 0x000000008c400000| Untracked 
| 197|0x000000008c500000, 0x000000008c500000, 0x000000008c600000|  0%| F|  |TAMS 0x000000008c500000, 0x000000008c500000| Untracked 
| 198|0x000000008c600000, 0x000000008c600000, 0x000000008c700000|  0%| F|  |TAMS 0x000000008c600000, 0x000000008c600000| Untracked 
| 199|0x000000008c700000, 0x000000008c700000, 0x000000008c800000|  0%| F|  |TAMS 0x000000008c700000, 0x000000008c700000| Untracked 
| 200|0x000000008c800000, 0x000000008c800000, 0x000000008c900000|  0%| F|  |TAMS 0x000000008c800000, 0x000000008c800000| Untracked 
| 201|0x000000008c900000, 0x000000008c900000, 0x000000008ca00000|  0%| F|  |TAMS 0x000000008c900000, 0x000000008c900000| Untracked 
| 202|0x000000008ca00000, 0x000000008ca00000, 0x000000008cb00000|  0%| F|  |TAMS 0x000000008ca00000, 0x000000008ca00000| Untracked 
| 203|0x000000008cb00000, 0x000000008cb00000, 0x000000008cc00000|  0%| F|  |TAMS 0x000000008cb00000, 0x000000008cb00000| Untracked 
| 204|0x000000008cc00000, 0x000000008cc00000, 0x000000008cd00000|  0%| F|  |TAMS 0x000000008cc00000, 0x000000008cc00000| Untracked 
| 205|0x000000008cd00000, 0x000000008cd00000, 0x000000008ce00000|  0%| F|  |TAMS 0x000000008cd00000, 0x000000008cd00000| Untracked 
| 206|0x000000008ce00000, 0x000000008ce00000, 0x000000008cf00000|  0%| F|  |TAMS 0x000000008ce00000, 0x000000008ce00000| Untracked 
| 207|0x000000008cf00000, 0x000000008cf00000, 0x000000008d000000|  0%| F|  |TAMS 0x000000008cf00000, 0x000000008cf00000| Untracked 
| 208|0x000000008d000000, 0x000000008d000000, 0x000000008d100000|  0%| F|  |TAMS 0x000000008d000000, 0x000000008d000000| Untracked 
| 209|0x000000008d100000, 0x000000008d100000, 0x000000008d200000|  0%| F|  |TAMS 0x000000008d100000, 0x000000008d100000| Untracked 
| 210|0x000000008d200000, 0x000000008d200000, 0x000000008d300000|  0%| F|  |TAMS 0x000000008d200000, 0x000000008d200000| Untracked 
| 211|0x000000008d300000, 0x000000008d300000, 0x000000008d400000|  0%| F|  |TAMS 0x000000008d300000, 0x000000008d300000| Untracked 
| 212|0x000000008d400000, 0x000000008d400000, 0x000000008d500000|  0%| F|  |TAMS 0x000000008d400000, 0x000000008d400000| Untracked 
| 213|0x000000008d500000, 0x000000008d500000, 0x000000008d600000|  0%| F|  |TAMS 0x000000008d500000, 0x000000008d500000| Untracked 
| 214|0x000000008d600000, 0x000000008d600000, 0x000000008d700000|  0%| F|  |TAMS 0x000000008d600000, 0x000000008d600000| Untracked 
| 215|0x000000008d700000, 0x000000008d700000, 0x000000008d800000|  0%| F|  |TAMS 0x000000008d700000, 0x000000008d700000| Untracked 
| 216|0x000000008d800000, 0x000000008d800000, 0x000000008d900000|  0%| F|  |TAMS 0x000000008d800000, 0x000000008d800000| Untracked 
| 217|0x000000008d900000, 0x000000008d900000, 0x000000008da00000|  0%| F|  |TAMS 0x000000008d900000, 0x000000008d900000| Untracked 
| 218|0x000000008da00000, 0x000000008da00000, 0x000000008db00000|  0%| F|  |TAMS 0x000000008da00000, 0x000000008da00000| Untracked 
| 219|0x000000008db00000, 0x000000008db00000, 0x000000008dc00000|  0%| F|  |TAMS 0x000000008db00000, 0x000000008db00000| Untracked 
| 220|0x000000008dc00000, 0x000000008dc00000, 0x000000008dd00000|  0%| F|  |TAMS 0x000000008dc00000, 0x000000008dc00000| Untracked 
| 221|0x000000008dd00000, 0x000000008dd00000, 0x000000008de00000|  0%| F|  |TAMS 0x000000008dd00000, 0x000000008dd00000| Untracked 
| 222|0x000000008de00000, 0x000000008de00000, 0x000000008df00000|  0%| F|  |TAMS 0x000000008de00000, 0x000000008de00000| Untracked 
| 223|0x000000008df00000, 0x000000008df80800, 0x000000008e000000| 50%| E|  |TAMS 0x000000008df00000, 0x000000008df00000| Complete 
| 251|0x000000008fb00000, 0x000000008fc00000, 0x000000008fc00000|100%| E|CS|TAMS 0x000000008fb00000, 0x000000008fb00000| Complete 
|2046|0x00000000ffe00000, 0x00000000fff00000, 0x00000000fff00000|100%| O|  |TAMS 0x00000000fff00000, 0x00000000ffe00000| Untracked 
|2047|0x00000000fff00000, 0x0000000100000000, 0x0000000100000000|100%| O|  |TAMS 0x0000000100000000, 0x00000000fff00000| Untracked 

Card table byte_map: [0x000001f772550000,0x000001f772950000] _byte_map_base: 0x000001f772150000

Marking Bits (Prev, Next): (CMBitMap*) 0x000001f75b3de180, (CMBitMap*) 0x000001f75b3de1c0
 Prev Bits: [0x000001f772d50000, 0x000001f774d50000)
 Next Bits: [0x000001f774d50000, 0x000001f776d50000)

Polling page: 0x000001f75ab60000

Metaspace:

Usage:
  Non-class:     67.82 MB used.
      Class:     10.73 MB used.
       Both:     78.56 MB used.

Virtual space:
  Non-class space:       72.00 MB reserved,      68.25 MB ( 95%) committed,  9 nodes.
      Class space:        1.00 GB reserved,      11.06 MB (  1%) committed,  1 nodes.
             Both:        1.07 GB reserved,      79.31 MB (  7%) committed. 

Chunk freelists:
   Non-Class:  2.84 MB
       Class:  944.00 KB
        Both:  3.77 MB

MaxMetaspaceSize: unlimited
CompressedClassSpaceSize: 1.00 GB
Initial GC threshold: 21.00 MB
Current GC threshold: 112.44 MB
CDS: on
MetaspaceReclaimPolicy: balanced
 - commit_granule_bytes: 65536.
 - commit_granule_words: 8192.
 - virtual_space_node_default_size: 1048576.
 - enlarge_chunks_in_place: 1.
 - new_chunks_are_fully_committed: 0.
 - uncommit_free_chunks: 1.
 - use_allocation_guard: 0.
 - handle_deallocations: 1.


Internal statistics:

num_allocs_failed_limit: 6.
num_arena_births: 820.
num_arena_deaths: 0.
num_vsnodes_births: 10.
num_vsnodes_deaths: 0.
num_space_committed: 1269.
num_space_uncommitted: 0.
num_chunks_returned_to_freelist: 6.
num_chunks_taken_from_freelist: 4048.
num_chunk_merges: 6.
num_chunk_splits: 2696.
num_chunks_enlarged: 1819.
num_purges: 0.
num_inconsistent_stats: 0.

CodeHeap 'non-profiled nmethods': size=120000Kb used=5132Kb max_used=5132Kb free=114867Kb
 bounds [0x000001f76a6d0000, 0x000001f76abe0000, 0x000001f771c00000]
CodeHeap 'profiled nmethods': size=120000Kb used=16806Kb max_used=16806Kb free=103193Kb
 bounds [0x000001f7631a0000, 0x000001f764210000, 0x000001f76a6d0000]
CodeHeap 'non-nmethods': size=5760Kb used=2404Kb max_used=2448Kb free=3355Kb
 bounds [0x000001f762c00000, 0x000001f762e80000, 0x000001f7631a0000]
 total_blobs=9243 nmethods=8316 adapters=839
 compilation: enabled
              stopped_count=0, restarted_count=0
 full_count=0

Compilation events (20 events):
Event: 7.682 Thread 0x000001f7799e9920 9098       3       org.gradle.api.internal.artifacts.ivyservice.resolveengine.graph.builder.EdgeState::getArtifacts (57 bytes)
Event: 7.683 Thread 0x000001f7799e9920 nmethod 9098 0x000001f764203a10 code [0x000001f764203ca0, 0x000001f764204a38]
Event: 7.683 Thread 0x000001f7799e9920 9100       3       org.gradle.api.internal.artifacts.ivyservice.resolveengine.oldresult.ResolvedConfigurationDependencyGraphVisitor::visitArtifacts (13 bytes)
Event: 7.683 Thread 0x000001f7799e9920 nmethod 9100 0x000001f764204e90 code [0x000001f7642050c0, 0x000001f764205a58]
Event: 7.683 Thread 0x000001f7799e9920 9101       3       org.gradle.api.internal.artifacts.ivyservice.resolveengine.oldresult.DefaultResolvedConfigurationBuilder::addChild (21 bytes)
Event: 7.684 Thread 0x000001f7799e9920 nmethod 9101 0x000001f764205e90 code [0x000001f7642060c0, 0x000001f7642069b8]
Event: 7.684 Thread 0x000001f7799e9920 9102       3       org.gradle.api.internal.artifacts.ivyservice.resolveengine.oldresult.TransientConfigurationResultsBuilder::parentChildMapping (18 bytes)
Event: 7.684 Thread 0x000001f7799e9920 nmethod 9102 0x000001f764206d90 code [0x000001f764206fa0, 0x000001f764207658]
Event: 7.684 Thread 0x000001f7799e9920 9105       3       org.gradle.api.internal.artifacts.ivyservice.resolveengine.oldresult.TransientConfigurationResultsBuilder$$Lambda$591/0x00000008011c6a40::<init> (20 bytes)
Event: 7.684 Thread 0x000001f7799e9920 nmethod 9105 0x000001f764207910 code [0x000001f764207ac0, 0x000001f764207cd8]
Event: 7.684 Thread 0x000001f7799e9920 9106       3       org.gradle.api.internal.artifacts.ivyservice.resolveengine.oldresult.TransientConfigurationResultsBuilder$$Lambda$591/0x00000008011c6a40::write (17 bytes)
Event: 7.685 Thread 0x000001f7799e9920 nmethod 9106 0x000001f764207d90 code [0x000001f764207f80, 0x000001f764208478]
Event: 7.685 Thread 0x000001f7799e9920 9107       3       org.gradle.api.internal.artifacts.ivyservice.resolveengine.oldresult.TransientConfigurationResultsBuilder::lambda$parentChildMapping$3 (35 bytes)
Event: 7.685 Thread 0x000001f7799e9920 nmethod 9107 0x000001f764208610 code [0x000001f7642087e0, 0x000001f764208c38]
Event: 7.685 Thread 0x000001f7799e9920 9108       3       org.gradle.api.internal.artifacts.ivyservice.resolveengine.result.FileDependencyCollectingGraphVisitor::visitArtifacts (1 bytes)
Event: 7.685 Thread 0x000001f7799e9920 nmethod 9108 0x000001f764208d90 code [0x000001f764208f20, 0x000001f764209038]
Event: 7.685 Thread 0x000001f7799e9920 9109       3       org.gradle.api.internal.artifacts.ivyservice.resolveengine.artifact.DefaultResolvedArtifactsBuilder::visitArtifacts (26 bytes)
Event: 7.685 Thread 0x000001f7799e9920 nmethod 9109 0x000001f764209110 code [0x000001f7642092c0, 0x000001f7642094b8]
Event: 7.685 Thread 0x000001f7799e9920 9104       3       org.gradle.internal.component.external.model.DefaultModuleComponentArtifactMetadata::getName (8 bytes)
Event: 7.685 Thread 0x000001f7799e9920 nmethod 9104 0x000001f764209610 code [0x000001f7642097a0, 0x000001f7642098d8]

GC Heap History (20 events):
Event: 4.885 GC heap before
{Heap before GC invocations=17 (full 0):
 garbage-first heap   total 157696K, used 116307K [0x0000000080000000, 0x0000000100000000)
  region size 1024K, 23 young (23552K), 2 survivors (2048K)
 Metaspace       used 47497K, committed 48128K, reserved 1097728K
  class space    used 6521K, committed 6784K, reserved 1048576K
}
Event: 4.887 GC heap after
{Heap after GC invocations=18 (full 0):
 garbage-first heap   total 212992K, used 95824K [0x0000000080000000, 0x0000000100000000)
  region size 1024K, 2 young (2048K), 2 survivors (2048K)
 Metaspace       used 47497K, committed 48128K, reserved 1097728K
  class space    used 6521K, committed 6784K, reserved 1048576K
}
Event: 5.292 GC heap before
{Heap before GC invocations=19 (full 0):
 garbage-first heap   total 212992K, used 140880K [0x0000000080000000, 0x0000000100000000)
  region size 1024K, 47 young (48128K), 2 survivors (2048K)
 Metaspace       used 54104K, committed 54720K, reserved 1097728K
  class space    used 7347K, committed 7616K, reserved 1048576K
}
Event: 5.294 GC heap after
{Heap after GC invocations=20 (full 0):
 garbage-first heap   total 212992K, used 99774K [0x0000000080000000, 0x0000000100000000)
  region size 1024K, 5 young (5120K), 5 survivors (5120K)
 Metaspace       used 54104K, committed 54720K, reserved 1097728K
  class space    used 7347K, committed 7616K, reserved 1048576K
}
Event: 5.570 GC heap before
{Heap before GC invocations=20 (full 0):
 garbage-first heap   total 212992K, used 149950K [0x0000000080000000, 0x0000000100000000)
  region size 1024K, 53 young (54272K), 5 survivors (5120K)
 Metaspace       used 56740K, committed 57344K, reserved 1105920K
  class space    used 7687K, committed 7936K, reserved 1048576K
}
Event: 5.575 GC heap after
{Heap after GC invocations=21 (full 0):
 garbage-first heap   total 212992K, used 103817K [0x0000000080000000, 0x0000000100000000)
  region size 1024K, 4 young (4096K), 4 survivors (4096K)
 Metaspace       used 56740K, committed 57344K, reserved 1105920K
  class space    used 7687K, committed 7936K, reserved 1048576K
}
Event: 5.914 GC heap before
{Heap before GC invocations=21 (full 0):
 garbage-first heap   total 212992K, used 155017K [0x0000000080000000, 0x0000000100000000)
  region size 1024K, 54 young (55296K), 4 survivors (4096K)
 Metaspace       used 60887K, committed 61504K, reserved 1105920K
  class space    used 8417K, committed 8704K, reserved 1048576K
}
Event: 5.918 GC heap after
{Heap after GC invocations=22 (full 0):
 garbage-first heap   total 212992K, used 107297K [0x0000000080000000, 0x0000000100000000)
  region size 1024K, 4 young (4096K), 4 survivors (4096K)
 Metaspace       used 60887K, committed 61504K, reserved 1105920K
  class space    used 8417K, committed 8704K, reserved 1048576K
}
Event: 6.460 GC heap before
{Heap before GC invocations=23 (full 0):
 garbage-first heap   total 212992K, used 176929K [0x0000000080000000, 0x0000000100000000)
  region size 1024K, 55 young (56320K), 4 survivors (4096K)
 Metaspace       used 65182K, committed 65920K, reserved 1105920K
  class space    used 9041K, committed 9408K, reserved 1048576K
}
Event: 6.463 GC heap after
{Heap after GC invocations=24 (full 0):
 garbage-first heap   total 212992K, used 133581K [0x0000000080000000, 0x0000000100000000)
  region size 1024K, 7 young (7168K), 7 survivors (7168K)
 Metaspace       used 65182K, committed 65920K, reserved 1105920K
  class space    used 9041K, committed 9408K, reserved 1048576K
}
Event: 6.478 GC heap before
{Heap before GC invocations=24 (full 0):
 garbage-first heap   total 212992K, used 136653K [0x0000000080000000, 0x0000000100000000)
  region size 1024K, 10 young (10240K), 7 survivors (7168K)
 Metaspace       used 65460K, committed 66176K, reserved 1105920K
  class space    used 9084K, committed 9408K, reserved 1048576K
}
Event: 6.480 GC heap after
{Heap after GC invocations=25 (full 0):
 garbage-first heap   total 212992K, used 133662K [0x0000000080000000, 0x0000000100000000)
  region size 1024K, 1 young (1024K), 1 survivors (1024K)
 Metaspace       used 65460K, committed 66176K, reserved 1105920K
  class space    used 9084K, committed 9408K, reserved 1048576K
}
Event: 6.702 GC heap before
{Heap before GC invocations=25 (full 0):
 garbage-first heap   total 212992K, used 169502K [0x0000000080000000, 0x0000000100000000)
  region size 1024K, 36 young (36864K), 1 survivors (1024K)
 Metaspace       used 68104K, committed 68864K, reserved 1114112K
  class space    used 9433K, committed 9792K, reserved 1048576K
}
Event: 6.704 GC heap after
{Heap after GC invocations=26 (full 0):
 garbage-first heap   total 212992K, used 135713K [0x0000000080000000, 0x0000000100000000)
  region size 1024K, 3 young (3072K), 3 survivors (3072K)
 Metaspace       used 68104K, committed 68864K, reserved 1114112K
  class space    used 9433K, committed 9792K, reserved 1048576K
}
Event: 7.112 GC heap before
{Heap before GC invocations=27 (full 0):
 garbage-first heap   total 232448K, used 171553K [0x0000000080000000, 0x0000000100000000)
  region size 1024K, 37 young (37888K), 3 survivors (3072K)
 Metaspace       used 75241K, committed 75968K, reserved 1114112K
  class space    used 10309K, committed 10688K, reserved 1048576K
}
Event: 7.114 GC heap after
{Heap after GC invocations=28 (full 0):
 garbage-first heap   total 232448K, used 137642K [0x0000000080000000, 0x0000000100000000)
  region size 1024K, 5 young (5120K), 5 survivors (5120K)
 Metaspace       used 75241K, committed 75968K, reserved 1114112K
  class space    used 10309K, committed 10688K, reserved 1048576K
}
Event: 7.162 GC heap before
{Heap before GC invocations=28 (full 0):
 garbage-first heap   total 232448K, used 143786K [0x0000000080000000, 0x0000000100000000)
  region size 1024K, 11 young (11264K), 5 survivors (5120K)
 Metaspace       used 75842K, committed 76544K, reserved 1122304K
  class space    used 10396K, committed 10752K, reserved 1048576K
}
Event: 7.164 GC heap after
{Heap after GC invocations=29 (full 0):
 garbage-first heap   total 232448K, used 137759K [0x0000000080000000, 0x0000000100000000)
  region size 1024K, 1 young (1024K), 1 survivors (1024K)
 Metaspace       used 75842K, committed 76544K, reserved 1122304K
  class space    used 10396K, committed 10752K, reserved 1048576K
}
Event: 7.663 GC heap before
{Heap before GC invocations=29 (full 0):
 garbage-first heap   total 232448K, used 186911K [0x0000000080000000, 0x0000000100000000)
  region size 1024K, 49 young (50176K), 1 survivors (1024K)
 Metaspace       used 80393K, committed 81088K, reserved 1122304K
  class space    used 10988K, committed 11328K, reserved 1048576K
}
Event: 7.666 GC heap after
{Heap after GC invocations=30 (full 0):
 garbage-first heap   total 232448K, used 142277K [0x0000000080000000, 0x0000000100000000)
  region size 1024K, 6 young (6144K), 6 survivors (6144K)
 Metaspace       used 80393K, committed 81088K, reserved 1122304K
  class space    used 10988K, committed 11328K, reserved 1048576K
}

Deoptimization events (20 events):
Event: 7.205 Thread 0x000001f77c119960 Uncommon trap: trap_request=0xffffff45 fr.pc=0x000001f76a6f0714 relative=0x0000000000000734
Event: 7.205 Thread 0x000001f77c119960 Uncommon trap: reason=unstable_if action=reinterpret pc=0x000001f76a6f0714 method=java.util.HashMap.putVal(ILjava/lang/Object;Ljava/lang/Object;ZZ)Ljava/lang/Object; @ 109 c2
Event: 7.205 Thread 0x000001f77c119960 DEOPT PACKING pc=0x000001f76a6f0714 sp=0x000000981bdf9570
Event: 7.205 Thread 0x000001f77c119960 DEOPT UNPACKING pc=0x000001f762c523a3 sp=0x000000981bdf9488 mode 2
Event: 7.205 Thread 0x000001f77c119960 Uncommon trap: trap_request=0xffffff45 fr.pc=0x000001f76a8ac69c relative=0x00000000000006bc
Event: 7.205 Thread 0x000001f77c119960 Uncommon trap: reason=unstable_if action=reinterpret pc=0x000001f76a8ac69c method=java.util.HashMap.putVal(ILjava/lang/Object;Ljava/lang/Object;ZZ)Ljava/lang/Object; @ 109 c2
Event: 7.205 Thread 0x000001f77c119960 DEOPT PACKING pc=0x000001f76a8ac69c sp=0x000000981bdf94c0
Event: 7.205 Thread 0x000001f77c119960 DEOPT UNPACKING pc=0x000001f762c523a3 sp=0x000000981bdf9478 mode 2
Event: 7.322 Thread 0x000001f77c119960 Uncommon trap: trap_request=0xffffff45 fr.pc=0x000001f76a70f580 relative=0x00000000000002c0
Event: 7.322 Thread 0x000001f77c119960 Uncommon trap: reason=unstable_if action=reinterpret pc=0x000001f76a70f580 method=org.gradle.internal.snapshot.PathUtil.equalChars(CCLorg/gradle/internal/snapshot/CaseSensitivity;)Z @ 11 c2
Event: 7.322 Thread 0x000001f77c119960 DEOPT PACKING pc=0x000001f76a70f580 sp=0x000000981bdf7f70
Event: 7.322 Thread 0x000001f77c119960 DEOPT UNPACKING pc=0x000001f762c523a3 sp=0x000000981bdf7f20 mode 2
Event: 7.452 Thread 0x000001f77c119960 Uncommon trap: trap_request=0xffffff45 fr.pc=0x000001f76a70510c relative=0x00000000000014ec
Event: 7.452 Thread 0x000001f77c119960 Uncommon trap: reason=unstable_if action=reinterpret pc=0x000001f76a70510c method=java.util.concurrent.ConcurrentHashMap.putVal(Ljava/lang/Object;Ljava/lang/Object;Z)Ljava/lang/Object; @ 162 c2
Event: 7.452 Thread 0x000001f77c119960 DEOPT PACKING pc=0x000001f76a70510c sp=0x000000981bdfb2b0
Event: 7.452 Thread 0x000001f77c119960 DEOPT UNPACKING pc=0x000001f762c523a3 sp=0x000000981bdfb248 mode 2
Event: 7.674 Thread 0x000001f77c119960 Uncommon trap: trap_request=0xffffffc6 fr.pc=0x000001f76aac88b4 relative=0x0000000000000174
Event: 7.674 Thread 0x000001f77c119960 Uncommon trap: reason=bimorphic_or_optimized_type_check action=maybe_recompile pc=0x000001f76aac88b4 method=com.google.common.collect.ImmutableList.hashCode()I @ 23 c2
Event: 7.674 Thread 0x000001f77c119960 DEOPT PACKING pc=0x000001f76aac88b4 sp=0x000000981bdf8720
Event: 7.674 Thread 0x000001f77c119960 DEOPT UNPACKING pc=0x000001f762c523a3 sp=0x000000981bdf86a8 mode 2

Classes unloaded (0 events):
No events

Classes redefined (0 events):
No events

Internal exceptions (20 events):
Event: 6.649 Thread 0x000001f77c119960 Exception <a 'java/lang/ClassNotFoundException'{0x000000008af291c0}: org/gradle/api/tasks/SourceSetCustomizer> (0x000000008af291c0) 
thrown [s\open\src\hotspot\share\classfile\systemDictionary.cpp, line 256]
Event: 6.650 Thread 0x000001f77c119960 Exception <a 'java/lang/ClassNotFoundException'{0x000000008af98420}: java/util/LinkedHashMapBeanInfo> (0x000000008af98420) 
thrown [s\open\src\hotspot\share\classfile\systemDictionary.cpp, line 256]
Event: 6.650 Thread 0x000001f77c119960 Exception <a 'java/lang/ClassNotFoundException'{0x000000008af9c998}: java/util/HashMapBeanInfo> (0x000000008af9c998) 
thrown [s\open\src\hotspot\share\classfile\systemDictionary.cpp, line 256]
Event: 6.651 Thread 0x000001f77c119960 Exception <a 'java/lang/ClassNotFoundException'{0x000000008afa1468}: java/util/AbstractMapBeanInfo> (0x000000008afa1468) 
thrown [s\open\src\hotspot\share\classfile\systemDictionary.cpp, line 256]
Event: 6.651 Thread 0x000001f77c119960 Exception <a 'java/lang/ClassNotFoundException'{0x000000008afa59e0}: java/util/AbstractMapCustomizer> (0x000000008afa59e0) 
thrown [s\open\src\hotspot\share\classfile\systemDictionary.cpp, line 256]
Event: 6.651 Thread 0x000001f77c119960 Exception <a 'java/lang/ClassNotFoundException'{0x000000008afb4128}: java/util/HashMapCustomizer> (0x000000008afb4128) 
thrown [s\open\src\hotspot\share\classfile\systemDictionary.cpp, line 256]
Event: 6.652 Thread 0x000001f77c119960 Exception <a 'java/lang/ClassNotFoundException'{0x000000008afd06a0}: java/util/LinkedHashMapCustomizer> (0x000000008afd06a0) 
thrown [s\open\src\hotspot\share\classfile\systemDictionary.cpp, line 256]
Event: 6.883 Thread 0x000001f77c119960 Exception <a 'sun/nio/fs/WindowsException'{0x000000008d55d6b8}> (0x000000008d55d6b8) 
thrown [s\open\src\hotspot\share\prims\jni.cpp, line 516]
Event: 6.884 Thread 0x000001f77c119960 Exception <a 'sun/nio/fs/WindowsException'{0x000000008d55db98}> (0x000000008d55db98) 
thrown [s\open\src\hotspot\share\prims\jni.cpp, line 516]
Event: 6.944 Thread 0x000001f77c119960 Exception <a 'java/lang/NullPointerException'{0x000000008cff8dd0}> (0x000000008cff8dd0) 
thrown [s\open\src\hotspot\share\interpreter\linkResolver.cpp, line 1433]
Event: 7.000 Thread 0x000001f77c119960 Implicit null exception at 0x000001f76aa498fb to 0x000001f76aa51c9c
Event: 7.103 Thread 0x000001f77c119960 Exception <a 'sun/nio/fs/WindowsException'{0x000000008bf58ec8}> (0x000000008bf58ec8) 
thrown [s\open\src\hotspot\share\prims\jni.cpp, line 516]
Event: 7.103 Thread 0x000001f77c119960 Exception <a 'sun/nio/fs/WindowsException'{0x000000008bf5a248}> (0x000000008bf5a248) 
thrown [s\open\src\hotspot\share\prims\jni.cpp, line 516]
Event: 7.103 Thread 0x000001f77c119960 Exception <a 'sun/nio/fs/WindowsException'{0x000000008bf5b600}> (0x000000008bf5b600) 
thrown [s\open\src\hotspot\share\prims\jni.cpp, line 516]
Event: 7.103 Thread 0x000001f77c119960 Exception <a 'sun/nio/fs/WindowsException'{0x000000008bf5c9b8}> (0x000000008bf5c9b8) 
thrown [s\open\src\hotspot\share\prims\jni.cpp, line 516]
Event: 7.199 Thread 0x000001f77c119960 Exception <a 'java/lang/NoSuchMethodError'{0x000000008dcce168}: 'int java.lang.invoke.DirectMethodHandle$Holder.invokeSpecialIFC(java.lang.Object, java.lang.Object, java.lang.Object)'> (0x000000008dcce168) 
thrown [s\open\src\hotspot\share\interpreter\linkResolver.cpp, line 759]
Event: 7.310 Thread 0x000001f77c119960 Exception <a 'java/lang/NoSuchMethodError'{0x000000008cbd3dc0}: 'void java.lang.invoke.DirectMethodHandle$Holder.invokeStatic(java.lang.Object, java.lang.Object, java.lang.Object, java.lang.Object, int, java.lang.Object, java.lang.Object)'> (0x000000008cbd3dc0) 
thrown [s\open\src\hotspot\share\interpreter\linkResolver.cpp, line 759]
Event: 7.319 Thread 0x000001f77c119960 Exception <a 'java/lang/IncompatibleClassChangeError'{0x000000008cac4240}: Found class java.lang.Object, but interface was expected> (0x000000008cac4240) 
thrown [s\open\src\hotspot\share\interpreter\linkResolver.cpp, line 826]
Event: 7.339 Thread 0x000001f70063bf10 Exception <a 'java/lang/IncompatibleClassChangeError'{0x000000008c869f38}: Found class java.lang.Object, but interface was expected> (0x000000008c869f38) 
thrown [s\open\src\hotspot\share\interpreter\linkResolver.cpp, line 826]
Event: 7.349 Thread 0x000001f70063bf10 Exception <a 'java/lang/NoSuchMethodError'{0x000000008c766fd8}: 'int java.lang.invoke.DirectMethodHandle$Holder.invokeStaticInit(java.lang.Object, java.lang.Object, java.lang.Object, java.lang.Object, java.lang.Object)'> (0x000000008c766fd8) 
thrown [s\open\src\hotspot\share\interpreter\linkResolver.cpp, line 759]

VM Operations (20 events):
Event: 7.117 Executing VM operation: HandshakeAllThreads done
Event: 7.162 Executing VM operation: G1CollectForAllocation
Event: 7.164 Executing VM operation: G1CollectForAllocation done
Event: 7.309 Executing VM operation: HandshakeAllThreads
Event: 7.309 Executing VM operation: HandshakeAllThreads done
Event: 7.311 Executing VM operation: HandshakeAllThreads
Event: 7.312 Executing VM operation: HandshakeAllThreads done
Event: 7.342 Executing VM operation: HandshakeAllThreads
Event: 7.342 Executing VM operation: HandshakeAllThreads done
Event: 7.361 Executing VM operation: ICBufferFull
Event: 7.361 Executing VM operation: ICBufferFull done
Event: 7.479 Executing VM operation: HandshakeAllThreads
Event: 7.479 Executing VM operation: HandshakeAllThreads done
Event: 7.520 Executing VM operation: ICBufferFull
Event: 7.520 Executing VM operation: ICBufferFull done
Event: 7.656 Executing VM operation: ICBufferFull
Event: 7.656 Executing VM operation: ICBufferFull done
Event: 7.663 Executing VM operation: G1CollectForAllocation
Event: 7.666 Executing VM operation: G1CollectForAllocation done
Event: 7.686 Executing VM operation: G1Concurrent

Events (20 events):
Event: 7.368 loading class javax/xml/stream/events/StartElement done
Event: 7.368 loading class com/sun/xml/internal/stream/events/StartElementEvent done
Event: 7.368 loading class com/sun/xml/internal/stream/events/NamespaceImpl
Event: 7.368 loading class javax/xml/stream/events/Namespace
Event: 7.368 loading class javax/xml/stream/events/Attribute
Event: 7.368 loading class javax/xml/stream/events/Attribute done
Event: 7.368 loading class javax/xml/stream/events/Namespace done
Event: 7.368 loading class com/sun/xml/internal/stream/events/AttributeImpl
Event: 7.368 loading class com/sun/xml/internal/stream/events/AttributeImpl done
Event: 7.368 loading class com/sun/xml/internal/stream/events/NamespaceImpl done
Event: 7.369 loading class com/sun/org/apache/xerces/internal/util/NamespaceSupport$Prefixes
Event: 7.369 loading class com/sun/org/apache/xerces/internal/util/NamespaceSupport$Prefixes done
Event: 7.369 loading class com/sun/xml/internal/stream/events/CharacterEvent
Event: 7.369 loading class javax/xml/stream/events/Characters
Event: 7.369 loading class javax/xml/stream/events/Characters done
Event: 7.369 loading class com/sun/xml/internal/stream/events/CharacterEvent done
Event: 7.369 loading class com/sun/xml/internal/stream/events/EndElementEvent
Event: 7.369 loading class javax/xml/stream/events/EndElement
Event: 7.369 loading class javax/xml/stream/events/EndElement done
Event: 7.369 loading class com/sun/xml/internal/stream/events/EndElementEvent done


Dynamic libraries:
0x00007ff7dc980000 - 0x00007ff7dc990000 	C:\Program Files\Java\jdk-17.0.5\bin\java.exe
0x00007ffc13160000 - 0x00007ffc13369000 	C:\windows\SYSTEM32\ntdll.dll
0x00007ffc11910000 - 0x00007ffc119ce000 	C:\windows\System32\KERNEL32.DLL
0x00007ffc10c60000 - 0x00007ffc10fdb000 	C:\windows\System32\KERNELBASE.dll
0x00007ffc10630000 - 0x00007ffc10741000 	C:\windows\System32\ucrtbase.dll
0x00007ffbfe6f0000 - 0x00007ffbfe708000 	C:\Program Files\Java\jdk-17.0.5\bin\jli.dll
0x00007ffbf0b40000 - 0x00007ffbf0b5a000 	C:\Program Files\Java\jdk-17.0.5\bin\VCRUNTIME140.dll
0x00007ffc12d90000 - 0x00007ffc12e3e000 	C:\windows\System32\ADVAPI32.dll
0x00007ffc12870000 - 0x00007ffc12913000 	C:\windows\System32\msvcrt.dll
0x00007ffc12680000 - 0x00007ffc1271e000 	C:\windows\System32\sechost.dll
0x00007ffc10fe0000 - 0x00007ffc11100000 	C:\windows\System32\RPCRT4.dll
0x00007ffc12f70000 - 0x00007ffc1311d000 	C:\windows\System32\USER32.dll
0x00007ffc10c30000 - 0x00007ffc10c56000 	C:\windows\System32\win32u.dll
0x00007ffc114d0000 - 0x00007ffc114f9000 	C:\windows\System32\GDI32.dll
0x00007ffc10750000 - 0x00007ffc10868000 	C:\windows\System32\gdi32full.dll
0x00007ffc109a0000 - 0x00007ffc10a3d000 	C:\windows\System32\msvcp_win.dll
0x00007ffbf0da0000 - 0x00007ffbf1045000 	C:\windows\WinSxS\amd64_microsoft.windows.common-controls_6595b64144ccf1df_6.0.22000.120_none_9d947278b86cc467\COMCTL32.dll
0x00007ffc05ff0000 - 0x00007ffc05ffa000 	C:\windows\SYSTEM32\VERSION.dll
0x00007ffc11100000 - 0x00007ffc11132000 	C:\windows\System32\IMM32.DLL
0x00007ffc0bef0000 - 0x00007ffc0befc000 	C:\Program Files\Java\jdk-17.0.5\bin\vcruntime140_1.dll
0x00007ffbd4ba0000 - 0x00007ffbd4c2d000 	C:\Program Files\Java\jdk-17.0.5\bin\msvcp140.dll
0x00007ffbc1f40000 - 0x00007ffbc2b02000 	C:\Program Files\Java\jdk-17.0.5\bin\server\jvm.dll
0x00007ffc12e40000 - 0x00007ffc12e48000 	C:\windows\System32\PSAPI.DLL
0x00007ffbccca0000 - 0x00007ffbccca9000 	C:\windows\SYSTEM32\WSOCK32.dll
0x00007ffc0a150000 - 0x00007ffc0a183000 	C:\windows\SYSTEM32\WINMM.dll
0x00007ffc112a0000 - 0x00007ffc1130f000 	C:\windows\System32\WS2_32.dll
0x00007ffc0f7a0000 - 0x00007ffc0f7b8000 	C:\windows\SYSTEM32\kernel.appcore.dll
0x00007ffc09cd0000 - 0x00007ffc09cda000 	C:\Program Files\Java\jdk-17.0.5\bin\jimage.dll
0x00007ffc0db70000 - 0x00007ffc0dd91000 	C:\windows\SYSTEM32\DBGHELP.DLL
0x00007ffbfa180000 - 0x00007ffbfa1b1000 	C:\windows\SYSTEM32\dbgcore.DLL
0x00007ffc10bb0000 - 0x00007ffc10c2f000 	C:\windows\System32\bcryptPrimitives.dll
0x00007ffbe5560000 - 0x00007ffbe5585000 	C:\Program Files\Java\jdk-17.0.5\bin\java.dll
0x00007ffbc8680000 - 0x00007ffbc8756000 	C:\Program Files\Java\jdk-17.0.5\bin\jsvml.dll
0x00007ffc11ec0000 - 0x00007ffc12678000 	C:\windows\System32\SHELL32.dll
0x00007ffc0e730000 - 0x00007ffc0ef95000 	C:\windows\SYSTEM32\windows.storage.dll
0x00007ffc11500000 - 0x00007ffc11878000 	C:\windows\System32\combase.dll
0x00007ffc0e5c0000 - 0x00007ffc0e726000 	C:\windows\SYSTEM32\wintypes.dll
0x00007ffc12be0000 - 0x00007ffc12cca000 	C:\windows\System32\SHCORE.dll
0x00007ffc12920000 - 0x00007ffc1297d000 	C:\windows\System32\shlwapi.dll
0x00007ffc10560000 - 0x00007ffc10581000 	C:\windows\SYSTEM32\profapi.dll
0x00007ffbf0b20000 - 0x00007ffbf0b39000 	C:\Program Files\Java\jdk-17.0.5\bin\net.dll
0x00007ffc0c300000 - 0x00007ffc0c414000 	C:\windows\SYSTEM32\WINHTTP.dll
0x00007ffc0fc40000 - 0x00007ffc0fca7000 	C:\windows\system32\mswsock.dll
0x00007ffbf03c0000 - 0x00007ffbf03d6000 	C:\Program Files\Java\jdk-17.0.5\bin\nio.dll
0x00007ffbeca40000 - 0x00007ffbeca58000 	C:\Program Files\Java\jdk-17.0.5\bin\zip.dll
0x00007ffbff8f0000 - 0x00007ffbff900000 	C:\Program Files\Java\jdk-17.0.5\bin\verify.dll
0x00007ffbff880000 - 0x00007ffbff8a7000 	C:\Users\HADI\.gradle\native\e1d6ef7f7dcc3fd88c89a11ec53ec762bb8ba0a96d01ffa2cd45eb1d1d8dd5c5\windows-amd64\native-platform.dll
0x00007ffbc69a0000 - 0x00007ffbc6ae4000 	C:\Users\HADI\.gradle\native\5664cfc778a61ccfe75a443a1ab52a65af34e5dc3c78e0209fed803814484fcb\windows-amd64\native-platform-file-events.dll
0x00007ffbff8d0000 - 0x00007ffbff8d9000 	C:\Program Files\Java\jdk-17.0.5\bin\management.dll
0x00007ffbfe680000 - 0x00007ffbfe68b000 	C:\Program Files\Java\jdk-17.0.5\bin\management_ext.dll
0x00007ffc0fe90000 - 0x00007ffc0fea8000 	C:\windows\SYSTEM32\CRYPTSP.dll
0x00007ffc0f700000 - 0x00007ffc0f735000 	C:\windows\system32\rsaenh.dll
0x00007ffc0fd30000 - 0x00007ffc0fd59000 	C:\windows\SYSTEM32\USERENV.dll
0x00007ffc10010000 - 0x00007ffc10037000 	C:\windows\SYSTEM32\bcrypt.dll
0x00007ffc0fe80000 - 0x00007ffc0fe8c000 	C:\windows\SYSTEM32\CRYPTBASE.dll
0x00007ffc0f2d0000 - 0x00007ffc0f2fd000 	C:\windows\SYSTEM32\IPHLPAPI.DLL
0x00007ffc111a0000 - 0x00007ffc111a9000 	C:\windows\System32\NSI.dll
0x00007ffc0a130000 - 0x00007ffc0a149000 	C:\windows\SYSTEM32\dhcpcsvc6.DLL
0x00007ffc0a2e0000 - 0x00007ffc0a2fe000 	C:\windows\SYSTEM32\dhcpcsvc.DLL
0x00007ffc0f340000 - 0x00007ffc0f428000 	C:\windows\SYSTEM32\DNSAPI.dll
0x00007ffbf1150000 - 0x00007ffbf115e000 	C:\Program Files\Java\jdk-17.0.5\bin\sunmscapi.dll
0x00007ffc10a40000 - 0x00007ffc10ba2000 	C:\windows\System32\CRYPT32.dll
0x00007ffc0ffe0000 - 0x00007ffc10008000 	C:\windows\SYSTEM32\ncrypt.dll
0x00007ffc0ffa0000 - 0x00007ffc0ffd7000 	C:\windows\SYSTEM32\NTASN1.dll
0x00007ffbedb10000 - 0x00007ffbedb18000 	C:\windows\system32\wshunix.dll

dbghelp: loaded successfully - version: 4.0.5 - missing functions: none
symbol engine: initialized successfully - sym options: 0x614 - pdb path: .;C:\Program Files\Java\jdk-17.0.5\bin;C:\windows\SYSTEM32;C:\windows\WinSxS\amd64_microsoft.windows.common-controls_6595b64144ccf1df_6.0.22000.120_none_9d947278b86cc467;C:\Program Files\Java\jdk-17.0.5\bin\server;C:\Users\HADI\.gradle\native\e1d6ef7f7dcc3fd88c89a11ec53ec762bb8ba0a96d01ffa2cd45eb1d1d8dd5c5\windows-amd64;C:\Users\HADI\.gradle\native\5664cfc778a61ccfe75a443a1ab52a65af34e5dc3c78e0209fed803814484fcb\windows-amd64

VM Arguments:
jvm_args: --add-opens=java.base/java.util=ALL-UNNAMED --add-opens=java.base/java.lang=ALL-UNNAMED --add-opens=java.base/java.lang.invoke=ALL-UNNAMED --add-opens=java.base/java.util=ALL-UNNAMED --add-opens=java.prefs/java.util.prefs=ALL-UNNAMED --add-opens=java.prefs/java.util.prefs=ALL-UNNAMED --add-opens=java.base/java.nio.charset=ALL-UNNAMED --add-opens=java.base/java.net=ALL-UNNAMED --add-opens=java.base/java.util.concurrent.atomic=ALL-UNNAMED -Xmx2048m -Dfile.encoding=UTF-8 -Duser.country=US -Duser.language=en -Duser.variant 
java_command: org.gradle.launcher.daemon.bootstrap.GradleDaemon 7.3.3
java_class_path (initial): C:\Users\HADI\.gradle\wrapper\dists\gradle-7.3.3-bin\6a41zxkdtcxs8rphpq6y0069z\gradle-7.3.3\lib\gradle-launcher-7.3.3.jar
Launcher Type: SUN_STANDARD

[Global flags]
     intx CICompilerCount                          = 4                                         {product} {ergonomic}
     uint ConcGCThreads                            = 3                                         {product} {ergonomic}
     uint G1ConcRefinementThreads                  = 10                                        {product} {ergonomic}
   size_t G1HeapRegionSize                         = 1048576                                   {product} {ergonomic}
    uintx GCDrainStackTargetSize                   = 64                                        {product} {ergonomic}
   size_t InitialHeapSize                          = 264241152                                 {product} {ergonomic}
   size_t MarkStackSize                            = 4194304                                   {product} {ergonomic}
   size_t MaxHeapSize                              = 2147483648                                {product} {command line}
   size_t MaxNewSize                               = 1287651328                                {product} {ergonomic}
   size_t MinHeapDeltaBytes                        = 1048576                                   {product} {ergonomic}
   size_t MinHeapSize                              = 8388608                                   {product} {ergonomic}
    uintx NonNMethodCodeHeapSize                   = 5839372                                {pd product} {ergonomic}
    uintx NonProfiledCodeHeapSize                  = 122909434                              {pd product} {ergonomic}
    uintx ProfiledCodeHeapSize                     = 122909434                              {pd product} {ergonomic}
    uintx ReservedCodeCacheSize                    = 251658240                              {pd product} {ergonomic}
     bool SegmentedCodeCache                       = true                                      {product} {ergonomic}
   size_t SoftMaxHeapSize                          = 2147483648                             {manageable} {ergonomic}
     bool UseCompressedClassPointers               = true                           {product lp64_product} {ergonomic}
     bool UseCompressedOops                        = true                           {product lp64_product} {ergonomic}
     bool UseG1GC                                  = true                                      {product} {ergonomic}
     bool UseLargePagesIndividualAllocation        = false                                  {pd product} {ergonomic}

Logging:
Log output configuration:
 #0: stdout all=warning uptime,level,tags
 #1: stderr all=off uptime,level,tags

Environment Variables:
JAVA_HOME=C:\Program Files\Java\jdk-17.0.5
PATH=C:\Program Files\Common Files\Oracle\Java\javapath;C:\windows\system32;C:\windows;C:\windows\System32\Wbem;C:\windows\System32\WindowsPowerShell\v1.0\;C:\windows\System32\OpenSSH\;C:\Program Files (x86)\NVIDIA Corporation\PhysX\Common;C:\Program Files\NVIDIA Corporation\NVIDIA NvDLISR;C:\Program Files\apache-maven-3.8.6\bin;C:\Program Files\Microsoft VS Code\bin;%JAVA_HOME%\bin;C:\Program Files\Git\cmd;C:\Users\HADI\AppData\Local\Microsoft\WindowsApps;";C:\Program Files (x86)\Git\bin";
USERNAME=HADI
OS=Windows_NT
PROCESSOR_IDENTIFIER=Intel64 Family 6 Model 154 Stepping 3, GenuineIntel



---------------  S Y S T E M  ---------------

OS:
 Windows 11 , 64 bit Build 22000 (10.0.22000.1219)
OS uptime: 0 days 2:11 hours

CPU: total 12 (initial active 12) (6 cores per cpu, 2 threads per core) family 6 model 154 stepping 3 microcode 0x41b, cx8, cmov, fxsr, ht, mmx, 3dnowpref, sse, sse2, sse3, ssse3, sse4.1, sse4.2, popcnt, lzcnt, tsc, tscinvbit, avx, avx2, aes, erms, clmul, bmi1, bmi2, adx, sha, fma, vzeroupper, clflush, clflushopt, clwb

Memory: 4k page, system-wide physical 16052M (263M free)
TotalPageFile size 65204M (AvailPageFile size 10M)
current process WorkingSet (physical memory assigned to process): 491M, peak: 494M
current process commit charge ("private bytes"): 541M, peak: 551M

vm_info: Java HotSpot(TM) 64-Bit Server VM (17.0.5+9-LTS-191) for windows-amd64 JRE (17.0.5+9-LTS-191), built on Sep 13 2022 17:31:43 by "mach5one" with MS VC++ 16.8 / 16.9 (VS2019)

END.
